MPASM 5.76                        LETRAS.ASM   12-15-2017  15:56:04         PAGE  1


LOC  OBJECT CODE     LINE SOURCE TEXT
  VALUE

                      00001     LIST P=16F877A
                      00002     
                      00003     INCLUDE<P16F877A.INC>
                      00001         LIST
                      00002 
                      00003 ;==========================================================================
                      00004 ; Build date : Sep 19 2017
                      00005 ;  MPASM PIC16F877A processor include
                      00006 ; 
                      00007 ;  (c) Copyright 1999-2017 Microchip Technology, All rights reserved
                      00008 ;==========================================================================
                      00009 
                      00567         LIST
                      00004     
2007   3F71           00005     __CONFIG _WDT_OFF & _PWRTE_ON & _XT_OSC & _LVP_OFF & _CP_OFF
                      00006     
                      00007     CBLOCK 0X020
                      00008     
                      00009     ENDC
                      00010     
                      00011     ORG 0
                      00012     
0000   1683           00013     BSF STATUS, RP0
                      00014     
0001   0187           00015     CLRF PORTC
                      00016     
0002   0188           00017     CLRF PORTD
                      00018     
0003   1405           00019     BSF PORTA, 0
                      00020     
0004   3006           00021     MOVLW 0X06
                      00022     
Message[302]: Register in operand not in bank 0.  Ensure that bank bits are correct.
0005   009F           00023     MOVWF ADCON1
                      00024     
0006   1283           00025     BCF STATUS, RP0
                      00026     
0007                  00027 E0
                      00028     
0007   3000           00029     MOVLW B'00000000'
                      00030     
0008   0087           00031     MOVWF PORTC
                      00032     
0009   0088           00033     MOVWF PORTD
                      00034     
000A                  00035 E1
                      00036   
000A   1C05           00037     BTFSS PORTA, 0
                      00038     
000B   2???           00039     GOTO E1
                      00040     
000C   3077           00041     MOVLW B'01110111'
                      00042     
MPASM 5.76                        LETRAS.ASM   12-15-2017  15:56:04         PAGE  2


LOC  OBJECT CODE     LINE SOURCE TEXT
  VALUE

000D   0087           00043     MOVWF PORTC
                      00044     
000E   3000           00045     MOVLW B'00000000'
                      00046     
000F   0088           00047     MOVWF PORTD
                      00048     
0010   2???           00049     CALL Retardo_500ms
                      00050     
0011                  00051 E2
                      00052     
0011   1C05           00053     BTFSS PORTA, 0
                      00054     
0012   2???           00055     GOTO E2
                      00056     
0013   3077           00057     MOVLW B'01110111'
                      00058     
0014   0087           00059     MOVWF PORTC
                      00060     
0015   307F           00061     MOVLW B'01111111'
                      00062     
0016   0088           00063     MOVWF PORTD
                      00064     
0017   2???           00065     CALL Retardo_500ms
                      00066     
0018                  00067 E3
                      00068     
0018   1C05           00069     BTFSS PORTA, 0
                      00070     
0019   2???           00071     GOTO E3
                      00072     
001A   3039           00073     MOVLW B'00111001'
                      00074     
001B   0087           00075     MOVWF PORTC
                      00076     
001C   307F           00077     MOVLW B'01111111'
                      00078     
001D   0088           00079     MOVWF PORTD
                      00080     
001E   2???           00081     CALL Retardo_500ms
                      00082     
001F                  00083 E4
                      00084     
001F   1C05           00085     BTFSS PORTA, 0
                      00086     
0020   2???           00087     GOTO E4
                      00088     
0021   3039           00089     MOVLW B'00111001'
                      00090     
0022   0087           00091     MOVWF PORTC
                      00092     
0023   303F           00093     MOVLW B'00111111'
                      00094     
0024   0088           00095     MOVWF PORTD
MPASM 5.76                        LETRAS.ASM   12-15-2017  15:56:04         PAGE  3


LOC  OBJECT CODE     LINE SOURCE TEXT
  VALUE

                      00096     
0025   2???           00097     CALL Retardo_500ms
                      00098     
0026                  00099 E5
                      00100     
0026   1C05           00101     BTFSS PORTA, 0
                      00102     
0027   2???           00103     GOTO E5
                      00104     
0028   3077           00105     MOVLW B'01110111'
                      00106     
0029   0087           00107     MOVWF PORTC
                      00108     
002A   303F           00109     MOVLW B'00111111'
                      00110     
002B   0088           00111     MOVWF PORTD
                      00112     
002C   2???           00113     CALL Retardo_500ms
                      00114     
002D   2???           00115     GOTO E2
                      00116     
                      00117     INCLUDE<RETARDOS.INC>
                      00001 ;**************************** Librería "RETARDOS.INC" *********************************
                      00002 ;
                      00003 ;       ===================================================================
                      00004 ;         Del libro "MICROCONTROLADOR PIC16F84. DESARROLLO DE PROYECTOS"
                      00005 ;         E. Palacios, F. Remiro y L. López.            www.pic16f84a.com
                      00006 ;         Editorial Ra-Ma.  www.ra-ma.es
                      00007 ;       ===================================================================
                      00008 ;
                      00009 ; Librería con múltiples subrutinas de retardos, desde 4 microsegundos hasta 20 segundos. 
                      00010 ; Además se pueden implementar otras subrutinas muy fácilmente.
                      00011 ;
                      00012 ; Se han calculado para un sistema microcontrolador con un PIC trabajando con un cristal
                      00013 ; de cuarzo a 4 MHz. Como cada ciclo máquina son 4 ciclos de reloj, resulta que cada
                      00014 ; ciclo máquina tarda 4 x 1/4MHz = 1 µs.
                      00015 ;
                      00016 ; En los comentarios, "cm" significa "ciclos máquina".
                      00017 ;
                      00018 ; ZONA DE DATOS *********************************************************************
                      00019 
                      00020         CBLOCK
  00000020            00021         R_ContA                                         ; Contadores para los retardos.
  00000021            00022         R_ContB
  00000022            00023         R_ContC
                      00024         ENDC
                      00025 ;
                      00026 ; RETARDOS de 4 hasta 10 microsegundos ---------------------------------------------------
                      00027 ;
                      00028 ; A continuación retardos pequeños teniendo en cuenta que para una frecuencia de 4 MHZ,
                      00029 ; la llamada a subrutina "call" tarda 2 ciclos máquina, el retorno de subrutina
                      00030 ; "return" toma otros 2 ciclos máquina y cada instrucción "nop" tarda 1 ciclo máquina.
                      00031 ;
MPASM 5.76                        LETRAS.ASM   12-15-2017  15:56:04         PAGE  4


LOC  OBJECT CODE     LINE SOURCE TEXT
  VALUE

002E                  00032 Retardo_10micros                                ; La llamada "call" aporta 2 ciclos máquina.
002E   0000           00033         nop                                                     ; Aporta 1 ciclo máquina.
002F   0000           00034         nop                                                     ; Aporta 1 ciclo máquina.
0030   0000           00035         nop                                                     ; Aporta 1 ciclo máquina.
0031   0000           00036         nop                                                     ; Aporta 1 ciclo máquina.
0032   0000           00037         nop                                                     ; Aporta 1 ciclo máquina.
0033                  00038 Retardo_5micros                                 ; La llamada "call" aporta 2 ciclos máquina.
0033   0000           00039         nop                                                     ; Aporta 1 ciclo máquina.
0034                  00040 Retardo_4micros                                 ; La llamada "call" aporta 2 ciclos máquina.
0034   0008           00041         return                                          ; El salto del retorno aporta 2 ciclos máquina.
                      00042 ;
                      00043 ; RETARDOS de 20 hasta 500 microsegundos ------------------------------------------------
                      00044 ;
0035                  00045 Retardo_500micros                               ; La llamada "call" aporta 2 ciclos máquina.
0035   0000           00046         nop                                                     ; Aporta 1 ciclo máquina.
0036   30A4           00047         movlw   d'164'                          ; Aporta 1 ciclo máquina. Este es el valor de "K".
0037   2???           00048         goto    RetardoMicros           ; Aporta 2 ciclos máquina.
0038                  00049 Retardo_200micros                               ; La llamada "call" aporta 2 ciclos máquina.
0038   0000           00050         nop                                                     ; Aporta 1 ciclo máquina.
0039   3040           00051         movlw   d'64'                           ; Aporta 1 ciclo máquina. Este es el valor de "K".
003A   2???           00052         goto    RetardoMicros           ; Aporta 2 ciclos máquina.
003B                  00053 Retardo_100micros                               ; La llamada "call" aporta 2 ciclos máquina.
003B   301F           00054         movlw   d'31'                           ; Aporta 1 ciclo máquina. Este es el valor de "K".
003C   2???           00055         goto    RetardoMicros           ; Aporta 2 ciclos máquina.
003D                  00056 Retardo_50micros                                ; La llamada "call" aporta 2 ciclos máquina.
003D   0000           00057         nop                                                     ; Aporta 1 ciclo máquina.
003E   300E           00058         movlw   d'14'                           ; Aporta 1 ciclo máquina. Este es el valor de "K".
003F   2???           00059         goto    RetardoMicros           ; Aporta 2 ciclos máquina.
0040                  00060 Retardo_20micros                                ; La llamada "call" aporta 2 ciclos máquina.
0040   3005           00061         movlw   d'5'                            ; Aporta 1 ciclo máquina. Este es el valor de "K".
                      00062 ;
                      00063 ; El próximo bloque "RetardoMicros" tarda:
                      00064 ; 1 + (K-1) + 2 + (K-1)x2 + 2 = (2 + 3K) ciclos máquina.
                      00065 ;
0041                  00066 RetardoMicros
0041   00A0           00067         movwf   R_ContA                         ; Aporta 1 ciclo máquina.
0042                  00068 Rmicros_Bucle
0042   0BA0           00069         decfsz  R_ContA,F                       ; (K-1)x1 cm (cuando no salta) + 2 cm (al saltar).
0043   2???           00070         goto    Rmicros_Bucle           ; Aporta (K-1)x2 ciclos máquina.
0044   0008           00071         return                                          ; El salto del retorno aporta 2 ciclos máquina.
                      00072 ;
                      00073 ;En total estas subrutinas tardan:
                      00074 ; - Retardo_500micros:  2 + 1 + 1 + 2 + (2 + 3K) = 500 cm = 500 µs. (para K=164 y 4 MHz).
                      00075 ; - Retardo_200micros:  2 + 1 + 1 + 2 + (2 + 3K) = 200 cm = 200 µs. (para K= 64 y 4 MHz).
                      00076 ; - Retardo_100micros:  2     + 1 + 2 + (2 + 3K) = 100 cm = 100 µs. (para K= 31 y 4 MHz).
                      00077 ; - Retardo_50micros :  2 + 1 + 1 + 2 + (2 + 3K) =  50 cm =  50 µs. (para K= 14 y 4 MHz).
                      00078 ; - Retardo_20micros :  2     + 1     + (2 + 3K) =  20 cm =  20 µs. (para K=  5 y 4 MHz).
                      00079 ;
                      00080 ; RETARDOS de 1 ms hasta 200 ms. --------------------------------------------------------
                      00081 ;
0045                  00082 Retardo_200ms                                   ; La llamada "call" aporta 2 ciclos máquina.
0045   30C8           00083         movlw   d'200'                          ; Aporta 1 ciclo máquina. Este es el valor de "M".
0046   2???           00084         goto    Retardos_ms                     ; Aporta 2 ciclos máquina.
MPASM 5.76                        LETRAS.ASM   12-15-2017  15:56:04         PAGE  5


LOC  OBJECT CODE     LINE SOURCE TEXT
  VALUE

0047                  00085 Retardo_100ms                                   ; La llamada "call" aporta 2 ciclos máquina.
0047   3064           00086         movlw   d'100'                          ; Aporta 1 ciclo máquina. Este es el valor de "M".
0048   2???           00087         goto    Retardos_ms                     ; Aporta 2 ciclos máquina.
0049                  00088 Retardo_50ms                                    ; La llamada "call" aporta 2 ciclos máquina.
0049   3032           00089         movlw   d'50'                           ; Aporta 1 ciclo máquina. Este es el valor de "M".
004A   2???           00090         goto    Retardos_ms                     ; Aporta 2 ciclos máquina.
004B                  00091 Retardo_20ms                                    ; La llamada "call" aporta 2 ciclos máquina.
004B   3014           00092         movlw   d'20'                           ; Aporta 1 ciclo máquina. Este es el valor de "M".
004C   2???           00093         goto    Retardos_ms                     ; Aporta 2 ciclos máquina.
004D                  00094 Retardo_10ms                                    ; La llamada "call" aporta 2 ciclos máquina.
004D   300A           00095         movlw   d'10'                           ; Aporta 1 ciclo máquina. Este es el valor de "M".
004E   2???           00096         goto    Retardos_ms                     ; Aporta 2 ciclos máquina.
004F                  00097 Retardo_5ms                                             ; La llamada "call" aporta 2 ciclos máquina.
004F   3005           00098         movlw   d'5'                            ; Aporta 1 ciclo máquina. Este es el valor de "M".
0050   2???           00099         goto    Retardos_ms                     ; Aporta 2 ciclos máquina.
0051                  00100 Retardo_2ms                                             ; La llamada "call" aporta 2 ciclos máquina.
0051   3002           00101         movlw   d'2'                            ; Aporta 1 ciclo máquina. Este es el valor de "M".
0052   2???           00102         goto    Retardos_ms                     ; Aporta 2 ciclos máquina.
0053                  00103 Retardo_1ms                                             ; La llamada "call" aporta 2 ciclos máquina.
0053   3001           00104         movlw   d'1'                            ; Aporta 1 ciclo máquina. Este es el valor de "M".
                      00105 ;
                      00106 ; El próximo bloque "Retardos_ms" tarda:
                      00107 ; 1 + M + M + KxM + (K-1)xM + Mx2 + (K-1)Mx2 + (M-1) + 2 + (M-1)x2 + 2 =
                      00108 ; = (2 + 4M + 4KM) ciclos máquina. Para K=249 y M=1 supone 1002 ciclos máquina
                      00109 ; que a 4 MHz son 1002 µs = 1 ms.
                      00110 ;
0054                  00111 Retardos_ms
0054   00A1           00112         movwf   R_ContB                         ; Aporta 1 ciclo máquina.
0055                  00113 R1ms_BucleExterno
0055   30F9           00114         movlw   d'249'                          ; Aporta Mx1 ciclos máquina. Este es el valor de "K".
0056   00A0           00115         movwf   R_ContA                         ; Aporta Mx1 ciclos máquina.
0057                  00116 R1ms_BucleInterno
0057   0000           00117         nop                                                     ; Aporta KxMx1 ciclos máquina.
0058   0BA0           00118         decfsz  R_ContA,F                       ; (K-1)xMx1 cm (cuando no salta) + Mx2 cm (al saltar).
0059   2???           00119         goto    R1ms_BucleInterno       ; Aporta (K-1)xMx2 ciclos máquina.
005A   0BA1           00120         decfsz  R_ContB,F                       ; (M-1)x1 cm (cuando no salta) + 2 cm (al saltar).
005B   2???           00121         goto    R1ms_BucleExterno       ; Aporta (M-1)x2 ciclos máquina.
005C   0008           00122         return                                          ; El salto del retorno aporta 2 ciclos máquina.
                      00123 ;
                      00124 ;En total estas subrutinas tardan:
                      00125 ; - Retardo_200ms:      2 + 1 + 2 + (2 + 4M + 4KM) = 200007 cm = 200 ms. (M=200 y K=249).
                      00126 ; - Retardo_100ms:      2 + 1 + 2 + (2 + 4M + 4KM) = 100007 cm = 100 ms. (M=100 y K=249).
                      00127 ; - Retardo_50ms :      2 + 1 + 2 + (2 + 4M + 4KM) =  50007 cm =  50 ms. (M= 50 y K=249).
                      00128 ; - Retardo_20ms :      2 + 1 + 2 + (2 + 4M + 4KM) =  20007 cm =  20 ms. (M= 20 y K=249).
                      00129 ; - Retardo_10ms :      2 + 1 + 2 + (2 + 4M + 4KM) =  10007 cm =  10 ms. (M= 10 y K=249).
                      00130 ; - Retardo_5ms  :      2 + 1 + 2 + (2 + 4M + 4KM) =   5007 cm =   5 ms. (M=  5 y K=249).
                      00131 ; - Retardo_2ms  :      2 + 1 + 2 + (2 + 4M + 4KM) =   2007 cm =   2 ms. (M=  2 y K=249).
                      00132 ; - Retardo_1ms  :      2 + 1     + (2 + 4M + 4KM) =   1005 cm =   1 ms. (M=  1 y K=249).
                      00133 ;
                      00134 ; RETARDOS de 0.5 hasta 20 segundos ---------------------------------------------------
                      00135 ;
005D                  00136 Retardo_20s                                             ; La llamada "call" aporta 2 ciclos máquina.
005D   30C8           00137         movlw   d'200'                          ; Aporta 1 ciclo máquina. Este es el valor de "N".
MPASM 5.76                        LETRAS.ASM   12-15-2017  15:56:04         PAGE  6


LOC  OBJECT CODE     LINE SOURCE TEXT
  VALUE

005E   2???           00138         goto    Retardo_1Decima         ; Aporta 2 ciclos máquina.
005F                  00139 Retardo_10s                                             ; La llamada "call" aporta 2 ciclos máquina.
005F   3064           00140         movlw   d'100'                          ; Aporta 1 ciclo máquina. Este es el valor de "N".
0060   2???           00141         goto    Retardo_1Decima         ; Aporta 2 ciclos máquina.
0061                  00142 Retardo_5s                                              ; La llamada "call" aporta 2 ciclos máquina.
0061   3032           00143         movlw   d'50'                           ; Aporta 1 ciclo máquina. Este es el valor de "N".
0062   2???           00144         goto    Retardo_1Decima         ; Aporta 2 ciclos máquina.
0063                  00145 Retardo_2s                                              ; La llamada "call" aporta 2 ciclos máquina.
0063   3014           00146         movlw   d'20'                           ; Aporta 1 ciclo máquina. Este es el valor de "N".
0064   2???           00147         goto    Retardo_1Decima         ; Aporta 2 ciclos máquina.
0065                  00148 Retardo_1s                                              ; La llamada "call" aporta 2 ciclos máquina.
0065   300A           00149         movlw   d'10'                           ; Aporta 1 ciclo máquina. Este es el valor de "N".
0066   2???           00150         goto    Retardo_1Decima         ; Aporta 2 ciclos máquina.
0067                  00151 Retardo_500ms                                   ; La llamada "call" aporta 2 ciclos máquina.
0067   3005           00152         movlw   d'5'                            ; Aporta 1 ciclo máquina. Este es el valor de "N".
                      00153 ;
                      00154 ; El próximo bloque "Retardo_1Decima" tarda:
                      00155 ; 1 + N + N + MxN + MxN + KxMxN + (K-1)xMxN + MxNx2 + (K-1)xMxNx2 +
                      00156 ;   + (M-1)xN + Nx2 + (M-1)xNx2 + (N-1) + 2 + (N-1)x2 + 2 =
                      00157 ; = (2 + 4M + 4MN + 4KM) ciclos máquina. Para K=249, M=100 y N=1 supone 100011
                      00158 ; ciclos máquina que a 4 MHz son 100011 µs = 100 ms = 0,1 s = 1 décima de segundo.
                      00159 ;
0068                  00160 Retardo_1Decima
0068   00A2           00161         movwf   R_ContC                         ; Aporta 1 ciclo máquina.
0069                  00162 R1Decima_BucleExterno2
0069   3064           00163         movlw   d'100'                          ; Aporta Nx1 ciclos máquina. Este es el valor de "M".
006A   00A1           00164         movwf   R_ContB                         ; Aporta Nx1 ciclos máquina.
006B                  00165 R1Decima_BucleExterno
006B   30F9           00166         movlw   d'249'                          ; Aporta MxNx1 ciclos máquina. Este es el valor de "K".
006C   00A0           00167         movwf   R_ContA                         ; Aporta MxNx1 ciclos máquina.
006D                  00168 R1Decima_BucleInterno          
006D   0000           00169         nop                                                     ; Aporta KxMxNx1 ciclos máquina.
006E   0BA0           00170         decfsz  R_ContA,F                       ; (K-1)xMxNx1 cm (si no salta) + MxNx2 cm (al saltar).
006F   2???           00171         goto    R1Decima_BucleInterno   ; Aporta (K-1)xMxNx2 ciclos máquina.
0070   0BA1           00172         decfsz  R_ContB,F                       ; (M-1)xNx1 cm (cuando no salta) + Nx2 cm (al saltar).
0071   2???           00173         goto    R1Decima_BucleExterno   ; Aporta (M-1)xNx2 ciclos máquina.
0072   0BA2           00174         decfsz  R_ContC,F                       ; (N-1)x1 cm (cuando no salta) + 2 cm (al saltar).
0073   2???           00175         goto    R1Decima_BucleExterno2  ; Aporta (N-1)x2 ciclos máquina.
0074   0008           00176         return                                          ; El salto del retorno aporta 2 ciclos máquina.
                      00177 ;
                      00178 ;En total estas subrutinas tardan:
                      00179 ; - Retardo_20s:        2 + 1 + 2 + (2 + 4N + 4MN + 4KMN) = 20000807 cm = 20 s.
                      00180 ;                       (N=200, M=100 y K=249).
                      00181 ; - Retardo_10s:        2 + 1 + 2 + (2 + 4N + 4MN + 4KMN) = 10000407 cm = 10 s.
                      00182 ;                       (N=100, M=100 y K=249).
                      00183 ; - Retardo_5s:         2 + 1 + 2 + (2 + 4N + 4MN + 4KMN) =  5000207 cm =  5 s.
                      00184 ;                       (N= 50, M=100 y K=249).
                      00185 ; - Retardo_2s:         2 + 1 + 2 + (2 + 4N + 4MN + 4KMN) =  2000087 cm =  2 s.
                      00186 ;                       (N= 20, M=100 y K=249).
                      00187 ; - Retardo_1s:         2 + 1 + 2 + (2 + 4N + 4MN + 4KMN) =  1000047 cm =  1 s.
                      00188 ;                       (N= 10, M=100 y K=249).
                      00189 ; - Retardo_500ms:      2 + 1     + (2 + 4N + 4MN + 4KMN) =   500025 cm = 0,5 s.
                      00190 ;                       (N=  5, M=100 y K=249).
MPASM 5.76                        LETRAS.ASM   12-15-2017  15:56:04         PAGE  7


LOC  OBJECT CODE     LINE SOURCE TEXT
  VALUE

                      00191 
                      00192 ;       ===================================================================
                      00193 ;         Del libro "MICROCONTROLADOR PIC16F84. DESARROLLO DE PROYECTOS"
                      00194 ;         E. Palacios, F. Remiro y L. López.            www.pic16f84a.com
                      00195 ;         Editorial Ra-Ma.  www.ra-ma.es
                      00196 ;       ===================================================================
                      00197 
                      00198 
                      00199 
                      00200 
                      00118     
Warning[205]: Found directive in column 1. (END)
3F71                  00119 END
MPASM 5.76                        LETRAS.ASM   12-15-2017  15:56:04         PAGE  8


SYMBOL TABLE
  LABEL                             VALUE 

ACKDT                             00000005
ACKEN                             00000004
ACKSTAT                           00000006
ADCON0                            0000001F
ADCON1                            0000009F
ADCS0                             00000006
ADCS1                             00000007
ADCS2                             00000006
ADDEN                             00000003
ADFM                              00000007
ADIE                              00000006
ADIF                              00000006
ADON                              00000000
ADRESH                            0000001E
ADRESL                            0000009E
BCLIE                             00000003
BCLIF                             00000003
BF                                00000000
BRGH                              00000002
C                                 00000000
C1INV                             00000004
C1OUT                             00000006
C2INV                             00000005
C2OUT                             00000007
CCP1CON                           00000017
CCP1IE                            00000002
CCP1IF                            00000002
CCP1M0                            00000000
CCP1M1                            00000001
CCP1M2                            00000002
CCP1M3                            00000003
CCP1X                             00000005
CCP1Y                             00000004
CCP2CON                           0000001D
CCP2IE                            00000000
CCP2IF                            00000000
CCP2M0                            00000000
CCP2M1                            00000001
CCP2M2                            00000002
CCP2M3                            00000003
CCP2X                             00000005
CCP2Y                             00000004
CCPR1                             00000015
CCPR1H                            00000016
CCPR1L                            00000015
CCPR2                             0000001B
CCPR2H                            0000001C
CCPR2L                            0000001B
CHS0                              00000003
CHS1                              00000004
CHS2                              00000005
CIS                               00000003
CKE                               00000006
MPASM 5.76                        LETRAS.ASM   12-15-2017  15:56:04         PAGE  9


SYMBOL TABLE
  LABEL                             VALUE 

CKP                               00000004
CM0                               00000000
CM1                               00000001
CM2                               00000002
CMCON                             0000009C
CMIE                              00000006
CMIF                              00000006
CREN                              00000004
CSRC                              00000007
CVR0                              00000000
CVR1                              00000001
CVR2                              00000002
CVR3                              00000003
CVRCON                            0000009D
CVREN                             00000007
CVROE                             00000006
CVRR                              00000005
D                                 00000005
DATA_ADDRESS                      00000005
DC                                00000001
D_A                               00000005
D_NOT_A                           00000005
E0                                00000007
E1                                0000000A
E2                                00000011
E3                                00000018
E4                                0000001F
E5                                00000026
EEADR                             0000010D
EEADRH                            0000010F
EECON1                            0000018C
EECON2                            0000018D
EEDATA                            0000010C
EEDATH                            0000010E
EEIE                              00000004
EEIF                              00000004
EEPGD                             00000007
F                                 00000001
FERR                              00000002
FSR                               00000004
GCEN                              00000007
GIE                               00000007
GO                                00000002
GO_DONE                           00000002
GO_NOT_DONE                       00000002
I2C_DATA                          00000005
I2C_READ                          00000002
I2C_START                         00000003
I2C_STOP                          00000004
IBF                               00000007
IBOV                              00000005
INDF                              00000000
INTCON                            0000000B
MPASM 5.76                        LETRAS.ASM   12-15-2017  15:56:04         PAGE 10


SYMBOL TABLE
  LABEL                             VALUE 

INTE                              00000004
INTEDG                            00000006
INTF                              00000001
IRP                               00000007
NOT_A                             00000005
NOT_ADDRESS                       00000005
NOT_BO                            00000000
NOT_BOR                           00000000
NOT_DONE                          00000002
NOT_PD                            00000003
NOT_POR                           00000001
NOT_RBPU                          00000007
NOT_RC8                           00000006
NOT_T1SYNC                        00000002
NOT_TO                            00000004
NOT_TX8                           00000006
NOT_W                             00000002
NOT_WRITE                         00000002
OBF                               00000006
OERR                              00000001
OPTION_REG                        00000081
P                                 00000004
PCFG0                             00000000
PCFG1                             00000001
PCFG2                             00000002
PCFG3                             00000003
PCL                               00000002
PCLATH                            0000000A
PCON                              0000008E
PEIE                              00000006
PEN                               00000002
PIE1                              0000008C
PIE2                              0000008D
PIR1                              0000000C
PIR2                              0000000D
PORTA                             00000005
PORTB                             00000006
PORTC                             00000007
PORTD                             00000008
PORTE                             00000009
PR2                               00000092
PS0                               00000000
PS1                               00000001
PS2                               00000002
PSA                               00000003
PSPIE                             00000007
PSPIF                             00000007
PSPMODE                           00000004
R                                 00000002
R1Decima_BucleExterno             0000006B
R1Decima_BucleExterno2            00000069
R1Decima_BucleInterno             0000006D
R1ms_BucleExterno                 00000055
MPASM 5.76                        LETRAS.ASM   12-15-2017  15:56:04         PAGE 11


SYMBOL TABLE
  LABEL                             VALUE 

R1ms_BucleInterno                 00000057
RA0                               00000000
RA1                               00000001
RA2                               00000002
RA3                               00000003
RA4                               00000004
RA5                               00000005
RB0                               00000000
RB1                               00000001
RB2                               00000002
RB3                               00000003
RB4                               00000004
RB5                               00000005
RB6                               00000006
RB7                               00000007
RBIE                              00000003
RBIF                              00000000
RC0                               00000000
RC1                               00000001
RC2                               00000002
RC3                               00000003
RC4                               00000004
RC5                               00000005
RC6                               00000006
RC7                               00000007
RC8_9                             00000006
RC9                               00000006
RCD8                              00000000
RCEN                              00000003
RCIE                              00000005
RCIF                              00000005
RCREG                             0000001A
RCSTA                             00000018
RD                                00000000
RD0                               00000000
RD1                               00000001
RD2                               00000002
RD3                               00000003
RD4                               00000004
RD5                               00000005
RD6                               00000006
RD7                               00000007
RE0                               00000000
RE1                               00000001
RE2                               00000002
READ_WRITE                        00000002
RP0                               00000005
RP1                               00000006
RSEN                              00000001
RX9                               00000006
RX9D                              00000000
R_ContA                           00000020
R_ContB                           00000021
MPASM 5.76                        LETRAS.ASM   12-15-2017  15:56:04         PAGE 12


SYMBOL TABLE
  LABEL                             VALUE 

R_ContC                           00000022
R_NOT_W                           00000002
R_W                               00000002
RetardoMicros                     00000041
Retardo_100micros                 0000003B
Retardo_100ms                     00000047
Retardo_10micros                  0000002E
Retardo_10ms                      0000004D
Retardo_10s                       0000005F
Retardo_1Decima                   00000068
Retardo_1ms                       00000053
Retardo_1s                        00000065
Retardo_200micros                 00000038
Retardo_200ms                     00000045
Retardo_20micros                  00000040
Retardo_20ms                      0000004B
Retardo_20s                       0000005D
Retardo_2ms                       00000051
Retardo_2s                        00000063
Retardo_4micros                   00000034
Retardo_500micros                 00000035
Retardo_500ms                     00000067
Retardo_50micros                  0000003D
Retardo_50ms                      00000049
Retardo_5micros                   00000033
Retardo_5ms                       0000004F
Retardo_5s                        00000061
Retardos_ms                       00000054
Rmicros_Bucle                     00000042
S                                 00000003
SEN                               00000000
SMP                               00000007
SPBRG                             00000099
SPEN                              00000007
SREN                              00000005
SSPADD                            00000093
SSPBUF                            00000013
SSPCON                            00000014
SSPCON2                           00000091
SSPEN                             00000005
SSPIE                             00000003
SSPIF                             00000003
SSPM0                             00000000
SSPM1                             00000001
SSPM2                             00000002
SSPM3                             00000003
SSPOV                             00000006
SSPSTAT                           00000094
STATUS                            00000003
SYNC                              00000004
T0CS                              00000005
T0IE                              00000005
T0IF                              00000002
MPASM 5.76                        LETRAS.ASM   12-15-2017  15:56:04         PAGE 13


SYMBOL TABLE
  LABEL                             VALUE 

T0SE                              00000004
T1CKPS0                           00000004
T1CKPS1                           00000005
T1CON                             00000010
T1INSYNC                          00000002
T1OSCEN                           00000003
T1SYNC                            00000002
T2CKPS0                           00000000
T2CKPS1                           00000001
T2CON                             00000012
TMR0                              00000001
TMR0IE                            00000005
TMR0IF                            00000002
TMR1                              0000000E
TMR1CS                            00000001
TMR1H                             0000000F
TMR1IE                            00000000
TMR1IF                            00000000
TMR1L                             0000000E
TMR1ON                            00000000
TMR2                              00000011
TMR2IE                            00000001
TMR2IF                            00000001
TMR2ON                            00000002
TOUTPS0                           00000003
TOUTPS1                           00000004
TOUTPS2                           00000005
TOUTPS3                           00000006
TRISA                             00000085
TRISA0                            00000000
TRISA1                            00000001
TRISA2                            00000002
TRISA3                            00000003
TRISA4                            00000004
TRISA5                            00000005
TRISB                             00000086
TRISB0                            00000000
TRISB1                            00000001
TRISB2                            00000002
TRISB3                            00000003
TRISB4                            00000004
TRISB5                            00000005
TRISB6                            00000006
TRISB7                            00000007
TRISC                             00000087
TRISC0                            00000000
TRISC1                            00000001
TRISC2                            00000002
TRISC3                            00000003
TRISC4                            00000004
TRISC5                            00000005
TRISC6                            00000006
TRISC7                            00000007
MPASM 5.76                        LETRAS.ASM   12-15-2017  15:56:04         PAGE 14


SYMBOL TABLE
  LABEL                             VALUE 

TRISD                             00000088
TRISD0                            00000000
TRISD1                            00000001
TRISD2                            00000002
TRISD3                            00000003
TRISD4                            00000004
TRISD5                            00000005
TRISD6                            00000006
TRISD7                            00000007
TRISE                             00000089
TRISE0                            00000000
TRISE1                            00000001
TRISE2                            00000002
TRMT                              00000001
TX8_9                             00000006
TX9                               00000006
TX9D                              00000000
TXD8                              00000000
TXEN                              00000005
TXIE                              00000004
TXIF                              00000004
TXREG                             00000019
TXSTA                             00000098
UA                                00000001
W                                 00000000
WCOL                              00000007
WR                                00000001
WREN                              00000002
WRERR                             00000003
Z                                 00000002
_BODEN_OFF                        00003FBF
_BODEN_ON                         00003FFF
_BOREN_OFF                        00003FBF
_BOREN_ON                         00003FFF
_CONFIG                           00002007
_CPD_OFF                          00003FFF
_CPD_ON                           00003EFF
_CP_ALL                           00001FFF
_CP_OFF                           00003FFF
_CP_ON                            00001FFF
_DEBUG_OFF                        00003FFF
_DEBUG_ON                         000037FF
_DEVID1                           00002006
_FOSC_EXTRC                       00003FFF
_FOSC_HS                          00003FFE
_FOSC_LP                          00003FFC
_FOSC_XT                          00003FFD
_HS_OSC                           00003FFE
_IDLOC0                           00002000
_IDLOC1                           00002001
_IDLOC2                           00002002
_IDLOC3                           00002003
_LP_OSC                           00003FFC
MPASM 5.76                        LETRAS.ASM   12-15-2017  15:56:04         PAGE 15


SYMBOL TABLE
  LABEL                             VALUE 

_LVP_OFF                          00003F7F
_LVP_ON                           00003FFF
_PWRTE_OFF                        00003FFF
_PWRTE_ON                         00003FF7
_RC_OSC                           00003FFF
_WDTE_OFF                         00003FFB
_WDTE_ON                          00003FFF
_WDT_OFF                          00003FFB
_WDT_ON                           00003FFF
_WRT_1FOURTH                      00003BFF
_WRT_256                          00003DFF
_WRT_HALF                         000039FF
_WRT_OFF                          00003FFF
_XT_OSC                           00003FFD
__16F877A                         00000001

Errors   :     0
Warnings :     1 reported,     0 suppressed
Messages :     1 reported,     0 suppressed

