Warning[215] C:\USERS\JOQLE\DOCUMENTS\MPLABXPROJECTS\SUMA.X\SUMA.ASM 1 : Processor superseded by command line.  Verify processor symbol.
Message[301] C:\PROGRAM FILES (X86)\MICROCHIP\MPLABX\V4.01\MPASMX\P16F877A.INC 34 : MESSAGE: (Processor-header file mismatch.  Verify selected processor.)
Warning[207] C:\USERS\JOQLE\DOCUMENTS\MPLABXPROJECTS\SUMA.X\SUMA.ASM 7 : Found label after column 1. (NUM1)
Warning[207] C:\USERS\JOQLE\DOCUMENTS\MPLABXPROJECTS\SUMA.X\SUMA.ASM 9 : Found label after column 1. (NUM2)
Warning[207] C:\USERS\JOQLE\DOCUMENTS\MPLABXPROJECTS\SUMA.X\SUMA.ASM 11 : Found label after column 1. (VAR)
Warning[207] C:\USERS\JOQLE\DOCUMENTS\MPLABXPROJECTS\SUMA.X\SUMA.ASM 13 : Found label after column 1. (TEMP1)
Warning[207] C:\USERS\JOQLE\DOCUMENTS\MPLABXPROJECTS\SUMA.X\SUMA.ASM 15 : Found label after column 1. (TEMP2)
Warning[207] C:\USERS\JOQLE\DOCUMENTS\MPLABXPROJECTS\SUMA.X\SUMA.ASM 17 : Found label after column 1. (PUERTO)
Warning[207] C:\USERS\JOQLE\DOCUMENTS\MPLABXPROJECTS\SUMA.X\SUMA.ASM 19 : Found label after column 1. (AUX)
Warning[207] C:\USERS\JOQLE\DOCUMENTS\MPLABXPROJECTS\SUMA.X\SUMA.ASM 45 : Found label after column 1. (PUERTO)
Warning[207] C:\USERS\JOQLE\DOCUMENTS\MPLABXPROJECTS\SUMA.X\SUMA.ASM 57 : Found label after column 1. (PUERTO)
Message[305] C:\USERS\JOQLE\DOCUMENTS\MPLABXPROJECTS\SUMA.X\SUMA.ASM 83 : Using default destination of 1 (file).
Message[305] C:\USERS\JOQLE\DOCUMENTS\MPLABXPROJECTS\SUMA.X\SUMA.ASM 85 : Using default destination of 1 (file).
Message[305] C:\USERS\JOQLE\DOCUMENTS\MPLABXPROJECTS\SUMA.X\SUMA.ASM 93 : Using default destination of 1 (file).
Warning[207] C:\USERS\JOQLE\DOCUMENTS\MPLABXPROJECTS\SUMA.X\SUMA.ASM 109 : Found label after column 1. (TEMP2)
Message[305] C:\USERS\JOQLE\DOCUMENTS\MPLABXPROJECTS\SUMA.X\SUMA.ASM 119 : Using default destination of 1 (file).
Message[305] C:\USERS\JOQLE\DOCUMENTS\MPLABXPROJECTS\SUMA.X\SUMA.ASM 121 : Using default destination of 1 (file).
Message[305] C:\USERS\JOQLE\DOCUMENTS\MPLABXPROJECTS\SUMA.X\SUMA.ASM 129 : Using default destination of 1 (file).
Warning[207] C:\USERS\JOQLE\DOCUMENTS\MPLABXPROJECTS\SUMA.X\SUMA.ASM 145 : Found label after column 1. (TEMP2)
Message[305] C:\USERS\JOQLE\DOCUMENTS\MPLABXPROJECTS\SUMA.X\SUMA.ASM 155 : Using default destination of 1 (file).
Message[305] C:\USERS\JOQLE\DOCUMENTS\MPLABXPROJECTS\SUMA.X\SUMA.ASM 157 : Using default destination of 1 (file).
Message[305] C:\USERS\JOQLE\DOCUMENTS\MPLABXPROJECTS\SUMA.X\SUMA.ASM 165 : Using default destination of 1 (file).
Warning[207] C:\USERS\JOQLE\DOCUMENTS\MPLABXPROJECTS\SUMA.X\SUMA.ASM 181 : Found label after column 1. (TEMP2)
Message[305] C:\USERS\JOQLE\DOCUMENTS\MPLABXPROJECTS\SUMA.X\SUMA.ASM 191 : Using default destination of 1 (file).
Message[305] C:\USERS\JOQLE\DOCUMENTS\MPLABXPROJECTS\SUMA.X\SUMA.ASM 193 : Using default destination of 1 (file).
Message[305] C:\USERS\JOQLE\DOCUMENTS\MPLABXPROJECTS\SUMA.X\SUMA.ASM 201 : Using default destination of 1 (file).
Warning[207] C:\USERS\JOQLE\DOCUMENTS\MPLABXPROJECTS\SUMA.X\SUMA.ASM 217 : Found label after column 1. (TEMP2)
Message[305] C:\USERS\JOQLE\DOCUMENTS\MPLABXPROJECTS\SUMA.X\SUMA.ASM 227 : Using default destination of 1 (file).
Message[305] C:\USERS\JOQLE\DOCUMENTS\MPLABXPROJECTS\SUMA.X\SUMA.ASM 229 : Using default destination of 1 (file).
Message[305] C:\USERS\JOQLE\DOCUMENTS\MPLABXPROJECTS\SUMA.X\SUMA.ASM 237 : Using default destination of 1 (file).
Warning[207] C:\USERS\JOQLE\DOCUMENTS\MPLABXPROJECTS\SUMA.X\SUMA.ASM 253 : Found label after column 1. (TEMP2)
Message[305] C:\USERS\JOQLE\DOCUMENTS\MPLABXPROJECTS\SUMA.X\SUMA.ASM 263 : Using default destination of 1 (file).
Message[305] C:\USERS\JOQLE\DOCUMENTS\MPLABXPROJECTS\SUMA.X\SUMA.ASM 265 : Using default destination of 1 (file).
Message[305] C:\USERS\JOQLE\DOCUMENTS\MPLABXPROJECTS\SUMA.X\SUMA.ASM 273 : Using default destination of 1 (file).
Warning[207] C:\USERS\JOQLE\DOCUMENTS\MPLABXPROJECTS\SUMA.X\SUMA.ASM 289 : Found label after column 1. (TEMP2)
Message[305] C:\USERS\JOQLE\DOCUMENTS\MPLABXPROJECTS\SUMA.X\SUMA.ASM 299 : Using default destination of 1 (file).
Message[305] C:\USERS\JOQLE\DOCUMENTS\MPLABXPROJECTS\SUMA.X\SUMA.ASM 301 : Using default destination of 1 (file).
Message[305] C:\USERS\JOQLE\DOCUMENTS\MPLABXPROJECTS\SUMA.X\SUMA.ASM 309 : Using default destination of 1 (file).
Warning[207] C:\USERS\JOQLE\DOCUMENTS\MPLABXPROJECTS\SUMA.X\SUMA.ASM 325 : Found label after column 1. (TEMP2)
Message[305] C:\USERS\JOQLE\DOCUMENTS\MPLABXPROJECTS\SUMA.X\SUMA.ASM 335 : Using default destination of 1 (file).
Message[305] C:\USERS\JOQLE\DOCUMENTS\MPLABXPROJECTS\SUMA.X\SUMA.ASM 337 : Using default destination of 1 (file).
Message[305] C:\USERS\JOQLE\DOCUMENTS\MPLABXPROJECTS\SUMA.X\SUMA.ASM 345 : Using default destination of 1 (file).
Warning[207] C:\USERS\JOQLE\DOCUMENTS\MPLABXPROJECTS\SUMA.X\SUMA.ASM 361 : Found label after column 1. (TEMP2)
Message[305] C:\USERS\JOQLE\DOCUMENTS\MPLABXPROJECTS\SUMA.X\SUMA.ASM 371 : Using default destination of 1 (file).
Message[305] C:\USERS\JOQLE\DOCUMENTS\MPLABXPROJECTS\SUMA.X\SUMA.ASM 373 : Using default destination of 1 (file).
Message[305] C:\USERS\JOQLE\DOCUMENTS\MPLABXPROJECTS\SUMA.X\SUMA.ASM 381 : Using default destination of 1 (file).
Warning[205] C:\USERS\JOQLE\DOCUMENTS\MPLABXPROJECTS\SUMA.X\SUMA.ASM 399 : Found directive in column 1. (END)
