MPASM 5.75                MULTIPLEXACION.ASM   11-7-2017  19:57:26         PAGE  1


LOC  OBJECT CODE     LINE SOURCE TEXT
  VALUE

                      00001     LIST P=16F84A
                      00002     
                      00003     INCLUDE<P16F84A.INC>
                      00001         LIST
                      00002 
                      00003 ;==========================================================================
                      00004 ; Build date : Jul 02 2017
                      00005 ;  MPASM PIC16F84A processor include
                      00006 ; 
                      00007 ;  (c) Copyright 1999-2017 Microchip Technology, All rights reserved
                      00008 ;==========================================================================
                      00009 
                      00209         LIST
                      00004     
2007   3FF1           00005     __CONFIG _CP_OFF & _WDT_OFF & _PWRTE_ON & _XT_OSC
                      00006     
                      00007     CBLOCK 0X0C
                      00008     
                      00009     ENDC
                      00010     
                      00011     ORG 0
                      00012     
0000   1005           00013     BCF PORTA, 0
                      00014     
0001   1085           00015     BCF PORTA, 1
                      00016     
0002   30FF           00017     MOVLW B'11111111'
                      00018     
0003   0086           00019     MOVWF PORTB
                      00020     
0004   1283           00021     BCF STATUS, 5
                      00022     
0005                  00023 FIJAR
                      00024     
0005   1405           00025     BSF PORTA, 0
                      00026     
0006   3000           00027     MOVLW B'00000000'
                      00028     
0007   0086           00029     MOVWF PORTB
                      00030     
0008   2???           00031     GOTO FIJAR
                      00032     
                      00033     INCLUDE<RETARDOS.INC>
                      00001 ;**************************** Librería "RETARDOS.INC" *********************************
                      00002 ;
                      00003 ;       ===================================================================
                      00004 ;         Del libro "MICROCONTROLADOR PIC16F84. DESARROLLO DE PROYECTOS"
                      00005 ;         E. Palacios, F. Remiro y L. López.            www.pic16f84a.com
                      00006 ;         Editorial Ra-Ma.  www.ra-ma.es
                      00007 ;       ===================================================================
                      00008 ;
                      00009 ; Librería con múltiples subrutinas de retardos, desde 4 microsegundos hasta 20 segundos. 
                      00010 ; Además se pueden implementar otras subrutinas muy fácilmente.
MPASM 5.75                MULTIPLEXACION.ASM   11-7-2017  19:57:26         PAGE  2


LOC  OBJECT CODE     LINE SOURCE TEXT
  VALUE

                      00011 ;
                      00012 ; Se han calculado para un sistema microcontrolador con un PIC trabajando con un cristal
                      00013 ; de cuarzo a 4 MHz. Como cada ciclo máquina son 4 ciclos de reloj, resulta que cada
                      00014 ; ciclo máquina tarda 4 x 1/4MHz = 1 µs.
                      00015 ;
                      00016 ; En los comentarios, "cm" significa "ciclos máquina".
                      00017 ;
                      00018 ; ZONA DE DATOS *********************************************************************
                      00019 
                      00020         CBLOCK
  0000000C            00021         R_ContA                                         ; Contadores para los retardos.
  0000000D            00022         R_ContB
  0000000E            00023         R_ContC
                      00024         ENDC
                      00025 ;
                      00026 ; RETARDOS de 4 hasta 10 microsegundos ---------------------------------------------------
                      00027 ;
                      00028 ; A continuación retardos pequeños teniendo en cuenta que para una frecuencia de 4 MHZ,
                      00029 ; la llamada a subrutina "call" tarda 2 ciclos máquina, el retorno de subrutina
                      00030 ; "return" toma otros 2 ciclos máquina y cada instrucción "nop" tarda 1 ciclo máquina.
                      00031 ;
0009                  00032 Retardo_10micros                                ; La llamada "call" aporta 2 ciclos máquina.
0009   0000           00033         nop                                                     ; Aporta 1 ciclo máquina.
000A   0000           00034         nop                                                     ; Aporta 1 ciclo máquina.
000B   0000           00035         nop                                                     ; Aporta 1 ciclo máquina.
000C   0000           00036         nop                                                     ; Aporta 1 ciclo máquina.
000D   0000           00037         nop                                                     ; Aporta 1 ciclo máquina.
000E                  00038 Retardo_5micros                                 ; La llamada "call" aporta 2 ciclos máquina.
000E   0000           00039         nop                                                     ; Aporta 1 ciclo máquina.
000F                  00040 Retardo_4micros                                 ; La llamada "call" aporta 2 ciclos máquina.
000F   0008           00041         return                                          ; El salto del retorno aporta 2 ciclos máquina.
                      00042 ;
                      00043 ; RETARDOS de 20 hasta 500 microsegundos ------------------------------------------------
                      00044 ;
0010                  00045 Retardo_500micros                               ; La llamada "call" aporta 2 ciclos máquina.
0010   0000           00046         nop                                                     ; Aporta 1 ciclo máquina.
0011   30A4           00047         movlw   d'164'                          ; Aporta 1 ciclo máquina. Este es el valor de "K".
0012   2???           00048         goto    RetardoMicros           ; Aporta 2 ciclos máquina.
0013                  00049 Retardo_200micros                               ; La llamada "call" aporta 2 ciclos máquina.
0013   0000           00050         nop                                                     ; Aporta 1 ciclo máquina.
0014   3040           00051         movlw   d'64'                           ; Aporta 1 ciclo máquina. Este es el valor de "K".
0015   2???           00052         goto    RetardoMicros           ; Aporta 2 ciclos máquina.
0016                  00053 Retardo_100micros                               ; La llamada "call" aporta 2 ciclos máquina.
0016   301F           00054         movlw   d'31'                           ; Aporta 1 ciclo máquina. Este es el valor de "K".
0017   2???           00055         goto    RetardoMicros           ; Aporta 2 ciclos máquina.
0018                  00056 Retardo_50micros                                ; La llamada "call" aporta 2 ciclos máquina.
0018   0000           00057         nop                                                     ; Aporta 1 ciclo máquina.
0019   300E           00058         movlw   d'14'                           ; Aporta 1 ciclo máquina. Este es el valor de "K".
001A   2???           00059         goto    RetardoMicros           ; Aporta 2 ciclos máquina.
001B                  00060 Retardo_20micros                                ; La llamada "call" aporta 2 ciclos máquina.
001B   3005           00061         movlw   d'5'                            ; Aporta 1 ciclo máquina. Este es el valor de "K".
                      00062 ;
                      00063 ; El próximo bloque "RetardoMicros" tarda:
MPASM 5.75                MULTIPLEXACION.ASM   11-7-2017  19:57:26         PAGE  3


LOC  OBJECT CODE     LINE SOURCE TEXT
  VALUE

                      00064 ; 1 + (K-1) + 2 + (K-1)x2 + 2 = (2 + 3K) ciclos máquina.
                      00065 ;
001C                  00066 RetardoMicros
001C   008C           00067         movwf   R_ContA                         ; Aporta 1 ciclo máquina.
001D                  00068 Rmicros_Bucle
001D   0B8C           00069         decfsz  R_ContA,F                       ; (K-1)x1 cm (cuando no salta) + 2 cm (al saltar).
001E   2???           00070         goto    Rmicros_Bucle           ; Aporta (K-1)x2 ciclos máquina.
001F   0008           00071         return                                          ; El salto del retorno aporta 2 ciclos máquina.
                      00072 ;
                      00073 ;En total estas subrutinas tardan:
                      00074 ; - Retardo_500micros:  2 + 1 + 1 + 2 + (2 + 3K) = 500 cm = 500 µs. (para K=164 y 4 MHz).
                      00075 ; - Retardo_200micros:  2 + 1 + 1 + 2 + (2 + 3K) = 200 cm = 200 µs. (para K= 64 y 4 MHz).
                      00076 ; - Retardo_100micros:  2     + 1 + 2 + (2 + 3K) = 100 cm = 100 µs. (para K= 31 y 4 MHz).
                      00077 ; - Retardo_50micros :  2 + 1 + 1 + 2 + (2 + 3K) =  50 cm =  50 µs. (para K= 14 y 4 MHz).
                      00078 ; - Retardo_20micros :  2     + 1     + (2 + 3K) =  20 cm =  20 µs. (para K=  5 y 4 MHz).
                      00079 ;
                      00080 ; RETARDOS de 1 ms hasta 200 ms. --------------------------------------------------------
                      00081 ;
0020                  00082 Retardo_200ms                                   ; La llamada "call" aporta 2 ciclos máquina.
0020   30C8           00083         movlw   d'200'                          ; Aporta 1 ciclo máquina. Este es el valor de "M".
0021   2???           00084         goto    Retardos_ms                     ; Aporta 2 ciclos máquina.
0022                  00085 Retardo_100ms                                   ; La llamada "call" aporta 2 ciclos máquina.
0022   3064           00086         movlw   d'100'                          ; Aporta 1 ciclo máquina. Este es el valor de "M".
0023   2???           00087         goto    Retardos_ms                     ; Aporta 2 ciclos máquina.
0024                  00088 Retardo_50ms                                    ; La llamada "call" aporta 2 ciclos máquina.
0024   3032           00089         movlw   d'50'                           ; Aporta 1 ciclo máquina. Este es el valor de "M".
0025   2???           00090         goto    Retardos_ms                     ; Aporta 2 ciclos máquina.
0026                  00091 Retardo_20ms                                    ; La llamada "call" aporta 2 ciclos máquina.
0026   3014           00092         movlw   d'20'                           ; Aporta 1 ciclo máquina. Este es el valor de "M".
0027   2???           00093         goto    Retardos_ms                     ; Aporta 2 ciclos máquina.
0028                  00094 Retardo_10ms                                    ; La llamada "call" aporta 2 ciclos máquina.
0028   300A           00095         movlw   d'10'                           ; Aporta 1 ciclo máquina. Este es el valor de "M".
0029   2???           00096         goto    Retardos_ms                     ; Aporta 2 ciclos máquina.
002A                  00097 Retardo_5ms                                             ; La llamada "call" aporta 2 ciclos máquina.
002A   3005           00098         movlw   d'5'                            ; Aporta 1 ciclo máquina. Este es el valor de "M".
002B   2???           00099         goto    Retardos_ms                     ; Aporta 2 ciclos máquina.
002C                  00100 Retardo_2ms                                             ; La llamada "call" aporta 2 ciclos máquina.
002C   3002           00101         movlw   d'2'                            ; Aporta 1 ciclo máquina. Este es el valor de "M".
002D   2???           00102         goto    Retardos_ms                     ; Aporta 2 ciclos máquina.
002E                  00103 Retardo_1ms                                             ; La llamada "call" aporta 2 ciclos máquina.
002E   3001           00104         movlw   d'1'                            ; Aporta 1 ciclo máquina. Este es el valor de "M".
                      00105 ;
                      00106 ; El próximo bloque "Retardos_ms" tarda:
                      00107 ; 1 + M + M + KxM + (K-1)xM + Mx2 + (K-1)Mx2 + (M-1) + 2 + (M-1)x2 + 2 =
                      00108 ; = (2 + 4M + 4KM) ciclos máquina. Para K=249 y M=1 supone 1002 ciclos máquina
                      00109 ; que a 4 MHz son 1002 µs = 1 ms.
                      00110 ;
002F                  00111 Retardos_ms
002F   008D           00112         movwf   R_ContB                         ; Aporta 1 ciclo máquina.
0030                  00113 R1ms_BucleExterno
0030   30F9           00114         movlw   d'249'                          ; Aporta Mx1 ciclos máquina. Este es el valor de "K".
0031   008C           00115         movwf   R_ContA                         ; Aporta Mx1 ciclos máquina.
0032                  00116 R1ms_BucleInterno
MPASM 5.75                MULTIPLEXACION.ASM   11-7-2017  19:57:26         PAGE  4


LOC  OBJECT CODE     LINE SOURCE TEXT
  VALUE

0032   0000           00117         nop                                                     ; Aporta KxMx1 ciclos máquina.
0033   0B8C           00118         decfsz  R_ContA,F                       ; (K-1)xMx1 cm (cuando no salta) + Mx2 cm (al saltar).
0034   2???           00119         goto    R1ms_BucleInterno       ; Aporta (K-1)xMx2 ciclos máquina.
0035   0B8D           00120         decfsz  R_ContB,F                       ; (M-1)x1 cm (cuando no salta) + 2 cm (al saltar).
0036   2???           00121         goto    R1ms_BucleExterno       ; Aporta (M-1)x2 ciclos máquina.
0037   0008           00122         return                                          ; El salto del retorno aporta 2 ciclos máquina.
                      00123 ;
                      00124 ;En total estas subrutinas tardan:
                      00125 ; - Retardo_200ms:      2 + 1 + 2 + (2 + 4M + 4KM) = 200007 cm = 200 ms. (M=200 y K=249).
                      00126 ; - Retardo_100ms:      2 + 1 + 2 + (2 + 4M + 4KM) = 100007 cm = 100 ms. (M=100 y K=249).
                      00127 ; - Retardo_50ms :      2 + 1 + 2 + (2 + 4M + 4KM) =  50007 cm =  50 ms. (M= 50 y K=249).
                      00128 ; - Retardo_20ms :      2 + 1 + 2 + (2 + 4M + 4KM) =  20007 cm =  20 ms. (M= 20 y K=249).
                      00129 ; - Retardo_10ms :      2 + 1 + 2 + (2 + 4M + 4KM) =  10007 cm =  10 ms. (M= 10 y K=249).
                      00130 ; - Retardo_5ms  :      2 + 1 + 2 + (2 + 4M + 4KM) =   5007 cm =   5 ms. (M=  5 y K=249).
                      00131 ; - Retardo_2ms  :      2 + 1 + 2 + (2 + 4M + 4KM) =   2007 cm =   2 ms. (M=  2 y K=249).
                      00132 ; - Retardo_1ms  :      2 + 1     + (2 + 4M + 4KM) =   1005 cm =   1 ms. (M=  1 y K=249).
                      00133 ;
                      00134 ; RETARDOS de 0.5 hasta 20 segundos ---------------------------------------------------
                      00135 ;
0038                  00136 Retardo_20s                                             ; La llamada "call" aporta 2 ciclos máquina.
0038   30C8           00137         movlw   d'200'                          ; Aporta 1 ciclo máquina. Este es el valor de "N".
0039   2???           00138         goto    Retardo_1Decima         ; Aporta 2 ciclos máquina.
003A                  00139 Retardo_10s                                             ; La llamada "call" aporta 2 ciclos máquina.
003A   3064           00140         movlw   d'100'                          ; Aporta 1 ciclo máquina. Este es el valor de "N".
003B   2???           00141         goto    Retardo_1Decima         ; Aporta 2 ciclos máquina.
003C                  00142 Retardo_5s                                              ; La llamada "call" aporta 2 ciclos máquina.
003C   3032           00143         movlw   d'50'                           ; Aporta 1 ciclo máquina. Este es el valor de "N".
003D   2???           00144         goto    Retardo_1Decima         ; Aporta 2 ciclos máquina.
003E                  00145 Retardo_2s                                              ; La llamada "call" aporta 2 ciclos máquina.
003E   3014           00146         movlw   d'20'                           ; Aporta 1 ciclo máquina. Este es el valor de "N".
003F   2???           00147         goto    Retardo_1Decima         ; Aporta 2 ciclos máquina.
0040                  00148 Retardo_1s                                              ; La llamada "call" aporta 2 ciclos máquina.
0040   300A           00149         movlw   d'10'                           ; Aporta 1 ciclo máquina. Este es el valor de "N".
0041   2???           00150         goto    Retardo_1Decima         ; Aporta 2 ciclos máquina.
0042                  00151 Retardo_500ms                                   ; La llamada "call" aporta 2 ciclos máquina.
0042   3005           00152         movlw   d'5'                            ; Aporta 1 ciclo máquina. Este es el valor de "N".
                      00153 ;
                      00154 ; El próximo bloque "Retardo_1Decima" tarda:
                      00155 ; 1 + N + N + MxN + MxN + KxMxN + (K-1)xMxN + MxNx2 + (K-1)xMxNx2 +
                      00156 ;   + (M-1)xN + Nx2 + (M-1)xNx2 + (N-1) + 2 + (N-1)x2 + 2 =
                      00157 ; = (2 + 4M + 4MN + 4KM) ciclos máquina. Para K=249, M=100 y N=1 supone 100011
                      00158 ; ciclos máquina que a 4 MHz son 100011 µs = 100 ms = 0,1 s = 1 décima de segundo.
                      00159 ;
0043                  00160 Retardo_1Decima
0043   008E           00161         movwf   R_ContC                         ; Aporta 1 ciclo máquina.
0044                  00162 R1Decima_BucleExterno2
0044   3064           00163         movlw   d'100'                          ; Aporta Nx1 ciclos máquina. Este es el valor de "M".
0045   008D           00164         movwf   R_ContB                         ; Aporta Nx1 ciclos máquina.
0046                  00165 R1Decima_BucleExterno
0046   30F9           00166         movlw   d'249'                          ; Aporta MxNx1 ciclos máquina. Este es el valor de "K".
0047   008C           00167         movwf   R_ContA                         ; Aporta MxNx1 ciclos máquina.
0048                  00168 R1Decima_BucleInterno          
0048   0000           00169         nop                                                     ; Aporta KxMxNx1 ciclos máquina.
MPASM 5.75                MULTIPLEXACION.ASM   11-7-2017  19:57:26         PAGE  5


LOC  OBJECT CODE     LINE SOURCE TEXT
  VALUE

0049   0B8C           00170         decfsz  R_ContA,F                       ; (K-1)xMxNx1 cm (si no salta) + MxNx2 cm (al saltar).
004A   2???           00171         goto    R1Decima_BucleInterno   ; Aporta (K-1)xMxNx2 ciclos máquina.
004B   0B8D           00172         decfsz  R_ContB,F                       ; (M-1)xNx1 cm (cuando no salta) + Nx2 cm (al saltar).
004C   2???           00173         goto    R1Decima_BucleExterno   ; Aporta (M-1)xNx2 ciclos máquina.
004D   0B8E           00174         decfsz  R_ContC,F                       ; (N-1)x1 cm (cuando no salta) + 2 cm (al saltar).
004E   2???           00175         goto    R1Decima_BucleExterno2  ; Aporta (N-1)x2 ciclos máquina.
004F   0008           00176         return                                          ; El salto del retorno aporta 2 ciclos máquina.
                      00177 ;
                      00178 ;En total estas subrutinas tardan:
                      00179 ; - Retardo_20s:        2 + 1 + 2 + (2 + 4N + 4MN + 4KMN) = 20000807 cm = 20 s.
                      00180 ;                       (N=200, M=100 y K=249).
                      00181 ; - Retardo_10s:        2 + 1 + 2 + (2 + 4N + 4MN + 4KMN) = 10000407 cm = 10 s.
                      00182 ;                       (N=100, M=100 y K=249).
                      00183 ; - Retardo_5s:         2 + 1 + 2 + (2 + 4N + 4MN + 4KMN) =  5000207 cm =  5 s.
                      00184 ;                       (N= 50, M=100 y K=249).
                      00185 ; - Retardo_2s:         2 + 1 + 2 + (2 + 4N + 4MN + 4KMN) =  2000087 cm =  2 s.
                      00186 ;                       (N= 20, M=100 y K=249).
                      00187 ; - Retardo_1s:         2 + 1 + 2 + (2 + 4N + 4MN + 4KMN) =  1000047 cm =  1 s.
                      00188 ;                       (N= 10, M=100 y K=249).
                      00189 ; - Retardo_500ms:      2 + 1     + (2 + 4N + 4MN + 4KMN) =   500025 cm = 0,5 s.
                      00190 ;                       (N=  5, M=100 y K=249).
                      00191 
                      00192 ;       ===================================================================
                      00193 ;         Del libro "MICROCONTROLADOR PIC16F84. DESARROLLO DE PROYECTOS"
                      00194 ;         E. Palacios, F. Remiro y L. López.            www.pic16f84a.com
                      00195 ;         Editorial Ra-Ma.  www.ra-ma.es
                      00196 ;       ===================================================================
                      00197 
                      00198 
                      00199 
                      00200 
                      00034     
3FF1                  00035     END
MPASM 5.75                MULTIPLEXACION.ASM   11-7-2017  19:57:26         PAGE  6


SYMBOL TABLE
  LABEL                             VALUE 

C                                 00000000
DC                                00000001
EEADR                             00000009
EECON1                            00000088
EECON2                            00000089
EEDATA                            00000008
EEIE                              00000006
EEIF                              00000004
F                                 00000001
FIJAR                             00000005
FSR                               00000004
GIE                               00000007
INDF                              00000000
INTCON                            0000000B
INTE                              00000004
INTEDG                            00000006
INTF                              00000001
IRP                               00000007
NOT_PD                            00000003
NOT_RBPU                          00000007
NOT_TO                            00000004
OPTION_REG                        00000081
PCL                               00000002
PCLATH                            0000000A
PORTA                             00000005
PORTB                             00000006
PS0                               00000000
PS1                               00000001
PS2                               00000002
PSA                               00000003
R1Decima_BucleExterno             00000046
R1Decima_BucleExterno2            00000044
R1Decima_BucleInterno             00000048
R1ms_BucleExterno                 00000030
R1ms_BucleInterno                 00000032
RA0                               00000000
RA1                               00000001
RA2                               00000002
RA3                               00000003
RA4                               00000004
RB0                               00000000
RB1                               00000001
RB2                               00000002
RB3                               00000003
RB4                               00000004
RB5                               00000005
RB6                               00000006
RB7                               00000007
RBIE                              00000003
RBIF                              00000000
RD                                00000000
RP0                               00000005
RP1                               00000006
MPASM 5.75                MULTIPLEXACION.ASM   11-7-2017  19:57:26         PAGE  7


SYMBOL TABLE
  LABEL                             VALUE 

R_ContA                           0000000C
R_ContB                           0000000D
R_ContC                           0000000E
RetardoMicros                     0000001C
Retardo_100micros                 00000016
Retardo_100ms                     00000022
Retardo_10micros                  00000009
Retardo_10ms                      00000028
Retardo_10s                       0000003A
Retardo_1Decima                   00000043
Retardo_1ms                       0000002E
Retardo_1s                        00000040
Retardo_200micros                 00000013
Retardo_200ms                     00000020
Retardo_20micros                  0000001B
Retardo_20ms                      00000026
Retardo_20s                       00000038
Retardo_2ms                       0000002C
Retardo_2s                        0000003E
Retardo_4micros                   0000000F
Retardo_500micros                 00000010
Retardo_500ms                     00000042
Retardo_50micros                  00000018
Retardo_50ms                      00000024
Retardo_5micros                   0000000E
Retardo_5ms                       0000002A
Retardo_5s                        0000003C
Retardos_ms                       0000002F
Rmicros_Bucle                     0000001D
STATUS                            00000003
T0CS                              00000005
T0IE                              00000005
T0IF                              00000002
T0SE                              00000004
TMR0                              00000001
TMR0IE                            00000005
TMR0IF                            00000002
TRISA                             00000085
TRISA0                            00000000
TRISA1                            00000001
TRISA2                            00000002
TRISA3                            00000003
TRISA4                            00000004
TRISB                             00000086
TRISB0                            00000000
TRISB1                            00000001
TRISB2                            00000002
TRISB3                            00000003
TRISB4                            00000004
TRISB5                            00000005
TRISB6                            00000006
TRISB7                            00000007
W                                 00000000
MPASM 5.75                MULTIPLEXACION.ASM   11-7-2017  19:57:26         PAGE  8


SYMBOL TABLE
  LABEL                             VALUE 

WR                                00000001
WREN                              00000002
WRERR                             00000003
Z                                 00000002
_CONFIG                           00002007
_CP_OFF                           00003FFF
_CP_ON                            0000000F
_DEVID1                           00002006
_FOSC_EXTRC                       00003FFF
_FOSC_HS                          00003FFE
_FOSC_LP                          00003FFC
_FOSC_XT                          00003FFD
_HS_OSC                           00003FFE
_IDLOC0                           00002000
_IDLOC1                           00002001
_IDLOC2                           00002002
_IDLOC3                           00002003
_LP_OSC                           00003FFC
_PWRTE_OFF                        00003FFF
_PWRTE_ON                         00003FF7
_RC_OSC                           00003FFF
_WDTE_OFF                         00003FFB
_WDTE_ON                          00003FFF
_WDT_OFF                          00003FFB
_WDT_ON                           00003FFF
_XT_OSC                           00003FFD
__16F84A                          00000001

Errors   :     0
Warnings :     0 reported,     0 suppressed
Messages :     0 reported,     0 suppressed

