MPASM 5.75                     TRES_LEDS.ASM   10-10-2017  18:14:50         PAGE  1


LOC  OBJECT CODE     LINE SOURCE TEXT
  VALUE

                      00001     LIST P=16F84A
                      00002     
                      00003     INCLUDE<P16F84A.INC>
                      00001         LIST
                      00002 
                      00003 ;==========================================================================
                      00004 ; Build date : Jul 02 2017
                      00005 ;  MPASM PIC16F84A processor include
                      00006 ; 
                      00007 ;  (c) Copyright 1999-2017 Microchip Technology, All rights reserved
                      00008 ;==========================================================================
                      00009 
                      00209         LIST
                      00004     
2007   3FF1           00005     __CONFIG _CP_OFF & _WDT_OFF & _PWRTE_ON & _XT_OSC
                      00006     
Warning[207]: Found label after column 1. (TIEMPO1)
  0000000C            00007     TIEMPO1 EQU 0X0C
                      00008  
Warning[207]: Found label after column 1. (TIEMPO2)
  0000000D            00009     TIEMPO2 EQU 0X0D
                      00010     
                      00011     ORG 0
                      00012     
0000   1683           00013     BSF STATUS, RP0
                      00014     
0001   1086           00015     BCF PORTB, 1
                      00016     
0002   1106           00017     BCF PORTB, 2
                      00018     
0003   1186           00019     BCF PORTB, 3
                      00020     
0004   1283           00021     BCF STATUS, RP0
                      00022     
0005                  00023 SERIE
                      00024     
0005   1486           00025     BSF PORTB, 1
                      00026     
0006   2???           00027     CALL RETARDO1
                      00028     
0007   1506           00029     BSF PORTB, 2
                      00030     
0008   2???           00031     CALL RETARDO1
                      00032     
0009   1586           00033     BSF PORTB, 3
                      00034     
000A   2???           00035     CALL RETARDO1
                      00036     
000B   1086           00037     BCF PORTB, 1
                      00038     
000C   2???           00039     CALL RETARDO1
                      00040     
000D   1106           00041     BCF PORTB, 2
MPASM 5.75                     TRES_LEDS.ASM   10-10-2017  18:14:50         PAGE  2


LOC  OBJECT CODE     LINE SOURCE TEXT
  VALUE

                      00042     
000E   2???           00043     CALL RETARDO1
                      00044     
000F   1186           00045     BCF PORTB, 3
                      00046     
0010   2???           00047     CALL RETARDO1
                      00048     
0011   2???           00049     GOTO SERIE
                      00050     
0012                  00051 RETARDO1
                      00052     
Warning[219]: Invalid RAM location specified.
Message[302]: Register in operand not in bank 0.  Ensure that bank bits are correct.
0012   087F           00053     MOVFW D'255'
                      00054     
0013   300C           00055     MOVLW TIEMPO1
                      00056     
0014                  00057 CICLO1
                      00058     
Message[305]: Using default destination of 1 (file).
0014   0B8C           00059     DECFSZ TIEMPO1
                      00060     
0015   2???           00061     GOTO RETARDO2
                      00062     
0016   0008           00063     RETURN
                      00064     
0017                  00065 RETARDO2
                      00066     
Warning[219]: Invalid RAM location specified.
Message[302]: Register in operand not in bank 0.  Ensure that bank bits are correct.
0017   087F           00067     MOVFW D'255'
                      00068     
0018   300D           00069     MOVLW TIEMPO2
                      00070     
0019                  00071 CICLO2
                      00072     
Message[305]: Using default destination of 1 (file).
0019   0B8D           00073     DECFSZ TIEMPO2
                      00074     
001A   2???           00075     GOTO CICLO2
                      00076     
001B   2???           00077     GOTO CICLO1
                      00078     
Warning[205]: Found directive in column 1. (END)
3FF1                  00079 END
MPASM 5.75                     TRES_LEDS.ASM   10-10-2017  18:14:50         PAGE  3


SYMBOL TABLE
  LABEL                             VALUE 

C                                 00000000
CICLO1                            00000014
CICLO2                            00000019
DC                                00000001
EEADR                             00000009
EECON1                            00000088
EECON2                            00000089
EEDATA                            00000008
EEIE                              00000006
EEIF                              00000004
F                                 00000001
FSR                               00000004
GIE                               00000007
INDF                              00000000
INTCON                            0000000B
INTE                              00000004
INTEDG                            00000006
INTF                              00000001
IRP                               00000007
NOT_PD                            00000003
NOT_RBPU                          00000007
NOT_TO                            00000004
OPTION_REG                        00000081
PCL                               00000002
PCLATH                            0000000A
PORTA                             00000005
PORTB                             00000006
PS0                               00000000
PS1                               00000001
PS2                               00000002
PSA                               00000003
RA0                               00000000
RA1                               00000001
RA2                               00000002
RA3                               00000003
RA4                               00000004
RB0                               00000000
RB1                               00000001
RB2                               00000002
RB3                               00000003
RB4                               00000004
RB5                               00000005
RB6                               00000006
RB7                               00000007
RBIE                              00000003
RBIF                              00000000
RD                                00000000
RETARDO1                          00000012
RETARDO2                          00000017
RP0                               00000005
RP1                               00000006
SERIE                             00000005
STATUS                            00000003
MPASM 5.75                     TRES_LEDS.ASM   10-10-2017  18:14:50         PAGE  4


SYMBOL TABLE
  LABEL                             VALUE 

T0CS                              00000005
T0IE                              00000005
T0IF                              00000002
T0SE                              00000004
TIEMPO1                           0000000C
TIEMPO2                           0000000D
TMR0                              00000001
TMR0IE                            00000005
TMR0IF                            00000002
TRISA                             00000085
TRISA0                            00000000
TRISA1                            00000001
TRISA2                            00000002
TRISA3                            00000003
TRISA4                            00000004
TRISB                             00000086
TRISB0                            00000000
TRISB1                            00000001
TRISB2                            00000002
TRISB3                            00000003
TRISB4                            00000004
TRISB5                            00000005
TRISB6                            00000006
TRISB7                            00000007
W                                 00000000
WR                                00000001
WREN                              00000002
WRERR                             00000003
Z                                 00000002
_CONFIG                           00002007
_CP_OFF                           00003FFF
_CP_ON                            0000000F
_DEVID1                           00002006
_FOSC_EXTRC                       00003FFF
_FOSC_HS                          00003FFE
_FOSC_LP                          00003FFC
_FOSC_XT                          00003FFD
_HS_OSC                           00003FFE
_IDLOC0                           00002000
_IDLOC1                           00002001
_IDLOC2                           00002002
_IDLOC3                           00002003
_LP_OSC                           00003FFC
_PWRTE_OFF                        00003FFF
_PWRTE_ON                         00003FF7
_RC_OSC                           00003FFF
_WDTE_OFF                         00003FFB
_WDTE_ON                          00003FFF
_WDT_OFF                          00003FFB
_WDT_ON                           00003FFF
_XT_OSC                           00003FFD
__16F84A                          00000001

MPASM 5.75                     TRES_LEDS.ASM   10-10-2017  18:14:50         PAGE  5





Errors   :     0
Warnings :     5 reported,     0 suppressed
Messages :     4 reported,     0 suppressed

