MPASM 5.75                    CONTADOR_2.ASM   10-11-2017  19:05:30         PAGE  1


LOC  OBJECT CODE     LINE SOURCE TEXT
  VALUE

                      00001     LIST P = 16F877A
                      00002     
                      00003     INCLUDE <P16F877A.INC>
                      00001         LIST
                      00002 
                      00003 ;==========================================================================
                      00004 ; Build date : Jul 02 2017
                      00005 ;  MPASM PIC16F877A processor include
                      00006 ; 
                      00007 ;  (c) Copyright 1999-2017 Microchip Technology, All rights reserved
                      00008 ;==========================================================================
                      00009 
                      00567         LIST
                      00004     
2007   3F71           00005     __CONFIG _WDT_OFF & _PWRTE_ON & _XT_OSC & _LVP_OFF & _CP_OFF
                      00006     
Warning[207]: Found label after column 1. (V1)
  00000020            00007     V1 EQU 0X20
                      00008  
Warning[207]: Found label after column 1. (V2)
  00000021            00009     V2 EQU 0X21
                      00010     
                      00011     ORG 0
                      00012     
0000   1683           00013     BSF STATUS, RP0
                      00014     
0001   0187           00015     CLRF PORTC
                      00016     
0002   0188           00017     CLRF PORTD
                      00018     
0003   1283           00019     BCF STATUS, RP0
                      00020     
0004                  00021 DISPLAY1
                      00022     
0004   303F           00023     MOVLW B'00111111'
                      00024     
0005   0087           00025     MOVWF PORTC
                      00026     
0006   2???           00027     CALL DISPLAY2
                      00028     
0007   3006           00029     MOVLW B'00000110'
                      00030     
0008   0087           00031     MOVWF PORTC
                      00032     
0009   2???           00033     CALL DISPLAY2
                      00034     
000A   305B           00035     MOVLW B'01011011'
                      00036     
000B   0087           00037     MOVWF PORTC
                      00038    
000C   2???           00039     CALL DISPLAY2
                      00040     
000D   304F           00041     MOVLW B'01001111'
MPASM 5.75                    CONTADOR_2.ASM   10-11-2017  19:05:30         PAGE  2


LOC  OBJECT CODE     LINE SOURCE TEXT
  VALUE

                      00042     
000E   0087           00043     MOVWF PORTC
                      00044     
000F   2???           00045     CALL DISPLAY2
                      00046     
0010   3066           00047     MOVLW B'01100110'
                      00048     
0011   0087           00049     MOVWF PORTC
                      00050     
0012   2???           00051     CALL DISPLAY2
                      00052     
0013   306D           00053     MOVLW B'01101101'
                      00054     
0014   0087           00055     MOVWF PORTC
                      00056     
0015   2???           00057     CALL DISPLAY2
                      00058     
0016   307D           00059     MOVLW B'01111101'
                      00060     
0017   0087           00061     MOVWF PORTC
                      00062     
0018   2???           00063     CALL DISPLAY2
                      00064     
0019   3007           00065     MOVLW B'00000111'
                      00066     
001A   0087           00067     MOVWF PORTC
                      00068     
001B   2???           00069     CALL DISPLAY2
                      00070     
001C   307F           00071     MOVLW B'01111111'
                      00072     
001D   0087           00073     MOVWF PORTC
                      00074     
001E   2???           00075     CALL DISPLAY2
                      00076     
001F   306F           00077     MOVLW B'01101111'
                      00078     
0020   0087           00079     MOVWF PORTC
                      00080     
0021   2???           00081     CALL DISPLAY2
                      00082     
0022   2???           00083     GOTO DISPLAY1
                      00084     
0023                  00085 DISPLAY2
                      00086     
0023   303F           00087     MOVLW B'00111111'
                      00088     
0024   0088           00089     MOVWF PORTD
                      00090     
0025   2???           00091     CALL RETARDO
                      00092     
0026   3006           00093     MOVLW B'00000110'
                      00094     
MPASM 5.75                    CONTADOR_2.ASM   10-11-2017  19:05:30         PAGE  3


LOC  OBJECT CODE     LINE SOURCE TEXT
  VALUE

0027   0088           00095     MOVWF PORTD
                      00096     
0028   2???           00097     CALL RETARDO
                      00098     
0029   305B           00099     MOVLW B'01011011'
                      00100     
002A   0088           00101     MOVWF PORTD
                      00102     
002B   2???           00103     CALL RETARDO
                      00104     
002C   304F           00105     MOVLW B'01001111'
                      00106     
002D   0088           00107     MOVWF PORTD
                      00108     
002E   2???           00109     CALL RETARDO
                      00110     
002F   3066           00111     MOVLW B'01100110'
                      00112     
0030   0088           00113     MOVWF PORTD
                      00114     
0031   2???           00115     CALL RETARDO
                      00116     
0032   306D           00117     MOVLW B'01101101'
                      00118     
0033   0088           00119     MOVWF PORTD
                      00120     
0034   2???           00121     CALL RETARDO
                      00122     
0035   307D           00123     MOVLW B'01111101'
                      00124     
0036   0088           00125     MOVWF PORTD
                      00126     
0037   2???           00127     CALL RETARDO
                      00128     
0038   3007           00129     MOVLW B'00000111'
                      00130     
0039   0088           00131     MOVWF PORTD
                      00132     
003A   2???           00133     CALL RETARDO
                      00134     
003B   307F           00135     MOVLW B'01111111'
                      00136     
003C   0088           00137     MOVWF PORTD
                      00138     
003D   2???           00139     CALL RETARDO
                      00140     
003E   306F           00141     MOVLW B'01101111'
                      00142     
003F   0088           00143     MOVWF PORTD
                      00144     
0040   2???           00145     CALL RETARDO
                      00146     
0041   0008           00147     RETURN
MPASM 5.75                    CONTADOR_2.ASM   10-11-2017  19:05:30         PAGE  4


LOC  OBJECT CODE     LINE SOURCE TEXT
  VALUE

                      00148     
0042                  00149 RETARDO
                      00150     
0042   30FF           00151     MOVLW D'255'
                      00152     
0043   00A0           00153     MOVWF V1
                      00154     
0044                  00155 DEC
                      00156     
Message[305]: Using default destination of 1 (file).
0044   0BA0           00157     DECFSZ V1
                      00158     
0045   2???           00159     GOTO SUBRET
                      00160     
0046   0008           00161     RETURN
                      00162     
0047                  00163 SUBRET
                      00164     
0047   30FF           00165     MOVLW D'255'
                      00166     
0048   00A1           00167     MOVWF V2
                      00168     
0049                  00169 SUBDEC
                      00170     
Message[305]: Using default destination of 1 (file).
0049   0BA1           00171     DECFSZ V2
                      00172     
004A   2???           00173     GOTO SUBDEC
                      00174     
004B   2???           00175     GOTO DEC
                      00176     
Warning[205]: Found directive in column 1. (END)
3F71                  00177 END
MPASM 5.75                    CONTADOR_2.ASM   10-11-2017  19:05:30         PAGE  5


SYMBOL TABLE
  LABEL                             VALUE 

ACKDT                             00000005
ACKEN                             00000004
ACKSTAT                           00000006
ADCON0                            0000001F
ADCON1                            0000009F
ADCS0                             00000006
ADCS1                             00000007
ADCS2                             00000006
ADDEN                             00000003
ADFM                              00000007
ADIE                              00000006
ADIF                              00000006
ADON                              00000000
ADRESH                            0000001E
ADRESL                            0000009E
BCLIE                             00000003
BCLIF                             00000003
BF                                00000000
BRGH                              00000002
C                                 00000000
C1INV                             00000004
C1OUT                             00000006
C2INV                             00000005
C2OUT                             00000007
CCP1CON                           00000017
CCP1IE                            00000002
CCP1IF                            00000002
CCP1M0                            00000000
CCP1M1                            00000001
CCP1M2                            00000002
CCP1M3                            00000003
CCP1X                             00000005
CCP1Y                             00000004
CCP2CON                           0000001D
CCP2IE                            00000000
CCP2IF                            00000000
CCP2M0                            00000000
CCP2M1                            00000001
CCP2M2                            00000002
CCP2M3                            00000003
CCP2X                             00000005
CCP2Y                             00000004
CCPR1                             00000015
CCPR1H                            00000016
CCPR1L                            00000015
CCPR2                             0000001B
CCPR2H                            0000001C
CCPR2L                            0000001B
CHS0                              00000003
CHS1                              00000004
CHS2                              00000005
CIS                               00000003
CKE                               00000006
MPASM 5.75                    CONTADOR_2.ASM   10-11-2017  19:05:30         PAGE  6


SYMBOL TABLE
  LABEL                             VALUE 

CKP                               00000004
CM0                               00000000
CM1                               00000001
CM2                               00000002
CMCON                             0000009C
CMIE                              00000006
CMIF                              00000006
CREN                              00000004
CSRC                              00000007
CVR0                              00000000
CVR1                              00000001
CVR2                              00000002
CVR3                              00000003
CVRCON                            0000009D
CVREN                             00000007
CVROE                             00000006
CVRR                              00000005
D                                 00000005
DATA_ADDRESS                      00000005
DC                                00000001
DEC                               00000044
DISPLAY1                          00000004
DISPLAY2                          00000023
D_A                               00000005
D_NOT_A                           00000005
EEADR                             0000010D
EEADRH                            0000010F
EECON1                            0000018C
EECON2                            0000018D
EEDATA                            0000010C
EEDATH                            0000010E
EEIE                              00000004
EEIF                              00000004
EEPGD                             00000007
F                                 00000001
FERR                              00000002
FSR                               00000004
GCEN                              00000007
GIE                               00000007
GO                                00000002
GO_DONE                           00000002
GO_NOT_DONE                       00000002
I2C_DATA                          00000005
I2C_READ                          00000002
I2C_START                         00000003
I2C_STOP                          00000004
IBF                               00000007
IBOV                              00000005
INDF                              00000000
INTCON                            0000000B
INTE                              00000004
INTEDG                            00000006
INTF                              00000001
MPASM 5.75                    CONTADOR_2.ASM   10-11-2017  19:05:30         PAGE  7


SYMBOL TABLE
  LABEL                             VALUE 

IRP                               00000007
NOT_A                             00000005
NOT_ADDRESS                       00000005
NOT_BO                            00000000
NOT_BOR                           00000000
NOT_DONE                          00000002
NOT_PD                            00000003
NOT_POR                           00000001
NOT_RBPU                          00000007
NOT_RC8                           00000006
NOT_T1SYNC                        00000002
NOT_TO                            00000004
NOT_TX8                           00000006
NOT_W                             00000002
NOT_WRITE                         00000002
OBF                               00000006
OERR                              00000001
OPTION_REG                        00000081
P                                 00000004
PCFG0                             00000000
PCFG1                             00000001
PCFG2                             00000002
PCFG3                             00000003
PCL                               00000002
PCLATH                            0000000A
PCON                              0000008E
PEIE                              00000006
PEN                               00000002
PIE1                              0000008C
PIE2                              0000008D
PIR1                              0000000C
PIR2                              0000000D
PORTA                             00000005
PORTB                             00000006
PORTC                             00000007
PORTD                             00000008
PORTE                             00000009
PR2                               00000092
PS0                               00000000
PS1                               00000001
PS2                               00000002
PSA                               00000003
PSPIE                             00000007
PSPIF                             00000007
PSPMODE                           00000004
R                                 00000002
RA0                               00000000
RA1                               00000001
RA2                               00000002
RA3                               00000003
RA4                               00000004
RA5                               00000005
RB0                               00000000
MPASM 5.75                    CONTADOR_2.ASM   10-11-2017  19:05:30         PAGE  8


SYMBOL TABLE
  LABEL                             VALUE 

RB1                               00000001
RB2                               00000002
RB3                               00000003
RB4                               00000004
RB5                               00000005
RB6                               00000006
RB7                               00000007
RBIE                              00000003
RBIF                              00000000
RC0                               00000000
RC1                               00000001
RC2                               00000002
RC3                               00000003
RC4                               00000004
RC5                               00000005
RC6                               00000006
RC7                               00000007
RC8_9                             00000006
RC9                               00000006
RCD8                              00000000
RCEN                              00000003
RCIE                              00000005
RCIF                              00000005
RCREG                             0000001A
RCSTA                             00000018
RD                                00000000
RD0                               00000000
RD1                               00000001
RD2                               00000002
RD3                               00000003
RD4                               00000004
RD5                               00000005
RD6                               00000006
RD7                               00000007
RE0                               00000000
RE1                               00000001
RE2                               00000002
READ_WRITE                        00000002
RETARDO                           00000042
RP0                               00000005
RP1                               00000006
RSEN                              00000001
RX9                               00000006
RX9D                              00000000
R_NOT_W                           00000002
R_W                               00000002
S                                 00000003
SEN                               00000000
SMP                               00000007
SPBRG                             00000099
SPEN                              00000007
SREN                              00000005
SSPADD                            00000093
MPASM 5.75                    CONTADOR_2.ASM   10-11-2017  19:05:30         PAGE  9


SYMBOL TABLE
  LABEL                             VALUE 

SSPBUF                            00000013
SSPCON                            00000014
SSPCON2                           00000091
SSPEN                             00000005
SSPIE                             00000003
SSPIF                             00000003
SSPM0                             00000000
SSPM1                             00000001
SSPM2                             00000002
SSPM3                             00000003
SSPOV                             00000006
SSPSTAT                           00000094
STATUS                            00000003
SUBDEC                            00000049
SUBRET                            00000047
SYNC                              00000004
T0CS                              00000005
T0IE                              00000005
T0IF                              00000002
T0SE                              00000004
T1CKPS0                           00000004
T1CKPS1                           00000005
T1CON                             00000010
T1INSYNC                          00000002
T1OSCEN                           00000003
T1SYNC                            00000002
T2CKPS0                           00000000
T2CKPS1                           00000001
T2CON                             00000012
TMR0                              00000001
TMR0IE                            00000005
TMR0IF                            00000002
TMR1                              0000000E
TMR1CS                            00000001
TMR1H                             0000000F
TMR1IE                            00000000
TMR1IF                            00000000
TMR1L                             0000000E
TMR1ON                            00000000
TMR2                              00000011
TMR2IE                            00000001
TMR2IF                            00000001
TMR2ON                            00000002
TOUTPS0                           00000003
TOUTPS1                           00000004
TOUTPS2                           00000005
TOUTPS3                           00000006
TRISA                             00000085
TRISA0                            00000000
TRISA1                            00000001
TRISA2                            00000002
TRISA3                            00000003
TRISA4                            00000004
MPASM 5.75                    CONTADOR_2.ASM   10-11-2017  19:05:30         PAGE 10


SYMBOL TABLE
  LABEL                             VALUE 

TRISA5                            00000005
TRISB                             00000086
TRISB0                            00000000
TRISB1                            00000001
TRISB2                            00000002
TRISB3                            00000003
TRISB4                            00000004
TRISB5                            00000005
TRISB6                            00000006
TRISB7                            00000007
TRISC                             00000087
TRISC0                            00000000
TRISC1                            00000001
TRISC2                            00000002
TRISC3                            00000003
TRISC4                            00000004
TRISC5                            00000005
TRISC6                            00000006
TRISC7                            00000007
TRISD                             00000088
TRISD0                            00000000
TRISD1                            00000001
TRISD2                            00000002
TRISD3                            00000003
TRISD4                            00000004
TRISD5                            00000005
TRISD6                            00000006
TRISD7                            00000007
TRISE                             00000089
TRISE0                            00000000
TRISE1                            00000001
TRISE2                            00000002
TRMT                              00000001
TX8_9                             00000006
TX9                               00000006
TX9D                              00000000
TXD8                              00000000
TXEN                              00000005
TXIE                              00000004
TXIF                              00000004
TXREG                             00000019
TXSTA                             00000098
UA                                00000001
V1                                00000020
V2                                00000021
W                                 00000000
WCOL                              00000007
WR                                00000001
WREN                              00000002
WRERR                             00000003
Z                                 00000002
_BODEN_OFF                        00003FBF
_BODEN_ON                         00003FFF
MPASM 5.75                    CONTADOR_2.ASM   10-11-2017  19:05:30         PAGE 11


SYMBOL TABLE
  LABEL                             VALUE 

_BOREN_OFF                        00003FBF
_BOREN_ON                         00003FFF
_CONFIG                           00002007
_CPD_OFF                          00003FFF
_CPD_ON                           00003EFF
_CP_ALL                           00001FFF
_CP_OFF                           00003FFF
_CP_ON                            00001FFF
_DEBUG_OFF                        00003FFF
_DEBUG_ON                         000037FF
_DEVID1                           00002006
_FOSC_EXTRC                       00003FFF
_FOSC_HS                          00003FFE
_FOSC_LP                          00003FFC
_FOSC_XT                          00003FFD
_HS_OSC                           00003FFE
_IDLOC0                           00002000
_IDLOC1                           00002001
_IDLOC2                           00002002
_IDLOC3                           00002003
_LP_OSC                           00003FFC
_LVP_OFF                          00003F7F
_LVP_ON                           00003FFF
_PWRTE_OFF                        00003FFF
_PWRTE_ON                         00003FF7
_RC_OSC                           00003FFF
_WDTE_OFF                         00003FFB
_WDTE_ON                          00003FFF
_WDT_OFF                          00003FFB
_WDT_ON                           00003FFF
_WRT_1FOURTH                      00003BFF
_WRT_256                          00003DFF
_WRT_HALF                         000039FF
_WRT_OFF                          00003FFF
_XT_OSC                           00003FFD
__16F877A                         00000001

Errors   :     0
Warnings :     3 reported,     0 suppressed
Messages :     2 reported,     0 suppressed

