MPASM 5.75                     LED_BOTON.ASM   10-10-2017  19:08:16         PAGE  1


LOC  OBJECT CODE     LINE SOURCE TEXT
  VALUE

                      00001     LIST P=16F84A
                      00002 
                      00003     INCLUDE <P16F84A.INC>
                      00001         LIST
                      00002 
                      00003 ;==========================================================================
                      00004 ; Build date : Jul 02 2017
                      00005 ;  MPASM PIC16F84A processor include
                      00006 ; 
                      00007 ;  (c) Copyright 1999-2017 Microchip Technology, All rights reserved
                      00008 ;==========================================================================
                      00009 
                      00209         LIST
                      00004     
2007   3FF1           00005     __CONFIG _CP_OFF & _WDT_OFF & _PWRTE_ON & _XT_OSC
                      00006     
                      00007     ORG 0
                      00008     
0000   1683           00009     BSF STATUS, 5
                      00010     
0001   1485           00011     BSF PORTA, 1 ;Puerto A, pin 1 como entrada
                      00012     
0002   1006           00013     BCF PORTB, 0 ;Puerto B, pin 0 como salida
                      00014     
0003   1283           00015     BCF STATUS, 5
                      00016     
0004                  00017 APAGAR
                      00018     
0004   1885           00019     BTFSC PORTA, 1 ;Verifica si el pin 1 del puerto A no tiene energía, si es verdadero salta una línea
                      00020     
0005   2???           00021     GOTO APAGAR
                      00022     
0006   1006           00023     BCF PORTB, 0
                      00024     
0007   2???           00025     GOTO ENCENDER
                      00026     
0008                  00027 ENCENDER
                      00028     
0008   1C85           00029     BTFSS PORTA, 1 ;Verifica si el pin 1 del puerto A tiene energía, si es verdadero salta una línea
                      00030     
0009   2???           00031     GOTO ENCENDER
                      00032     
000A   1406           00033     BSF PORTB, 0
                      00034     
000B   2???           00035     GOTO APAGAR
                      00036     
Warning[205]: Found directive in column 1. (END)
3FF1                  00037 END
MPASM 5.75                     LED_BOTON.ASM   10-10-2017  19:08:16         PAGE  2


SYMBOL TABLE
  LABEL                             VALUE 

APAGAR                            00000004
C                                 00000000
DC                                00000001
EEADR                             00000009
EECON1                            00000088
EECON2                            00000089
EEDATA                            00000008
EEIE                              00000006
EEIF                              00000004
ENCENDER                          00000008
F                                 00000001
FSR                               00000004
GIE                               00000007
INDF                              00000000
INTCON                            0000000B
INTE                              00000004
INTEDG                            00000006
INTF                              00000001
IRP                               00000007
NOT_PD                            00000003
NOT_RBPU                          00000007
NOT_TO                            00000004
OPTION_REG                        00000081
PCL                               00000002
PCLATH                            0000000A
PORTA                             00000005
PORTB                             00000006
PS0                               00000000
PS1                               00000001
PS2                               00000002
PSA                               00000003
RA0                               00000000
RA1                               00000001
RA2                               00000002
RA3                               00000003
RA4                               00000004
RB0                               00000000
RB1                               00000001
RB2                               00000002
RB3                               00000003
RB4                               00000004
RB5                               00000005
RB6                               00000006
RB7                               00000007
RBIE                              00000003
RBIF                              00000000
RD                                00000000
RP0                               00000005
RP1                               00000006
STATUS                            00000003
T0CS                              00000005
T0IE                              00000005
T0IF                              00000002
MPASM 5.75                     LED_BOTON.ASM   10-10-2017  19:08:16         PAGE  3


SYMBOL TABLE
  LABEL                             VALUE 

T0SE                              00000004
TMR0                              00000001
TMR0IE                            00000005
TMR0IF                            00000002
TRISA                             00000085
TRISA0                            00000000
TRISA1                            00000001
TRISA2                            00000002
TRISA3                            00000003
TRISA4                            00000004
TRISB                             00000086
TRISB0                            00000000
TRISB1                            00000001
TRISB2                            00000002
TRISB3                            00000003
TRISB4                            00000004
TRISB5                            00000005
TRISB6                            00000006
TRISB7                            00000007
W                                 00000000
WR                                00000001
WREN                              00000002
WRERR                             00000003
Z                                 00000002
_CONFIG                           00002007
_CP_OFF                           00003FFF
_CP_ON                            0000000F
_DEVID1                           00002006
_FOSC_EXTRC                       00003FFF
_FOSC_HS                          00003FFE
_FOSC_LP                          00003FFC
_FOSC_XT                          00003FFD
_HS_OSC                           00003FFE
_IDLOC0                           00002000
_IDLOC1                           00002001
_IDLOC2                           00002002
_IDLOC3                           00002003
_LP_OSC                           00003FFC
_PWRTE_OFF                        00003FFF
_PWRTE_ON                         00003FF7
_RC_OSC                           00003FFF
_WDTE_OFF                         00003FFB
_WDTE_ON                          00003FFF
_WDT_OFF                          00003FFB
_WDT_ON                           00003FFF
_XT_OSC                           00003FFD
__16F84A                          00000001

Errors   :     0
Warnings :     1 reported,     0 suppressed
Messages :     0 reported,     0 suppressed

