MPASM 5.75           LED_ENCENDER_APAGAR.ASM   10-10-2017  18:35:08         PAGE  1


LOC  OBJECT CODE     LINE SOURCE TEXT
  VALUE

                      00001     LIST P=16F84A
                      00002     
                      00003     INCLUDE<P16F84A.INC>
                      00001         LIST
                      00002 
                      00003 ;==========================================================================
                      00004 ; Build date : Jul 02 2017
                      00005 ;  MPASM PIC16F84A processor include
                      00006 ; 
                      00007 ;  (c) Copyright 1999-2017 Microchip Technology, All rights reserved
                      00008 ;==========================================================================
                      00009 
                      00209         LIST
                      00004     
2007   3FF1           00005     __CONFIG _CP_OFF & _WDT_OFF & _PWRTE_ON & _XT_OSC
                      00006     
Warning[207]: Found label after column 1. (TIEMPO)
  00000010            00007     TIEMPO EQU 0X10
                      00008  
                      00009     ORG 0
                      00010     
0000   1683           00011     BSF STATUS, 5
                      00012     
0001   1006           00013     BCF PORTB, 0
                      00014     
0002   1283           00015     BCF STATUS, 5
                      00016     
0003                  00017 ENCENDER
                      00018     
0003   1406           00019     BSF PORTB, 0
                      00020     
0004   2???           00021     CALL RETARDO
                      00022     
0005   2???           00023     GOTO APAGAR
                      00024     
0006                  00025 APAGAR
                      00026     
0006   1006           00027     BCF PORTB, 0
                      00028     
0007   2???           00029     CALL RETARDO
                      00030     
0008   2???           00031     GOTO ENCENDER
                      00032     
0009                  00033 RETARDO
                      00034     
0009   30FF           00035     MOVLW D'255'
                      00036     
000A   0810           00037     MOVFW TIEMPO
                      00038     
000B                  00039 CICLO
                      00040     
Message[305]: Using default destination of 1 (file).
000B   0B90           00041     DECFSZ TIEMPO
MPASM 5.75           LED_ENCENDER_APAGAR.ASM   10-10-2017  18:35:08         PAGE  2


LOC  OBJECT CODE     LINE SOURCE TEXT
  VALUE

                      00042     
000C   2???           00043     GOTO CICLO
                      00044     
000D   0008           00045     RETURN
                      00046     
Warning[205]: Found directive in column 1. (END)
3FF1                  00047 END
MPASM 5.75           LED_ENCENDER_APAGAR.ASM   10-10-2017  18:35:08         PAGE  3


SYMBOL TABLE
  LABEL                             VALUE 

APAGAR                            00000006
C                                 00000000
CICLO                             0000000B
DC                                00000001
EEADR                             00000009
EECON1                            00000088
EECON2                            00000089
EEDATA                            00000008
EEIE                              00000006
EEIF                              00000004
ENCENDER                          00000003
F                                 00000001
FSR                               00000004
GIE                               00000007
INDF                              00000000
INTCON                            0000000B
INTE                              00000004
INTEDG                            00000006
INTF                              00000001
IRP                               00000007
NOT_PD                            00000003
NOT_RBPU                          00000007
NOT_TO                            00000004
OPTION_REG                        00000081
PCL                               00000002
PCLATH                            0000000A
PORTA                             00000005
PORTB                             00000006
PS0                               00000000
PS1                               00000001
PS2                               00000002
PSA                               00000003
RA0                               00000000
RA1                               00000001
RA2                               00000002
RA3                               00000003
RA4                               00000004
RB0                               00000000
RB1                               00000001
RB2                               00000002
RB3                               00000003
RB4                               00000004
RB5                               00000005
RB6                               00000006
RB7                               00000007
RBIE                              00000003
RBIF                              00000000
RD                                00000000
RETARDO                           00000009
RP0                               00000005
RP1                               00000006
STATUS                            00000003
T0CS                              00000005
MPASM 5.75           LED_ENCENDER_APAGAR.ASM   10-10-2017  18:35:08         PAGE  4


SYMBOL TABLE
  LABEL                             VALUE 

T0IE                              00000005
T0IF                              00000002
T0SE                              00000004
TIEMPO                            00000010
TMR0                              00000001
TMR0IE                            00000005
TMR0IF                            00000002
TRISA                             00000085
TRISA0                            00000000
TRISA1                            00000001
TRISA2                            00000002
TRISA3                            00000003
TRISA4                            00000004
TRISB                             00000086
TRISB0                            00000000
TRISB1                            00000001
TRISB2                            00000002
TRISB3                            00000003
TRISB4                            00000004
TRISB5                            00000005
TRISB6                            00000006
TRISB7                            00000007
W                                 00000000
WR                                00000001
WREN                              00000002
WRERR                             00000003
Z                                 00000002
_CONFIG                           00002007
_CP_OFF                           00003FFF
_CP_ON                            0000000F
_DEVID1                           00002006
_FOSC_EXTRC                       00003FFF
_FOSC_HS                          00003FFE
_FOSC_LP                          00003FFC
_FOSC_XT                          00003FFD
_HS_OSC                           00003FFE
_IDLOC0                           00002000
_IDLOC1                           00002001
_IDLOC2                           00002002
_IDLOC3                           00002003
_LP_OSC                           00003FFC
_PWRTE_OFF                        00003FFF
_PWRTE_ON                         00003FF7
_RC_OSC                           00003FFF
_WDTE_OFF                         00003FFB
_WDTE_ON                          00003FFF
_WDT_OFF                          00003FFB
_WDT_ON                           00003FFF
_XT_OSC                           00003FFD
__16F84A                          00000001

MPASM 5.75           LED_ENCENDER_APAGAR.ASM   10-10-2017  18:35:08         PAGE  5





Errors   :     0
Warnings :     2 reported,     0 suppressed
Messages :     1 reported,     0 suppressed

