MPASM 5.75                   JUEGO_LUCES.ASM   11-4-2017  19:02:46         PAGE  1


LOC  OBJECT CODE     LINE SOURCE TEXT
  VALUE

                      00001     LIST P=16F84A
                      00002     
                      00003     INCLUDE<P16F84A.INC>
                      00001         LIST
                      00002 
                      00003 ;==========================================================================
                      00004 ; Build date : Jul 02 2017
                      00005 ;  MPASM PIC16F84A processor include
                      00006 ; 
                      00007 ;  (c) Copyright 1999-2017 Microchip Technology, All rights reserved
                      00008 ;==========================================================================
                      00009 
                      00209         LIST
                      00004     
2007   3FF1           00005     __CONFIG _CP_OFF & _WDT_OFF & _PWRTE_ON & _XT_OSC
                      00006     
Warning[207]: Found label after column 1. (T1)
  0000000C            00007     T1 EQU 0X0C
                      00008     
Warning[207]: Found label after column 1. (T2)
  0000000D            00009     T2 EQU 0X0D
                      00010  
                      00011     ORG 0
                      00012     
0000   1683           00013     BSF STATUS, RP0
                      00014     
Message[302]: Register in operand not in bank 0.  Ensure that bank bits are correct.
0001   0186           00015     CLRF TRISB
                      00016     
0002   1283           00017     BCF STATUS, RP0
                      00018  
0003                  00019 INICIO
                      00020     
0003   3001           00021     MOVLW D'1'
                      00022     
0004   0086           00023     MOVWF PORTB
                      00024     
0005   2???           00025     CALL RET1
                      00026     
0006   3002           00027     MOVLW D'2'
                      00028     
0007   0086           00029     MOVWF PORTB
                      00030     
0008   2???           00031     CALL RET1
                      00032     
0009   3004           00033     MOVLW D'4'
                      00034     
000A   0086           00035     MOVWF PORTB
                      00036     
000B   2???           00037     CALL RET1
                      00038     
000C   3008           00039     MOVLW D'8'
                      00040     
MPASM 5.75                   JUEGO_LUCES.ASM   11-4-2017  19:02:46         PAGE  2


LOC  OBJECT CODE     LINE SOURCE TEXT
  VALUE

000D   0086           00041     MOVWF PORTB
                      00042     
000E   2???           00043     CALL RET1
                      00044     
000F   3010           00045     MOVLW D'16'
                      00046     
0010   0086           00047     MOVWF PORTB
                      00048     
0011   2???           00049     CALL RET1
                      00050     
0012   3020           00051     MOVLW D'32'
                      00052     
0013   0086           00053     MOVWF PORTB
                      00054     
0014   2???           00055     CALL RET1
                      00056     
0015   3040           00057     MOVLW D'64'
                      00058     
0016   0086           00059     MOVWF PORTB
                      00060     
0017   2???           00061     CALL RET1
                      00062     
0018   3080           00063     MOVLW D'128'
                      00064     
0019   0086           00065     MOVWF PORTB
                      00066     
001A   2???           00067     CALL RET1
                      00068     
001B   3040           00069     MOVLW D'64'
                      00070     
001C   0086           00071     MOVWF PORTB
                      00072     
001D   2???           00073     CALL RET1
                      00074     
001E   3020           00075     MOVLW D'32'
                      00076     
001F   0086           00077     MOVWF PORTB
                      00078     
0020   2???           00079     CALL RET1
                      00080     
0021   3010           00081     MOVLW D'16'
                      00082     
0022   0086           00083     MOVWF PORTB
                      00084     
0023   2???           00085     CALL RET1
                      00086     
0024   3008           00087     MOVLW D'8'
                      00088     
0025   0086           00089     MOVWF PORTB
                      00090     
0026   2???           00091     CALL RET1
                      00092     
0027   3004           00093     MOVLW D'4'
MPASM 5.75                   JUEGO_LUCES.ASM   11-4-2017  19:02:46         PAGE  3


LOC  OBJECT CODE     LINE SOURCE TEXT
  VALUE

                      00094     
0028   0086           00095     MOVWF PORTB
                      00096     
0029   2???           00097     CALL RET1
                      00098     
002A   3002           00099     MOVLW D'2'
                      00100     
002B   0086           00101     MOVWF PORTB
                      00102     
002C   2???           00103     CALL RET1
                      00104     
002D   2???           00105     GOTO INICIO
                      00106     
002E                  00107 RET1
                      00108     
002E   30FF           00109     MOVLW D'255'
                      00110     
002F   008C           00111     MOVWF T1
                      00112     
0030                  00113 DEC1
                      00114     
Message[305]: Using default destination of 1 (file).
0030   0B8C           00115     DECFSZ T1
                      00116     
0031   2???           00117     GOTO RET2
                      00118     
0032   0008           00119     RETURN
                      00120     
0033                  00121 RET2
                      00122     
0033   30FF           00123     MOVLW D'255'
                      00124     
0034   008D           00125     MOVWF T2
                      00126     
0035                  00127 DEC2
                      00128     
Message[305]: Using default destination of 1 (file).
0035   0B8D           00129     DECFSZ T2
                      00130     
0036   2???           00131     GOTO DEC2
                      00132     
0037   2???           00133     GOTO DEC1
                      00134     
Warning[205]: Found directive in column 1. (END)
3FF1                  00135 END
MPASM 5.75                   JUEGO_LUCES.ASM   11-4-2017  19:02:46         PAGE  4


SYMBOL TABLE
  LABEL                             VALUE 

C                                 00000000
DC                                00000001
DEC1                              00000030
DEC2                              00000035
EEADR                             00000009
EECON1                            00000088
EECON2                            00000089
EEDATA                            00000008
EEIE                              00000006
EEIF                              00000004
F                                 00000001
FSR                               00000004
GIE                               00000007
INDF                              00000000
INICIO                            00000003
INTCON                            0000000B
INTE                              00000004
INTEDG                            00000006
INTF                              00000001
IRP                               00000007
NOT_PD                            00000003
NOT_RBPU                          00000007
NOT_TO                            00000004
OPTION_REG                        00000081
PCL                               00000002
PCLATH                            0000000A
PORTA                             00000005
PORTB                             00000006
PS0                               00000000
PS1                               00000001
PS2                               00000002
PSA                               00000003
RA0                               00000000
RA1                               00000001
RA2                               00000002
RA3                               00000003
RA4                               00000004
RB0                               00000000
RB1                               00000001
RB2                               00000002
RB3                               00000003
RB4                               00000004
RB5                               00000005
RB6                               00000006
RB7                               00000007
RBIE                              00000003
RBIF                              00000000
RD                                00000000
RET1                              0000002E
RET2                              00000033
RP0                               00000005
RP1                               00000006
STATUS                            00000003
MPASM 5.75                   JUEGO_LUCES.ASM   11-4-2017  19:02:46         PAGE  5


SYMBOL TABLE
  LABEL                             VALUE 

T0CS                              00000005
T0IE                              00000005
T0IF                              00000002
T0SE                              00000004
T1                                0000000C
T2                                0000000D
TMR0                              00000001
TMR0IE                            00000005
TMR0IF                            00000002
TRISA                             00000085
TRISA0                            00000000
TRISA1                            00000001
TRISA2                            00000002
TRISA3                            00000003
TRISA4                            00000004
TRISB                             00000086
TRISB0                            00000000
TRISB1                            00000001
TRISB2                            00000002
TRISB3                            00000003
TRISB4                            00000004
TRISB5                            00000005
TRISB6                            00000006
TRISB7                            00000007
W                                 00000000
WR                                00000001
WREN                              00000002
WRERR                             00000003
Z                                 00000002
_CONFIG                           00002007
_CP_OFF                           00003FFF
_CP_ON                            0000000F
_DEVID1                           00002006
_FOSC_EXTRC                       00003FFF
_FOSC_HS                          00003FFE
_FOSC_LP                          00003FFC
_FOSC_XT                          00003FFD
_HS_OSC                           00003FFE
_IDLOC0                           00002000
_IDLOC1                           00002001
_IDLOC2                           00002002
_IDLOC3                           00002003
_LP_OSC                           00003FFC
_PWRTE_OFF                        00003FFF
_PWRTE_ON                         00003FF7
_RC_OSC                           00003FFF
_WDTE_OFF                         00003FFB
_WDTE_ON                          00003FFF
_WDT_OFF                          00003FFB
_WDT_ON                           00003FFF
_XT_OSC                           00003FFD
__16F84A                          00000001

MPASM 5.75                   JUEGO_LUCES.ASM   11-4-2017  19:02:46         PAGE  6





Errors   :     0
Warnings :     3 reported,     0 suppressed
Messages :     3 reported,     0 suppressed

