MPASM 5.75                      EXAMEN_2.ASM   10-26-2017  21:00:36         PAGE  1


LOC  OBJECT CODE     LINE SOURCE TEXT
  VALUE

                      00001     LIST P=16F84A
                      00002     
                      00003     INCLUDE <P16F84A.INC>
                      00001         LIST
                      00002 
                      00003 ;==========================================================================
                      00004 ; Build date : Jul 02 2017
                      00005 ;  MPASM PIC16F84A processor include
                      00006 ; 
                      00007 ;  (c) Copyright 1999-2017 Microchip Technology, All rights reserved
                      00008 ;==========================================================================
                      00009 
                      00209         LIST
                      00004     
                      00005     ORG 0
                      00006     
0000   1683           00007     BSF STATUS, RP0
                      00008     
0001   0186           00009     CLRF PORTB
                      00010     
0002   1405           00011     BSF PORTA, RA0
                      00012     
0003   1485           00013     BSF PORTA, RA1
                      00014     
0004   1283           00015     BCF STATUS, RP0
                      00016     
0005   3000           00017     MOVLW B'00000000'
                      00018     
0006   0086           00019     MOVWF PORTB
                      00020     
0007                  00021 CASO1
                      00022     
0007   1C05           00023     BTFSS PORTA, RA0
                      00024     
0008   2???           00025     GOTO CASO2
                      00026     
0009   1C85           00027     BTFSS PORTA, RA1
                      00028     
000A   2???           00029     GOTO CASO2
                      00030     
000B   2???           00031     GOTO APAGAR
                      00032     
000C                  00033 CASO2
                      00034     
000C   1805           00035     BTFSC PORTA, RA0
                      00036     
000D   2???           00037     GOTO CASO3
                      00038     
000E   1885           00039     BTFSC PORTA, RA1
                      00040     
000F   2???           00041     GOTO CASO3
                      00042     
0010   2???           00043     GOTO APAGAR
MPASM 5.75                      EXAMEN_2.ASM   10-26-2017  21:00:36         PAGE  2


LOC  OBJECT CODE     LINE SOURCE TEXT
  VALUE

                      00044     
0011                  00045 CASO3
                      00046     
0011   1C05           00047     BTFSS PORTA, RA0
                      00048     
0012   2???           00049     GOTO CASO4
                      00050     
0013   1885           00051     BTFSC PORTA, RA1
                      00052     
0014   2???           00053     GOTO CASO4
                      00054     
0015   2???           00055     GOTO ENCENDER
                      00056     
0016                  00057 CASO4
                      00058     
0016   2???           00059     GOTO ENCENDER
                      00060     
0017                  00061 APAGAR
                      00062     
0017   3000           00063     MOVLW B'00000000'
                      00064     
0018   0086           00065     MOVWF PORTB
                      00066     
0019   2???           00067     GOTO CASO1
                      00068     
001A                  00069 ENCENDER
                      00070     
001A   301F           00071     MOVLW B'00011111'
                      00072     
001B   0086           00073     MOVWF PORTB
                      00074     
001C   2???           00075     GOTO CASO1
                      00076     
                      00077     END
MPASM 5.75                      EXAMEN_2.ASM   10-26-2017  21:00:36         PAGE  3


SYMBOL TABLE
  LABEL                             VALUE 

APAGAR                            00000017
C                                 00000000
CASO1                             00000007
CASO2                             0000000C
CASO3                             00000011
CASO4                             00000016
DC                                00000001
EEADR                             00000009
EECON1                            00000088
EECON2                            00000089
EEDATA                            00000008
EEIE                              00000006
EEIF                              00000004
ENCENDER                          0000001A
F                                 00000001
FSR                               00000004
GIE                               00000007
INDF                              00000000
INTCON                            0000000B
INTE                              00000004
INTEDG                            00000006
INTF                              00000001
IRP                               00000007
NOT_PD                            00000003
NOT_RBPU                          00000007
NOT_TO                            00000004
OPTION_REG                        00000081
PCL                               00000002
PCLATH                            0000000A
PORTA                             00000005
PORTB                             00000006
PS0                               00000000
PS1                               00000001
PS2                               00000002
PSA                               00000003
RA0                               00000000
RA1                               00000001
RA2                               00000002
RA3                               00000003
RA4                               00000004
RB0                               00000000
RB1                               00000001
RB2                               00000002
RB3                               00000003
RB4                               00000004
RB5                               00000005
RB6                               00000006
RB7                               00000007
RBIE                              00000003
RBIF                              00000000
RD                                00000000
RP0                               00000005
RP1                               00000006
MPASM 5.75                      EXAMEN_2.ASM   10-26-2017  21:00:36         PAGE  4


SYMBOL TABLE
  LABEL                             VALUE 

STATUS                            00000003
T0CS                              00000005
T0IE                              00000005
T0IF                              00000002
T0SE                              00000004
TMR0                              00000001
TMR0IE                            00000005
TMR0IF                            00000002
TRISA                             00000085
TRISA0                            00000000
TRISA1                            00000001
TRISA2                            00000002
TRISA3                            00000003
TRISA4                            00000004
TRISB                             00000086
TRISB0                            00000000
TRISB1                            00000001
TRISB2                            00000002
TRISB3                            00000003
TRISB4                            00000004
TRISB5                            00000005
TRISB6                            00000006
TRISB7                            00000007
W                                 00000000
WR                                00000001
WREN                              00000002
WRERR                             00000003
Z                                 00000002
_CONFIG                           00002007
_CP_OFF                           00003FFF
_CP_ON                            0000000F
_DEVID1                           00002006
_FOSC_EXTRC                       00003FFF
_FOSC_HS                          00003FFE
_FOSC_LP                          00003FFC
_FOSC_XT                          00003FFD
_HS_OSC                           00003FFE
_IDLOC0                           00002000
_IDLOC1                           00002001
_IDLOC2                           00002002
_IDLOC3                           00002003
_LP_OSC                           00003FFC
_PWRTE_OFF                        00003FFF
_PWRTE_ON                         00003FF7
_RC_OSC                           00003FFF
_WDTE_OFF                         00003FFB
_WDTE_ON                          00003FFF
_WDT_OFF                          00003FFB
_WDT_ON                           00003FFF
_XT_OSC                           00003FFD
__16F84A                          00000001

MPASM 5.75                      EXAMEN_2.ASM   10-26-2017  21:00:36         PAGE  5





Errors   :     0
Warnings :     0 reported,     0 suppressed
Messages :     0 reported,     0 suppressed

