MPASM 5.75                    SUMA_BOTON.ASM   11-8-2017  21:10:46         PAGE  1


LOC  OBJECT CODE     LINE SOURCE TEXT
  VALUE

                      00001     LIST P=16F877A
                      00002     
                      00003     INCLUDE<P16F877A.INC>
                      00001         LIST
                      00002 
                      00003 ;==========================================================================
                      00004 ; Build date : Jul 02 2017
                      00005 ;  MPASM PIC16F877A processor include
                      00006 ; 
                      00007 ;  (c) Copyright 1999-2017 Microchip Technology, All rights reserved
                      00008 ;==========================================================================
                      00009 
                      00567         LIST
                      00004     
2007   3F71           00005     __CONFIG _WDT_OFF & _PWRTE_ON & _XT_OSC & _LVP_OFF & _CP_OFF
                      00006     
                      00007     CBLOCK 0X030
                      00008     
                      00009     ENDC
                      00010     
Warning[207]: Found label after column 1. (NUM1)
  00000020            00011     NUM1 EQU 0X020
                      00012  
Warning[207]: Found label after column 1. (NUM2)
  00000021            00013     NUM2 EQU 0X021
                      00014  
Warning[207]: Found label after column 1. (VAR)
  00000023            00015     VAR EQU 0X023
                      00016  
Warning[207]: Found label after column 1. (TEMP1)
  00000024            00017     TEMP1 EQU 0X024
                      00018  
Warning[207]: Found label after column 1. (TEMP2)
  00000025            00019     TEMP2 EQU 0X025
                      00020  
Warning[207]: Found label after column 1. (PUERTO)
  00000026            00021     PUERTO EQU 0X026
                      00022     
                      00023     ORG 0
                      00024     
0000   1683           00025     BSF STATUS, RP0
                      00026     
0001   0186           00027     CLRF PORTB
                      00028     
0002   0187           00029     CLRF PORTC
                      00030     
0003   0188           00031     CLRF PORTD
                      00032     
0004   1405           00033     BSF PORTA, RA0
                      00034     
0005   1485           00035     BSF PORTA, RA1
                      00036     
0006   1505           00037     BSF PORTA, RA2
MPASM 5.75                    SUMA_BOTON.ASM   11-8-2017  21:10:46         PAGE  2


LOC  OBJECT CODE     LINE SOURCE TEXT
  VALUE

                      00038     
0007   1585           00039     BSF PORTA, RA3
                      00040     
0008   1605           00041     BSF PORTA, RA4
                      00042     
0009   3006           00043     MOVLW 0X06
                      00044     
Message[302]: Register in operand not in bank 0.  Ensure that bank bits are correct.
000A   009F           00045     MOVWF ADCON1
                      00046     
000B   1283           00047     BCF STATUS, RP0
                      00048     
000C                  00049 FIJAR_CERO
                      00050     
000C   0103           00051     CLRW
                      00052     
000D   00A0           00053     MOVWF NUM1
                      00054     
000E   00A1           00055     MOVWF NUM2
                      00056     
000F   2???           00057     CALL PRUEBA_9
                      00058     
0010   0826           00059     MOVFW PUERTO
                      00060     
0011   0086           00061     MOVWF PORTB
                      00062     
0012   0087           00063     MOVWF PORTC
                      00064     
0013   0088           00065     MOVWF PORTD
                      00066     
0014                  00067 BT_1
                      00068     
0014   1C85           00069     BTFSS PORTA, RA1
                      00070     
0015   2???           00071     GOTO BT_2
                      00072     
0016   2???           00073     CALL Retardo_500ms
                      00074     
0017   3009           00075     MOVLW D'9'
                      00076     
0018   0220           00077     SUBWF NUM1, W
                      00078     
0019   1803           00079     BTFSC STATUS, C
                      00080     
001A   2???           00081     GOTO BT_2
                      00082     
001B   0A20           00083     INCF NUM1, W
                      00084     
001C   00A0           00085     MOVWF NUM1
                      00086     
001D   2???           00087     CALL PRUEBA_9
                      00088     
001E   0826           00089     MOVFW PUERTO
MPASM 5.75                    SUMA_BOTON.ASM   11-8-2017  21:10:46         PAGE  3


LOC  OBJECT CODE     LINE SOURCE TEXT
  VALUE

                      00090     
001F   0086           00091     MOVWF PORTB
                      00092     
0020                  00093 BT_2
                      00094     
0020   1C05           00095     BTFSS PORTA, RA0
                      00096     
0021   2???           00097     GOTO BT_3
                      00098     
0022   2???           00099     CALL Retardo_500ms
                      00100     
0023   0AA0           00101     INCF NUM1, F
                      00102     
Message[305]: Using default destination of 1 (file).
0024   0BA0           00103     DECFSZ NUM1
                      00104     
0025   2???           00105     GOTO AUX_BT_2
                      00106     
0026   2???           00107     GOTO BT_3
                      00108     
0027                  00109 AUX_BT_2
                      00110     
0027   0320           00111     DECF NUM1, W
                      00112     
0028   00A0           00113     MOVWF NUM1
                      00114     
0029   2???           00115     CALL PRUEBA_9
                      00116     
002A   0826           00117     MOVFW PUERTO
                      00118     
002B   0086           00119     MOVWF PORTB
                      00120     
002C                  00121 BT_3
                      00122     
002C   1D85           00123     BTFSS PORTA, RA3
                      00124     
002D   2???           00125     GOTO BT_4
                      00126     
002E   2???           00127     CALL Retardo_500ms
                      00128     
002F   3009           00129     MOVLW D'9'
                      00130     
0030   0221           00131     SUBWF NUM2, W
                      00132     
0031   1803           00133     BTFSC STATUS, C
                      00134     
0032   2???           00135     GOTO BT_4
                      00136     
0033   0A21           00137     INCF NUM2, W
                      00138     
0034   00A1           00139     MOVWF NUM2
                      00140     
0035   2???           00141     CALL PRUEBA_9
MPASM 5.75                    SUMA_BOTON.ASM   11-8-2017  21:10:46         PAGE  4


LOC  OBJECT CODE     LINE SOURCE TEXT
  VALUE

                      00142     
0036   0826           00143     MOVFW PUERTO
                      00144     
0037   0087           00145     MOVWF PORTC
                      00146     
0038                  00147 BT_4
                      00148     
0038   1D05           00149     BTFSS PORTA, RA2
                      00150     
0039   2???           00151     GOTO BT_5
                      00152     
003A   2???           00153     CALL Retardo_500ms
                      00154     
003B   0AA1           00155     INCF NUM2, F
                      00156     
Message[305]: Using default destination of 1 (file).
003C   0BA1           00157     DECFSZ NUM2
                      00158     
003D   2???           00159     GOTO AUX_BT_4
                      00160     
003E   2???           00161     GOTO BT_5
                      00162     
003F                  00163 AUX_BT_4
                      00164     
003F   0321           00165     DECF NUM2, W
                      00166     
0040   00A1           00167     MOVWF NUM2
                      00168     
0041   2???           00169     CALL PRUEBA_9
                      00170     
0042   0826           00171     MOVFW PUERTO
                      00172     
0043   0087           00173     MOVWF PORTC
                      00174     
0044                  00175 BT_5
                      00176     
0044   1E05           00177     BTFSS PORTA, RA4
                      00178     
0045   2???           00179     GOTO BT_1
                      00180     
0046   2???           00181     CALL Retardo_500ms
                      00182     
0047   0820           00183     MOVFW NUM1
                      00184     
Warning[207]: Found label after column 1. (NUM1)
  00000020            00185     NUM1 EQU 0X020
                      00186  
0048   00A0           00187     MOVWF NUM1
                      00188     
0049   0721           00189     ADDWF NUM2, W
                      00190     
004A   2???           00191     CALL PRUEBA_9
                      00192     
MPASM 5.75                    SUMA_BOTON.ASM   11-8-2017  21:10:46         PAGE  5


LOC  OBJECT CODE     LINE SOURCE TEXT
  VALUE

004B   0826           00193     MOVFW PUERTO
                      00194     
004C   0088           00195     MOVWF PORTD
                      00196     
004D   2???           00197     GOTO BT_1
                      00198     
004E                  00199 PRUEBA_9
                      00200     
004E   00A4           00201     MOVWF TEMP1
                      00202     
004F   00A5           00203     MOVWF TEMP2
                      00204     
0050   3009           00205     MOVLW D'9'
                      00206     
0051   00A3           00207     MOVWF VAR
                      00208     
0052                  00209 DEC_9
                      00210     
Message[305]: Using default destination of 1 (file).
0052   03A4           00211     DECF TEMP1
                      00212     
Message[305]: Using default destination of 1 (file).
0053   0BA3           00213     DECFSZ VAR
                      00214     
0054   2???           00215     GOTO DEC_9
                      00216     
0055   3001           00217     MOVLW D'1'
                      00218     
0056   07A4           00219     ADDWF TEMP1, 1
                      00220     
Message[305]: Using default destination of 1 (file).
0057   0BA4           00221     DECFSZ TEMP1
                      00222     
0058   2???           00223     GOTO PRUEBA_8
                      00224     
0059   306F           00225     MOVLW B'01101111'
                      00226     
005A   00A6           00227     MOVWF PUERTO
                      00228     
005B   0008           00229     RETURN
                      00230     
005C                  00231 PRUEBA_8
                      00232     
005C   0825           00233     MOVFW TEMP2
                      00234     
005D   00A4           00235     MOVWF TEMP1
                      00236     
Warning[207]: Found label after column 1. (TEMP2)
  00000025            00237     TEMP2 EQU 0X025
                      00238  
005E   00A5           00239     MOVWF TEMP2
                      00240     
005F   3008           00241     MOVLW D'8'
MPASM 5.75                    SUMA_BOTON.ASM   11-8-2017  21:10:46         PAGE  6


LOC  OBJECT CODE     LINE SOURCE TEXT
  VALUE

                      00242     
0060   00A3           00243     MOVWF VAR
                      00244     
0061                  00245 DEC_8
                      00246     
Message[305]: Using default destination of 1 (file).
0061   03A4           00247     DECF TEMP1
                      00248     
Message[305]: Using default destination of 1 (file).
0062   0BA3           00249     DECFSZ VAR
                      00250     
0063   2???           00251     GOTO DEC_8
                      00252     
0064   3001           00253     MOVLW D'1'
                      00254     
0065   07A4           00255     ADDWF TEMP1, 1
                      00256     
Message[305]: Using default destination of 1 (file).
0066   0BA4           00257     DECFSZ TEMP1
                      00258     
0067   2???           00259     GOTO PRUEBA_7
                      00260     
0068   307F           00261     MOVLW B'01111111'
                      00262     
0069   00A6           00263     MOVWF PUERTO
                      00264     
006A   0008           00265     RETURN
                      00266     
006B                  00267 PRUEBA_7
                      00268     
006B   0825           00269     MOVFW TEMP2
                      00270     
006C   00A4           00271     MOVWF TEMP1
                      00272     
Warning[207]: Found label after column 1. (TEMP2)
  00000025            00273     TEMP2 EQU 0X025
                      00274  
006D   00A5           00275     MOVWF TEMP2
                      00276     
006E   3007           00277     MOVLW D'7'
                      00278     
006F   00A3           00279     MOVWF VAR
                      00280     
0070                  00281 DEC_7
                      00282     
Message[305]: Using default destination of 1 (file).
0070   03A4           00283     DECF TEMP1
                      00284     
Message[305]: Using default destination of 1 (file).
0071   0BA3           00285     DECFSZ VAR
                      00286     
0072   2???           00287     GOTO DEC_7
                      00288     
MPASM 5.75                    SUMA_BOTON.ASM   11-8-2017  21:10:46         PAGE  7


LOC  OBJECT CODE     LINE SOURCE TEXT
  VALUE

0073   3001           00289     MOVLW D'1'
                      00290     
0074   07A4           00291     ADDWF TEMP1, 1
                      00292     
Message[305]: Using default destination of 1 (file).
0075   0BA4           00293     DECFSZ TEMP1
                      00294     
0076   2???           00295     GOTO PRUEBA_6
                      00296     
0077   3007           00297     MOVLW B'00000111'
                      00298     
0078   00A6           00299     MOVWF PUERTO
                      00300     
0079   0008           00301     RETURN
                      00302     
007A                  00303 PRUEBA_6
                      00304     
007A   0825           00305     MOVFW TEMP2
                      00306     
007B   00A4           00307     MOVWF TEMP1
                      00308     
Warning[207]: Found label after column 1. (TEMP2)
  00000025            00309     TEMP2 EQU 0X025
                      00310  
007C   00A5           00311     MOVWF TEMP2
                      00312     
007D   3006           00313     MOVLW D'6'
                      00314     
007E   00A3           00315     MOVWF VAR
                      00316     
007F                  00317 DEC_6
                      00318     
Message[305]: Using default destination of 1 (file).
007F   03A4           00319     DECF TEMP1
                      00320     
Message[305]: Using default destination of 1 (file).
0080   0BA3           00321     DECFSZ VAR
                      00322     
0081   2???           00323     GOTO DEC_6
                      00324     
0082   3001           00325     MOVLW D'1'
                      00326     
0083   07A4           00327     ADDWF TEMP1, 1
                      00328     
Message[305]: Using default destination of 1 (file).
0084   0BA4           00329     DECFSZ TEMP1
                      00330     
0085   2???           00331     GOTO PRUEBA_5
                      00332     
0086   307D           00333     MOVLW B'01111101'
                      00334     
0087   00A6           00335     MOVWF PUERTO
                      00336     
MPASM 5.75                    SUMA_BOTON.ASM   11-8-2017  21:10:46         PAGE  8


LOC  OBJECT CODE     LINE SOURCE TEXT
  VALUE

0088   0008           00337     RETURN
                      00338     
0089                  00339 PRUEBA_5
                      00340     
0089   0825           00341     MOVFW TEMP2
                      00342     
008A   00A4           00343     MOVWF TEMP1
                      00344     
Warning[207]: Found label after column 1. (TEMP2)
  00000025            00345     TEMP2 EQU 0X025
                      00346  
008B   00A5           00347     MOVWF TEMP2
                      00348     
008C   3005           00349     MOVLW D'5'
                      00350     
008D   00A3           00351     MOVWF VAR
                      00352     
008E                  00353 DEC_5
                      00354     
Message[305]: Using default destination of 1 (file).
008E   03A4           00355     DECF TEMP1
                      00356     
Message[305]: Using default destination of 1 (file).
008F   0BA3           00357     DECFSZ VAR
                      00358     
0090   2???           00359     GOTO DEC_5
                      00360     
0091   3001           00361     MOVLW D'1'
                      00362     
0092   07A4           00363     ADDWF TEMP1, 1
                      00364     
Message[305]: Using default destination of 1 (file).
0093   0BA4           00365     DECFSZ TEMP1
                      00366     
0094   2???           00367     GOTO PRUEBA_4
                      00368     
0095   306D           00369     MOVLW B'01101101'
                      00370     
0096   00A6           00371     MOVWF PUERTO
                      00372     
0097   0008           00373     RETURN
                      00374     
0098                  00375 PRUEBA_4
                      00376     
0098   0825           00377     MOVFW TEMP2
                      00378     
0099   00A4           00379     MOVWF TEMP1
                      00380     
Warning[207]: Found label after column 1. (TEMP2)
  00000025            00381     TEMP2 EQU 0X025
                      00382  
009A   00A5           00383     MOVWF TEMP2
                      00384     
MPASM 5.75                    SUMA_BOTON.ASM   11-8-2017  21:10:46         PAGE  9


LOC  OBJECT CODE     LINE SOURCE TEXT
  VALUE

009B   3004           00385     MOVLW D'4'
                      00386     
009C   00A3           00387     MOVWF VAR
                      00388     
009D                  00389 DEC_4
                      00390     
Message[305]: Using default destination of 1 (file).
009D   03A4           00391     DECF TEMP1
                      00392     
Message[305]: Using default destination of 1 (file).
009E   0BA3           00393     DECFSZ VAR
                      00394     
009F   2???           00395     GOTO DEC_4
                      00396     
00A0   3001           00397     MOVLW D'1'
                      00398     
00A1   07A4           00399     ADDWF TEMP1, 1
                      00400     
Message[305]: Using default destination of 1 (file).
00A2   0BA4           00401     DECFSZ TEMP1
                      00402     
00A3   2???           00403     GOTO PRUEBA_3
                      00404     
00A4   3066           00405     MOVLW B'01100110'
                      00406     
00A5   00A6           00407     MOVWF PUERTO
                      00408     
00A6   0008           00409     RETURN
                      00410     
00A7                  00411 PRUEBA_3
                      00412     
00A7   0825           00413     MOVFW TEMP2
                      00414     
00A8   00A4           00415     MOVWF TEMP1
                      00416     
Warning[207]: Found label after column 1. (TEMP2)
  00000025            00417     TEMP2 EQU 0X025
                      00418  
00A9   00A5           00419     MOVWF TEMP2
                      00420     
00AA   3003           00421     MOVLW D'3'
                      00422     
00AB   00A3           00423     MOVWF VAR
                      00424     
00AC                  00425 DEC_3
                      00426     
Message[305]: Using default destination of 1 (file).
00AC   03A4           00427     DECF TEMP1
                      00428     
Message[305]: Using default destination of 1 (file).
00AD   0BA3           00429     DECFSZ VAR
                      00430     
00AE   2???           00431     GOTO DEC_3
MPASM 5.75                    SUMA_BOTON.ASM   11-8-2017  21:10:46         PAGE 10


LOC  OBJECT CODE     LINE SOURCE TEXT
  VALUE

                      00432     
00AF   3001           00433     MOVLW D'1'
                      00434     
00B0   07A4           00435     ADDWF TEMP1, 1
                      00436     
Message[305]: Using default destination of 1 (file).
00B1   0BA4           00437     DECFSZ TEMP1
                      00438     
00B2   2???           00439     GOTO PRUEBA_2
                      00440     
00B3   304F           00441     MOVLW B'01001111'
                      00442     
00B4   00A6           00443     MOVWF PUERTO
                      00444     
00B5   0008           00445     RETURN
                      00446     
00B6                  00447 PRUEBA_2
                      00448     
00B6   0825           00449     MOVFW TEMP2
                      00450     
00B7   00A4           00451     MOVWF TEMP1
                      00452     
Warning[207]: Found label after column 1. (TEMP2)
  00000025            00453     TEMP2 EQU 0X025
                      00454  
00B8   00A5           00455     MOVWF TEMP2
                      00456     
00B9   3002           00457     MOVLW D'2'
                      00458     
00BA   00A3           00459     MOVWF VAR
                      00460     
00BB                  00461 DEC_2
                      00462     
Message[305]: Using default destination of 1 (file).
00BB   03A4           00463     DECF TEMP1
                      00464     
Message[305]: Using default destination of 1 (file).
00BC   0BA3           00465     DECFSZ VAR
                      00466     
00BD   2???           00467     GOTO DEC_2
                      00468     
00BE   3001           00469     MOVLW D'1'
                      00470     
00BF   07A4           00471     ADDWF TEMP1, 1
                      00472     
Message[305]: Using default destination of 1 (file).
00C0   0BA4           00473     DECFSZ TEMP1
                      00474     
00C1   2???           00475     GOTO PRUEBA_1
                      00476     
00C2   305B           00477     MOVLW B'01011011'
                      00478     
00C3   00A6           00479     MOVWF PUERTO
MPASM 5.75                    SUMA_BOTON.ASM   11-8-2017  21:10:46         PAGE 11


LOC  OBJECT CODE     LINE SOURCE TEXT
  VALUE

                      00480     
00C4   0008           00481     RETURN
                      00482     
00C5                  00483 PRUEBA_1
                      00484     
00C5   0825           00485     MOVFW TEMP2
                      00486     
00C6   00A4           00487     MOVWF TEMP1
                      00488     
Warning[207]: Found label after column 1. (TEMP2)
  00000025            00489     TEMP2 EQU 0X025
                      00490  
00C7   00A5           00491     MOVWF TEMP2
                      00492     
00C8   3001           00493     MOVLW D'1'
                      00494     
00C9   00A3           00495     MOVWF VAR
                      00496     
00CA                  00497 DEC_1
                      00498     
Message[305]: Using default destination of 1 (file).
00CA   03A4           00499     DECF TEMP1
                      00500     
Message[305]: Using default destination of 1 (file).
00CB   0BA3           00501     DECFSZ VAR
                      00502     
00CC   2???           00503     GOTO DEC_1
                      00504     
00CD   3001           00505     MOVLW D'1'
                      00506     
00CE   07A4           00507     ADDWF TEMP1, 1
                      00508     
Message[305]: Using default destination of 1 (file).
00CF   0BA4           00509     DECFSZ TEMP1
                      00510     
00D0   2???           00511     GOTO PRUEBA_0
                      00512     
00D1   3006           00513     MOVLW B'00000110'
                      00514     
00D2   00A6           00515     MOVWF PUERTO
                      00516     
00D3   0008           00517     RETURN
                      00518     
00D4                  00519 PRUEBA_0
                      00520     
00D4   303F           00521     MOVLW B'00111111'
                      00522     
00D5   00A6           00523     MOVWF PUERTO
                      00524     
00D6   0008           00525     RETURN
                      00526     
00D7                  00527 FIN
                      00528     
MPASM 5.75                    SUMA_BOTON.ASM   11-8-2017  21:10:46         PAGE 12


LOC  OBJECT CODE     LINE SOURCE TEXT
  VALUE

00D7   2???           00529     GOTO FIN
                      00530     
                      00531     INCLUDE<RETARDOS.INC>
                      00001 ;**************************** Librería "RETARDOS.INC" *********************************
                      00002 ;
                      00003 ;       ===================================================================
                      00004 ;         Del libro "MICROCONTROLADOR PIC16F84. DESARROLLO DE PROYECTOS"
                      00005 ;         E. Palacios, F. Remiro y L. López.            www.pic16f84a.com
                      00006 ;         Editorial Ra-Ma.  www.ra-ma.es
                      00007 ;       ===================================================================
                      00008 ;
                      00009 ; Librería con múltiples subrutinas de retardos, desde 4 microsegundos hasta 20 segundos. 
                      00010 ; Además se pueden implementar otras subrutinas muy fácilmente.
                      00011 ;
                      00012 ; Se han calculado para un sistema microcontrolador con un PIC trabajando con un cristal
                      00013 ; de cuarzo a 4 MHz. Como cada ciclo máquina son 4 ciclos de reloj, resulta que cada
                      00014 ; ciclo máquina tarda 4 x 1/4MHz = 1 µs.
                      00015 ;
                      00016 ; En los comentarios, "cm" significa "ciclos máquina".
                      00017 ;
                      00018 ; ZONA DE DATOS *********************************************************************
                      00019 
                      00020         CBLOCK
  00000030            00021         R_ContA                                         ; Contadores para los retardos.
  00000031            00022         R_ContB
  00000032            00023         R_ContC
                      00024         ENDC
                      00025 ;
                      00026 ; RETARDOS de 4 hasta 10 microsegundos ---------------------------------------------------
                      00027 ;
                      00028 ; A continuación retardos pequeños teniendo en cuenta que para una frecuencia de 4 MHZ,
                      00029 ; la llamada a subrutina "call" tarda 2 ciclos máquina, el retorno de subrutina
                      00030 ; "return" toma otros 2 ciclos máquina y cada instrucción "nop" tarda 1 ciclo máquina.
                      00031 ;
00D8                  00032 Retardo_10micros                                ; La llamada "call" aporta 2 ciclos máquina.
00D8   0000           00033         nop                                                     ; Aporta 1 ciclo máquina.
00D9   0000           00034         nop                                                     ; Aporta 1 ciclo máquina.
00DA   0000           00035         nop                                                     ; Aporta 1 ciclo máquina.
00DB   0000           00036         nop                                                     ; Aporta 1 ciclo máquina.
00DC   0000           00037         nop                                                     ; Aporta 1 ciclo máquina.
00DD                  00038 Retardo_5micros                                 ; La llamada "call" aporta 2 ciclos máquina.
00DD   0000           00039         nop                                                     ; Aporta 1 ciclo máquina.
00DE                  00040 Retardo_4micros                                 ; La llamada "call" aporta 2 ciclos máquina.
00DE   0008           00041         return                                          ; El salto del retorno aporta 2 ciclos máquina.
                      00042 ;
                      00043 ; RETARDOS de 20 hasta 500 microsegundos ------------------------------------------------
                      00044 ;
00DF                  00045 Retardo_500micros                               ; La llamada "call" aporta 2 ciclos máquina.
00DF   0000           00046         nop                                                     ; Aporta 1 ciclo máquina.
00E0   30A4           00047         movlw   d'164'                          ; Aporta 1 ciclo máquina. Este es el valor de "K".
00E1   2???           00048         goto    RetardoMicros           ; Aporta 2 ciclos máquina.
00E2                  00049 Retardo_200micros                               ; La llamada "call" aporta 2 ciclos máquina.
00E2   0000           00050         nop                                                     ; Aporta 1 ciclo máquina.
MPASM 5.75                    SUMA_BOTON.ASM   11-8-2017  21:10:46         PAGE 13


LOC  OBJECT CODE     LINE SOURCE TEXT
  VALUE

00E3   3040           00051         movlw   d'64'                           ; Aporta 1 ciclo máquina. Este es el valor de "K".
00E4   2???           00052         goto    RetardoMicros           ; Aporta 2 ciclos máquina.
00E5                  00053 Retardo_100micros                               ; La llamada "call" aporta 2 ciclos máquina.
00E5   301F           00054         movlw   d'31'                           ; Aporta 1 ciclo máquina. Este es el valor de "K".
00E6   2???           00055         goto    RetardoMicros           ; Aporta 2 ciclos máquina.
00E7                  00056 Retardo_50micros                                ; La llamada "call" aporta 2 ciclos máquina.
00E7   0000           00057         nop                                                     ; Aporta 1 ciclo máquina.
00E8   300E           00058         movlw   d'14'                           ; Aporta 1 ciclo máquina. Este es el valor de "K".
00E9   2???           00059         goto    RetardoMicros           ; Aporta 2 ciclos máquina.
00EA                  00060 Retardo_20micros                                ; La llamada "call" aporta 2 ciclos máquina.
00EA   3005           00061         movlw   d'5'                            ; Aporta 1 ciclo máquina. Este es el valor de "K".
                      00062 ;
                      00063 ; El próximo bloque "RetardoMicros" tarda:
                      00064 ; 1 + (K-1) + 2 + (K-1)x2 + 2 = (2 + 3K) ciclos máquina.
                      00065 ;
00EB                  00066 RetardoMicros
00EB   00B0           00067         movwf   R_ContA                         ; Aporta 1 ciclo máquina.
00EC                  00068 Rmicros_Bucle
00EC   0BB0           00069         decfsz  R_ContA,F                       ; (K-1)x1 cm (cuando no salta) + 2 cm (al saltar).
00ED   2???           00070         goto    Rmicros_Bucle           ; Aporta (K-1)x2 ciclos máquina.
00EE   0008           00071         return                                          ; El salto del retorno aporta 2 ciclos máquina.
                      00072 ;
                      00073 ;En total estas subrutinas tardan:
                      00074 ; - Retardo_500micros:  2 + 1 + 1 + 2 + (2 + 3K) = 500 cm = 500 µs. (para K=164 y 4 MHz).
                      00075 ; - Retardo_200micros:  2 + 1 + 1 + 2 + (2 + 3K) = 200 cm = 200 µs. (para K= 64 y 4 MHz).
                      00076 ; - Retardo_100micros:  2     + 1 + 2 + (2 + 3K) = 100 cm = 100 µs. (para K= 31 y 4 MHz).
                      00077 ; - Retardo_50micros :  2 + 1 + 1 + 2 + (2 + 3K) =  50 cm =  50 µs. (para K= 14 y 4 MHz).
                      00078 ; - Retardo_20micros :  2     + 1     + (2 + 3K) =  20 cm =  20 µs. (para K=  5 y 4 MHz).
                      00079 ;
                      00080 ; RETARDOS de 1 ms hasta 200 ms. --------------------------------------------------------
                      00081 ;
00EF                  00082 Retardo_200ms                                   ; La llamada "call" aporta 2 ciclos máquina.
00EF   30C8           00083         movlw   d'200'                          ; Aporta 1 ciclo máquina. Este es el valor de "M".
00F0   2???           00084         goto    Retardos_ms                     ; Aporta 2 ciclos máquina.
00F1                  00085 Retardo_100ms                                   ; La llamada "call" aporta 2 ciclos máquina.
00F1   3064           00086         movlw   d'100'                          ; Aporta 1 ciclo máquina. Este es el valor de "M".
00F2   2???           00087         goto    Retardos_ms                     ; Aporta 2 ciclos máquina.
00F3                  00088 Retardo_50ms                                    ; La llamada "call" aporta 2 ciclos máquina.
00F3   3032           00089         movlw   d'50'                           ; Aporta 1 ciclo máquina. Este es el valor de "M".
00F4   2???           00090         goto    Retardos_ms                     ; Aporta 2 ciclos máquina.
00F5                  00091 Retardo_20ms                                    ; La llamada "call" aporta 2 ciclos máquina.
00F5   3014           00092         movlw   d'20'                           ; Aporta 1 ciclo máquina. Este es el valor de "M".
00F6   2???           00093         goto    Retardos_ms                     ; Aporta 2 ciclos máquina.
00F7                  00094 Retardo_10ms                                    ; La llamada "call" aporta 2 ciclos máquina.
00F7   300A           00095         movlw   d'10'                           ; Aporta 1 ciclo máquina. Este es el valor de "M".
00F8   2???           00096         goto    Retardos_ms                     ; Aporta 2 ciclos máquina.
00F9                  00097 Retardo_5ms                                             ; La llamada "call" aporta 2 ciclos máquina.
00F9   3005           00098         movlw   d'5'                            ; Aporta 1 ciclo máquina. Este es el valor de "M".
00FA   2???           00099         goto    Retardos_ms                     ; Aporta 2 ciclos máquina.
00FB                  00100 Retardo_2ms                                             ; La llamada "call" aporta 2 ciclos máquina.
00FB   3002           00101         movlw   d'2'                            ; Aporta 1 ciclo máquina. Este es el valor de "M".
00FC   2???           00102         goto    Retardos_ms                     ; Aporta 2 ciclos máquina.
00FD                  00103 Retardo_1ms                                             ; La llamada "call" aporta 2 ciclos máquina.
MPASM 5.75                    SUMA_BOTON.ASM   11-8-2017  21:10:46         PAGE 14


LOC  OBJECT CODE     LINE SOURCE TEXT
  VALUE

00FD   3001           00104         movlw   d'1'                            ; Aporta 1 ciclo máquina. Este es el valor de "M".
                      00105 ;
                      00106 ; El próximo bloque "Retardos_ms" tarda:
                      00107 ; 1 + M + M + KxM + (K-1)xM + Mx2 + (K-1)Mx2 + (M-1) + 2 + (M-1)x2 + 2 =
                      00108 ; = (2 + 4M + 4KM) ciclos máquina. Para K=249 y M=1 supone 1002 ciclos máquina
                      00109 ; que a 4 MHz son 1002 µs = 1 ms.
                      00110 ;
00FE                  00111 Retardos_ms
00FE   00B1           00112         movwf   R_ContB                         ; Aporta 1 ciclo máquina.
00FF                  00113 R1ms_BucleExterno
00FF   30F9           00114         movlw   d'249'                          ; Aporta Mx1 ciclos máquina. Este es el valor de "K".
0100   00B0           00115         movwf   R_ContA                         ; Aporta Mx1 ciclos máquina.
0101                  00116 R1ms_BucleInterno
0101   0000           00117         nop                                                     ; Aporta KxMx1 ciclos máquina.
0102   0BB0           00118         decfsz  R_ContA,F                       ; (K-1)xMx1 cm (cuando no salta) + Mx2 cm (al saltar).
0103   2???           00119         goto    R1ms_BucleInterno       ; Aporta (K-1)xMx2 ciclos máquina.
0104   0BB1           00120         decfsz  R_ContB,F                       ; (M-1)x1 cm (cuando no salta) + 2 cm (al saltar).
0105   2???           00121         goto    R1ms_BucleExterno       ; Aporta (M-1)x2 ciclos máquina.
0106   0008           00122         return                                          ; El salto del retorno aporta 2 ciclos máquina.
                      00123 ;
                      00124 ;En total estas subrutinas tardan:
                      00125 ; - Retardo_200ms:      2 + 1 + 2 + (2 + 4M + 4KM) = 200007 cm = 200 ms. (M=200 y K=249).
                      00126 ; - Retardo_100ms:      2 + 1 + 2 + (2 + 4M + 4KM) = 100007 cm = 100 ms. (M=100 y K=249).
                      00127 ; - Retardo_50ms :      2 + 1 + 2 + (2 + 4M + 4KM) =  50007 cm =  50 ms. (M= 50 y K=249).
                      00128 ; - Retardo_20ms :      2 + 1 + 2 + (2 + 4M + 4KM) =  20007 cm =  20 ms. (M= 20 y K=249).
                      00129 ; - Retardo_10ms :      2 + 1 + 2 + (2 + 4M + 4KM) =  10007 cm =  10 ms. (M= 10 y K=249).
                      00130 ; - Retardo_5ms  :      2 + 1 + 2 + (2 + 4M + 4KM) =   5007 cm =   5 ms. (M=  5 y K=249).
                      00131 ; - Retardo_2ms  :      2 + 1 + 2 + (2 + 4M + 4KM) =   2007 cm =   2 ms. (M=  2 y K=249).
                      00132 ; - Retardo_1ms  :      2 + 1     + (2 + 4M + 4KM) =   1005 cm =   1 ms. (M=  1 y K=249).
                      00133 ;
                      00134 ; RETARDOS de 0.5 hasta 20 segundos ---------------------------------------------------
                      00135 ;
0107                  00136 Retardo_20s                                             ; La llamada "call" aporta 2 ciclos máquina.
0107   30C8           00137         movlw   d'200'                          ; Aporta 1 ciclo máquina. Este es el valor de "N".
0108   2???           00138         goto    Retardo_1Decima         ; Aporta 2 ciclos máquina.
0109                  00139 Retardo_10s                                             ; La llamada "call" aporta 2 ciclos máquina.
0109   3064           00140         movlw   d'100'                          ; Aporta 1 ciclo máquina. Este es el valor de "N".
010A   2???           00141         goto    Retardo_1Decima         ; Aporta 2 ciclos máquina.
010B                  00142 Retardo_5s                                              ; La llamada "call" aporta 2 ciclos máquina.
010B   3032           00143         movlw   d'50'                           ; Aporta 1 ciclo máquina. Este es el valor de "N".
010C   2???           00144         goto    Retardo_1Decima         ; Aporta 2 ciclos máquina.
010D                  00145 Retardo_2s                                              ; La llamada "call" aporta 2 ciclos máquina.
010D   3014           00146         movlw   d'20'                           ; Aporta 1 ciclo máquina. Este es el valor de "N".
010E   2???           00147         goto    Retardo_1Decima         ; Aporta 2 ciclos máquina.
010F                  00148 Retardo_1s                                              ; La llamada "call" aporta 2 ciclos máquina.
010F   300A           00149         movlw   d'10'                           ; Aporta 1 ciclo máquina. Este es el valor de "N".
0110   2???           00150         goto    Retardo_1Decima         ; Aporta 2 ciclos máquina.
0111                  00151 Retardo_500ms                                   ; La llamada "call" aporta 2 ciclos máquina.
0111   3005           00152         movlw   d'5'                            ; Aporta 1 ciclo máquina. Este es el valor de "N".
                      00153 ;
                      00154 ; El próximo bloque "Retardo_1Decima" tarda:
                      00155 ; 1 + N + N + MxN + MxN + KxMxN + (K-1)xMxN + MxNx2 + (K-1)xMxNx2 +
                      00156 ;   + (M-1)xN + Nx2 + (M-1)xNx2 + (N-1) + 2 + (N-1)x2 + 2 =
MPASM 5.75                    SUMA_BOTON.ASM   11-8-2017  21:10:46         PAGE 15


LOC  OBJECT CODE     LINE SOURCE TEXT
  VALUE

                      00157 ; = (2 + 4M + 4MN + 4KM) ciclos máquina. Para K=249, M=100 y N=1 supone 100011
                      00158 ; ciclos máquina que a 4 MHz son 100011 µs = 100 ms = 0,1 s = 1 décima de segundo.
                      00159 ;
0112                  00160 Retardo_1Decima
0112   00B2           00161         movwf   R_ContC                         ; Aporta 1 ciclo máquina.
0113                  00162 R1Decima_BucleExterno2
0113   3064           00163         movlw   d'100'                          ; Aporta Nx1 ciclos máquina. Este es el valor de "M".
0114   00B1           00164         movwf   R_ContB                         ; Aporta Nx1 ciclos máquina.
0115                  00165 R1Decima_BucleExterno
0115   30F9           00166         movlw   d'249'                          ; Aporta MxNx1 ciclos máquina. Este es el valor de "K".
0116   00B0           00167         movwf   R_ContA                         ; Aporta MxNx1 ciclos máquina.
0117                  00168 R1Decima_BucleInterno          
0117   0000           00169         nop                                                     ; Aporta KxMxNx1 ciclos máquina.
0118   0BB0           00170         decfsz  R_ContA,F                       ; (K-1)xMxNx1 cm (si no salta) + MxNx2 cm (al saltar).
0119   2???           00171         goto    R1Decima_BucleInterno   ; Aporta (K-1)xMxNx2 ciclos máquina.
011A   0BB1           00172         decfsz  R_ContB,F                       ; (M-1)xNx1 cm (cuando no salta) + Nx2 cm (al saltar).
011B   2???           00173         goto    R1Decima_BucleExterno   ; Aporta (M-1)xNx2 ciclos máquina.
011C   0BB2           00174         decfsz  R_ContC,F                       ; (N-1)x1 cm (cuando no salta) + 2 cm (al saltar).
011D   2???           00175         goto    R1Decima_BucleExterno2  ; Aporta (N-1)x2 ciclos máquina.
011E   0008           00176         return                                          ; El salto del retorno aporta 2 ciclos máquina.
                      00177 ;
                      00178 ;En total estas subrutinas tardan:
                      00179 ; - Retardo_20s:        2 + 1 + 2 + (2 + 4N + 4MN + 4KMN) = 20000807 cm = 20 s.
                      00180 ;                       (N=200, M=100 y K=249).
                      00181 ; - Retardo_10s:        2 + 1 + 2 + (2 + 4N + 4MN + 4KMN) = 10000407 cm = 10 s.
                      00182 ;                       (N=100, M=100 y K=249).
                      00183 ; - Retardo_5s:         2 + 1 + 2 + (2 + 4N + 4MN + 4KMN) =  5000207 cm =  5 s.
                      00184 ;                       (N= 50, M=100 y K=249).
                      00185 ; - Retardo_2s:         2 + 1 + 2 + (2 + 4N + 4MN + 4KMN) =  2000087 cm =  2 s.
                      00186 ;                       (N= 20, M=100 y K=249).
                      00187 ; - Retardo_1s:         2 + 1 + 2 + (2 + 4N + 4MN + 4KMN) =  1000047 cm =  1 s.
                      00188 ;                       (N= 10, M=100 y K=249).
                      00189 ; - Retardo_500ms:      2 + 1     + (2 + 4N + 4MN + 4KMN) =   500025 cm = 0,5 s.
                      00190 ;                       (N=  5, M=100 y K=249).
                      00191 
                      00192 ;       ===================================================================
                      00193 ;         Del libro "MICROCONTROLADOR PIC16F84. DESARROLLO DE PROYECTOS"
                      00194 ;         E. Palacios, F. Remiro y L. López.            www.pic16f84a.com
                      00195 ;         Editorial Ra-Ma.  www.ra-ma.es
                      00196 ;       ===================================================================
                      00197 
                      00198 
                      00199 
                      00200 
                      00532     
Warning[205]: Found directive in column 1. (END)
3F71                  00533 END
MPASM 5.75                    SUMA_BOTON.ASM   11-8-2017  21:10:46         PAGE 16


SYMBOL TABLE
  LABEL                             VALUE 

ACKDT                             00000005
ACKEN                             00000004
ACKSTAT                           00000006
ADCON0                            0000001F
ADCON1                            0000009F
ADCS0                             00000006
ADCS1                             00000007
ADCS2                             00000006
ADDEN                             00000003
ADFM                              00000007
ADIE                              00000006
ADIF                              00000006
ADON                              00000000
ADRESH                            0000001E
ADRESL                            0000009E
AUX_BT_2                          00000027
AUX_BT_4                          0000003F
BCLIE                             00000003
BCLIF                             00000003
BF                                00000000
BRGH                              00000002
BT_1                              00000014
BT_2                              00000020
BT_3                              0000002C
BT_4                              00000038
BT_5                              00000044
C                                 00000000
C1INV                             00000004
C1OUT                             00000006
C2INV                             00000005
C2OUT                             00000007
CCP1CON                           00000017
CCP1IE                            00000002
CCP1IF                            00000002
CCP1M0                            00000000
CCP1M1                            00000001
CCP1M2                            00000002
CCP1M3                            00000003
CCP1X                             00000005
CCP1Y                             00000004
CCP2CON                           0000001D
CCP2IE                            00000000
CCP2IF                            00000000
CCP2M0                            00000000
CCP2M1                            00000001
CCP2M2                            00000002
CCP2M3                            00000003
CCP2X                             00000005
CCP2Y                             00000004
CCPR1                             00000015
CCPR1H                            00000016
CCPR1L                            00000015
CCPR2                             0000001B
MPASM 5.75                    SUMA_BOTON.ASM   11-8-2017  21:10:46         PAGE 17


SYMBOL TABLE
  LABEL                             VALUE 

CCPR2H                            0000001C
CCPR2L                            0000001B
CHS0                              00000003
CHS1                              00000004
CHS2                              00000005
CIS                               00000003
CKE                               00000006
CKP                               00000004
CM0                               00000000
CM1                               00000001
CM2                               00000002
CMCON                             0000009C
CMIE                              00000006
CMIF                              00000006
CREN                              00000004
CSRC                              00000007
CVR0                              00000000
CVR1                              00000001
CVR2                              00000002
CVR3                              00000003
CVRCON                            0000009D
CVREN                             00000007
CVROE                             00000006
CVRR                              00000005
D                                 00000005
DATA_ADDRESS                      00000005
DC                                00000001
DEC_1                             000000CA
DEC_2                             000000BB
DEC_3                             000000AC
DEC_4                             0000009D
DEC_5                             0000008E
DEC_6                             0000007F
DEC_7                             00000070
DEC_8                             00000061
DEC_9                             00000052
D_A                               00000005
D_NOT_A                           00000005
EEADR                             0000010D
EEADRH                            0000010F
EECON1                            0000018C
EECON2                            0000018D
EEDATA                            0000010C
EEDATH                            0000010E
EEIE                              00000004
EEIF                              00000004
EEPGD                             00000007
F                                 00000001
FERR                              00000002
FIJAR_CERO                        0000000C
FIN                               000000D7
FSR                               00000004
GCEN                              00000007
MPASM 5.75                    SUMA_BOTON.ASM   11-8-2017  21:10:46         PAGE 18


SYMBOL TABLE
  LABEL                             VALUE 

GIE                               00000007
GO                                00000002
GO_DONE                           00000002
GO_NOT_DONE                       00000002
I2C_DATA                          00000005
I2C_READ                          00000002
I2C_START                         00000003
I2C_STOP                          00000004
IBF                               00000007
IBOV                              00000005
INDF                              00000000
INTCON                            0000000B
INTE                              00000004
INTEDG                            00000006
INTF                              00000001
IRP                               00000007
NOT_A                             00000005
NOT_ADDRESS                       00000005
NOT_BO                            00000000
NOT_BOR                           00000000
NOT_DONE                          00000002
NOT_PD                            00000003
NOT_POR                           00000001
NOT_RBPU                          00000007
NOT_RC8                           00000006
NOT_T1SYNC                        00000002
NOT_TO                            00000004
NOT_TX8                           00000006
NOT_W                             00000002
NOT_WRITE                         00000002
NUM1                              00000020
NUM2                              00000021
OBF                               00000006
OERR                              00000001
OPTION_REG                        00000081
P                                 00000004
PCFG0                             00000000
PCFG1                             00000001
PCFG2                             00000002
PCFG3                             00000003
PCL                               00000002
PCLATH                            0000000A
PCON                              0000008E
PEIE                              00000006
PEN                               00000002
PIE1                              0000008C
PIE2                              0000008D
PIR1                              0000000C
PIR2                              0000000D
PORTA                             00000005
PORTB                             00000006
PORTC                             00000007
PORTD                             00000008
MPASM 5.75                    SUMA_BOTON.ASM   11-8-2017  21:10:46         PAGE 19


SYMBOL TABLE
  LABEL                             VALUE 

PORTE                             00000009
PR2                               00000092
PRUEBA_0                          000000D4
PRUEBA_1                          000000C5
PRUEBA_2                          000000B6
PRUEBA_3                          000000A7
PRUEBA_4                          00000098
PRUEBA_5                          00000089
PRUEBA_6                          0000007A
PRUEBA_7                          0000006B
PRUEBA_8                          0000005C
PRUEBA_9                          0000004E
PS0                               00000000
PS1                               00000001
PS2                               00000002
PSA                               00000003
PSPIE                             00000007
PSPIF                             00000007
PSPMODE                           00000004
PUERTO                            00000026
R                                 00000002
R1Decima_BucleExterno             00000115
R1Decima_BucleExterno2            00000113
R1Decima_BucleInterno             00000117
R1ms_BucleExterno                 000000FF
R1ms_BucleInterno                 00000101
RA0                               00000000
RA1                               00000001
RA2                               00000002
RA3                               00000003
RA4                               00000004
RA5                               00000005
RB0                               00000000
RB1                               00000001
RB2                               00000002
RB3                               00000003
RB4                               00000004
RB5                               00000005
RB6                               00000006
RB7                               00000007
RBIE                              00000003
RBIF                              00000000
RC0                               00000000
RC1                               00000001
RC2                               00000002
RC3                               00000003
RC4                               00000004
RC5                               00000005
RC6                               00000006
RC7                               00000007
RC8_9                             00000006
RC9                               00000006
RCD8                              00000000
MPASM 5.75                    SUMA_BOTON.ASM   11-8-2017  21:10:46         PAGE 20


SYMBOL TABLE
  LABEL                             VALUE 

RCEN                              00000003
RCIE                              00000005
RCIF                              00000005
RCREG                             0000001A
RCSTA                             00000018
RD                                00000000
RD0                               00000000
RD1                               00000001
RD2                               00000002
RD3                               00000003
RD4                               00000004
RD5                               00000005
RD6                               00000006
RD7                               00000007
RE0                               00000000
RE1                               00000001
RE2                               00000002
READ_WRITE                        00000002
RP0                               00000005
RP1                               00000006
RSEN                              00000001
RX9                               00000006
RX9D                              00000000
R_ContA                           00000030
R_ContB                           00000031
R_ContC                           00000032
R_NOT_W                           00000002
R_W                               00000002
RetardoMicros                     000000EB
Retardo_100micros                 000000E5
Retardo_100ms                     000000F1
Retardo_10micros                  000000D8
Retardo_10ms                      000000F7
Retardo_10s                       00000109
Retardo_1Decima                   00000112
Retardo_1ms                       000000FD
Retardo_1s                        0000010F
Retardo_200micros                 000000E2
Retardo_200ms                     000000EF
Retardo_20micros                  000000EA
Retardo_20ms                      000000F5
Retardo_20s                       00000107
Retardo_2ms                       000000FB
Retardo_2s                        0000010D
Retardo_4micros                   000000DE
Retardo_500micros                 000000DF
Retardo_500ms                     00000111
Retardo_50micros                  000000E7
Retardo_50ms                      000000F3
Retardo_5micros                   000000DD
Retardo_5ms                       000000F9
Retardo_5s                        0000010B
Retardos_ms                       000000FE
MPASM 5.75                    SUMA_BOTON.ASM   11-8-2017  21:10:46         PAGE 21


SYMBOL TABLE
  LABEL                             VALUE 

Rmicros_Bucle                     000000EC
S                                 00000003
SEN                               00000000
SMP                               00000007
SPBRG                             00000099
SPEN                              00000007
SREN                              00000005
SSPADD                            00000093
SSPBUF                            00000013
SSPCON                            00000014
SSPCON2                           00000091
SSPEN                             00000005
SSPIE                             00000003
SSPIF                             00000003
SSPM0                             00000000
SSPM1                             00000001
SSPM2                             00000002
SSPM3                             00000003
SSPOV                             00000006
SSPSTAT                           00000094
STATUS                            00000003
SYNC                              00000004
T0CS                              00000005
T0IE                              00000005
T0IF                              00000002
T0SE                              00000004
T1CKPS0                           00000004
T1CKPS1                           00000005
T1CON                             00000010
T1INSYNC                          00000002
T1OSCEN                           00000003
T1SYNC                            00000002
T2CKPS0                           00000000
T2CKPS1                           00000001
T2CON                             00000012
TEMP1                             00000024
TEMP2                             00000025
TMR0                              00000001
TMR0IE                            00000005
TMR0IF                            00000002
TMR1                              0000000E
TMR1CS                            00000001
TMR1H                             0000000F
TMR1IE                            00000000
TMR1IF                            00000000
TMR1L                             0000000E
TMR1ON                            00000000
TMR2                              00000011
TMR2IE                            00000001
TMR2IF                            00000001
TMR2ON                            00000002
TOUTPS0                           00000003
TOUTPS1                           00000004
MPASM 5.75                    SUMA_BOTON.ASM   11-8-2017  21:10:46         PAGE 22


SYMBOL TABLE
  LABEL                             VALUE 

TOUTPS2                           00000005
TOUTPS3                           00000006
TRISA                             00000085
TRISA0                            00000000
TRISA1                            00000001
TRISA2                            00000002
TRISA3                            00000003
TRISA4                            00000004
TRISA5                            00000005
TRISB                             00000086
TRISB0                            00000000
TRISB1                            00000001
TRISB2                            00000002
TRISB3                            00000003
TRISB4                            00000004
TRISB5                            00000005
TRISB6                            00000006
TRISB7                            00000007
TRISC                             00000087
TRISC0                            00000000
TRISC1                            00000001
TRISC2                            00000002
TRISC3                            00000003
TRISC4                            00000004
TRISC5                            00000005
TRISC6                            00000006
TRISC7                            00000007
TRISD                             00000088
TRISD0                            00000000
TRISD1                            00000001
TRISD2                            00000002
TRISD3                            00000003
TRISD4                            00000004
TRISD5                            00000005
TRISD6                            00000006
TRISD7                            00000007
TRISE                             00000089
TRISE0                            00000000
TRISE1                            00000001
TRISE2                            00000002
TRMT                              00000001
TX8_9                             00000006
TX9                               00000006
TX9D                              00000000
TXD8                              00000000
TXEN                              00000005
TXIE                              00000004
TXIF                              00000004
TXREG                             00000019
TXSTA                             00000098
UA                                00000001
VAR                               00000023
W                                 00000000
MPASM 5.75                    SUMA_BOTON.ASM   11-8-2017  21:10:46         PAGE 23


SYMBOL TABLE
  LABEL                             VALUE 

WCOL                              00000007
WR                                00000001
WREN                              00000002
WRERR                             00000003
Z                                 00000002
_BODEN_OFF                        00003FBF
_BODEN_ON                         00003FFF
_BOREN_OFF                        00003FBF
_BOREN_ON                         00003FFF
_CONFIG                           00002007
_CPD_OFF                          00003FFF
_CPD_ON                           00003EFF
_CP_ALL                           00001FFF
_CP_OFF                           00003FFF
_CP_ON                            00001FFF
_DEBUG_OFF                        00003FFF
_DEBUG_ON                         000037FF
_DEVID1                           00002006
_FOSC_EXTRC                       00003FFF
_FOSC_HS                          00003FFE
_FOSC_LP                          00003FFC
_FOSC_XT                          00003FFD
_HS_OSC                           00003FFE
_IDLOC0                           00002000
_IDLOC1                           00002001
_IDLOC2                           00002002
_IDLOC3                           00002003
_LP_OSC                           00003FFC
_LVP_OFF                          00003F7F
_LVP_ON                           00003FFF
_PWRTE_OFF                        00003FFF
_PWRTE_ON                         00003FF7
_RC_OSC                           00003FFF
_WDTE_OFF                         00003FFB
_WDTE_ON                          00003FFF
_WDT_OFF                          00003FFB
_WDT_ON                           00003FFF
_WRT_1FOURTH                      00003BFF
_WRT_256                          00003DFF
_WRT_HALF                         000039FF
_WRT_OFF                          00003FFF
_XT_OSC                           00003FFD
__16F877A                         00000001

Errors   :     0
Warnings :    16 reported,     0 suppressed
Messages :    30 reported,     0 suppressed

