Warning[207] C:\USERS\JOQLE\DOCUMENTS\MPLABXPROJECTS\SUMA_BOTON.X\SUMA_BOTON.ASM 11 : Found label after column 1. (NUM1)
Warning[207] C:\USERS\JOQLE\DOCUMENTS\MPLABXPROJECTS\SUMA_BOTON.X\SUMA_BOTON.ASM 13 : Found label after column 1. (NUM2)
Warning[207] C:\USERS\JOQLE\DOCUMENTS\MPLABXPROJECTS\SUMA_BOTON.X\SUMA_BOTON.ASM 15 : Found label after column 1. (VAR)
Warning[207] C:\USERS\JOQLE\DOCUMENTS\MPLABXPROJECTS\SUMA_BOTON.X\SUMA_BOTON.ASM 17 : Found label after column 1. (TEMP1)
Warning[207] C:\USERS\JOQLE\DOCUMENTS\MPLABXPROJECTS\SUMA_BOTON.X\SUMA_BOTON.ASM 19 : Found label after column 1. (TEMP2)
Warning[207] C:\USERS\JOQLE\DOCUMENTS\MPLABXPROJECTS\SUMA_BOTON.X\SUMA_BOTON.ASM 21 : Found label after column 1. (PUERTO)
Message[302] C:\USERS\JOQLE\DOCUMENTS\MPLABXPROJECTS\SUMA_BOTON.X\SUMA_BOTON.ASM 45 : Register in operand not in bank 0.  Ensure that bank bits are correct.
Message[305] C:\USERS\JOQLE\DOCUMENTS\MPLABXPROJECTS\SUMA_BOTON.X\SUMA_BOTON.ASM 103 : Using default destination of 1 (file).
Message[305] C:\USERS\JOQLE\DOCUMENTS\MPLABXPROJECTS\SUMA_BOTON.X\SUMA_BOTON.ASM 157 : Using default destination of 1 (file).
Warning[207] C:\USERS\JOQLE\DOCUMENTS\MPLABXPROJECTS\SUMA_BOTON.X\SUMA_BOTON.ASM 185 : Found label after column 1. (NUM1)
Message[305] C:\USERS\JOQLE\DOCUMENTS\MPLABXPROJECTS\SUMA_BOTON.X\SUMA_BOTON.ASM 211 : Using default destination of 1 (file).
Message[305] C:\USERS\JOQLE\DOCUMENTS\MPLABXPROJECTS\SUMA_BOTON.X\SUMA_BOTON.ASM 213 : Using default destination of 1 (file).
Message[305] C:\USERS\JOQLE\DOCUMENTS\MPLABXPROJECTS\SUMA_BOTON.X\SUMA_BOTON.ASM 221 : Using default destination of 1 (file).
Warning[207] C:\USERS\JOQLE\DOCUMENTS\MPLABXPROJECTS\SUMA_BOTON.X\SUMA_BOTON.ASM 237 : Found label after column 1. (TEMP2)
Message[305] C:\USERS\JOQLE\DOCUMENTS\MPLABXPROJECTS\SUMA_BOTON.X\SUMA_BOTON.ASM 247 : Using default destination of 1 (file).
Message[305] C:\USERS\JOQLE\DOCUMENTS\MPLABXPROJECTS\SUMA_BOTON.X\SUMA_BOTON.ASM 249 : Using default destination of 1 (file).
Message[305] C:\USERS\JOQLE\DOCUMENTS\MPLABXPROJECTS\SUMA_BOTON.X\SUMA_BOTON.ASM 257 : Using default destination of 1 (file).
Warning[207] C:\USERS\JOQLE\DOCUMENTS\MPLABXPROJECTS\SUMA_BOTON.X\SUMA_BOTON.ASM 273 : Found label after column 1. (TEMP2)
Message[305] C:\USERS\JOQLE\DOCUMENTS\MPLABXPROJECTS\SUMA_BOTON.X\SUMA_BOTON.ASM 283 : Using default destination of 1 (file).
Message[305] C:\USERS\JOQLE\DOCUMENTS\MPLABXPROJECTS\SUMA_BOTON.X\SUMA_BOTON.ASM 285 : Using default destination of 1 (file).
Message[305] C:\USERS\JOQLE\DOCUMENTS\MPLABXPROJECTS\SUMA_BOTON.X\SUMA_BOTON.ASM 293 : Using default destination of 1 (file).
Warning[207] C:\USERS\JOQLE\DOCUMENTS\MPLABXPROJECTS\SUMA_BOTON.X\SUMA_BOTON.ASM 309 : Found label after column 1. (TEMP2)
Message[305] C:\USERS\JOQLE\DOCUMENTS\MPLABXPROJECTS\SUMA_BOTON.X\SUMA_BOTON.ASM 319 : Using default destination of 1 (file).
Message[305] C:\USERS\JOQLE\DOCUMENTS\MPLABXPROJECTS\SUMA_BOTON.X\SUMA_BOTON.ASM 321 : Using default destination of 1 (file).
Message[305] C:\USERS\JOQLE\DOCUMENTS\MPLABXPROJECTS\SUMA_BOTON.X\SUMA_BOTON.ASM 329 : Using default destination of 1 (file).
Warning[207] C:\USERS\JOQLE\DOCUMENTS\MPLABXPROJECTS\SUMA_BOTON.X\SUMA_BOTON.ASM 345 : Found label after column 1. (TEMP2)
Message[305] C:\USERS\JOQLE\DOCUMENTS\MPLABXPROJECTS\SUMA_BOTON.X\SUMA_BOTON.ASM 355 : Using default destination of 1 (file).
Message[305] C:\USERS\JOQLE\DOCUMENTS\MPLABXPROJECTS\SUMA_BOTON.X\SUMA_BOTON.ASM 357 : Using default destination of 1 (file).
Message[305] C:\USERS\JOQLE\DOCUMENTS\MPLABXPROJECTS\SUMA_BOTON.X\SUMA_BOTON.ASM 365 : Using default destination of 1 (file).
Warning[207] C:\USERS\JOQLE\DOCUMENTS\MPLABXPROJECTS\SUMA_BOTON.X\SUMA_BOTON.ASM 381 : Found label after column 1. (TEMP2)
Message[305] C:\USERS\JOQLE\DOCUMENTS\MPLABXPROJECTS\SUMA_BOTON.X\SUMA_BOTON.ASM 391 : Using default destination of 1 (file).
Message[305] C:\USERS\JOQLE\DOCUMENTS\MPLABXPROJECTS\SUMA_BOTON.X\SUMA_BOTON.ASM 393 : Using default destination of 1 (file).
Message[305] C:\USERS\JOQLE\DOCUMENTS\MPLABXPROJECTS\SUMA_BOTON.X\SUMA_BOTON.ASM 401 : Using default destination of 1 (file).
Warning[207] C:\USERS\JOQLE\DOCUMENTS\MPLABXPROJECTS\SUMA_BOTON.X\SUMA_BOTON.ASM 417 : Found label after column 1. (TEMP2)
Message[305] C:\USERS\JOQLE\DOCUMENTS\MPLABXPROJECTS\SUMA_BOTON.X\SUMA_BOTON.ASM 427 : Using default destination of 1 (file).
Message[305] C:\USERS\JOQLE\DOCUMENTS\MPLABXPROJECTS\SUMA_BOTON.X\SUMA_BOTON.ASM 429 : Using default destination of 1 (file).
Message[305] C:\USERS\JOQLE\DOCUMENTS\MPLABXPROJECTS\SUMA_BOTON.X\SUMA_BOTON.ASM 437 : Using default destination of 1 (file).
Warning[207] C:\USERS\JOQLE\DOCUMENTS\MPLABXPROJECTS\SUMA_BOTON.X\SUMA_BOTON.ASM 453 : Found label after column 1. (TEMP2)
Message[305] C:\USERS\JOQLE\DOCUMENTS\MPLABXPROJECTS\SUMA_BOTON.X\SUMA_BOTON.ASM 463 : Using default destination of 1 (file).
Message[305] C:\USERS\JOQLE\DOCUMENTS\MPLABXPROJECTS\SUMA_BOTON.X\SUMA_BOTON.ASM 465 : Using default destination of 1 (file).
Message[305] C:\USERS\JOQLE\DOCUMENTS\MPLABXPROJECTS\SUMA_BOTON.X\SUMA_BOTON.ASM 473 : Using default destination of 1 (file).
Warning[207] C:\USERS\JOQLE\DOCUMENTS\MPLABXPROJECTS\SUMA_BOTON.X\SUMA_BOTON.ASM 489 : Found label after column 1. (TEMP2)
Message[305] C:\USERS\JOQLE\DOCUMENTS\MPLABXPROJECTS\SUMA_BOTON.X\SUMA_BOTON.ASM 499 : Using default destination of 1 (file).
Message[305] C:\USERS\JOQLE\DOCUMENTS\MPLABXPROJECTS\SUMA_BOTON.X\SUMA_BOTON.ASM 501 : Using default destination of 1 (file).
Message[305] C:\USERS\JOQLE\DOCUMENTS\MPLABXPROJECTS\SUMA_BOTON.X\SUMA_BOTON.ASM 509 : Using default destination of 1 (file).
Warning[205] C:\USERS\JOQLE\DOCUMENTS\MPLABXPROJECTS\SUMA_BOTON.X\SUMA_BOTON.ASM 533 : Found directive in column 1. (END)
