MPASM 5.75                CONTADOR_TABLA.ASM   11-4-2017  22:35:52         PAGE  1


LOC  OBJECT CODE     LINE SOURCE TEXT
  VALUE

Warning[215]: Processor superseded by command line.  Verify processor symbol.
                      00001     LIST P = 16F877A
                      00002     
                      00003     INCLUDE<P16F877A.INC>
                      00001         LIST
                      00002 
                      00003 ;==========================================================================
                      00004 ; Build date : Jul 02 2017
                      00005 ;  MPASM PIC16F877A processor include
                      00006 ; 
                      00007 ;  (c) Copyright 1999-2017 Microchip Technology, All rights reserved
                      00008 ;==========================================================================
                      00009 
Message[301]: MESSAGE: (Processor-header file mismatch.  Verify selected processor.)
                      00567         LIST
                      00004     
2007   3F71           00005     __CONFIG _WDT_OFF & _PWRTE_ON & _XT_OSC & _LVP_OFF & _CP_OFF
                      00006     
                      00007     CBLOCK 0X0C
                      00008     
  0000000C            00009         CONTADOR
                      00010     
                      00011     ENDC
                      00012     
                      00013     #DEFINE DISPLAY PORTB
                      00014     
                      00015     ORG 0
                      00016     
0000   1683           00017     BSF STATUS, RP0
                      00018     
0001   0186           00019     CLRF DISPLAY
                      00020     
0002   1283           00021     BCF STATUS, RP0
                      00022     
0003                  00023 INICIO
                      00024     
0003   018C           00025     CLRF CONTADOR
                      00026     
0004   080C           00027     MOVF CONTADOR, W
                      00028     
0005   2???           00029     CALL SIETE_SEGMENTOS
                      00030     
0006   0086           00031     MOVWF DISPLAY
                      00032     
0007   2???           00033     CALL Retardo_200ms
                      00034     
0008                  00035 CONTAR
                      00036     
0008   0A8C           00037     INCF CONTADOR, F
                      00038     
0009   300A           00039     MOVLW D'10'
                      00040     
000A   020C           00041     SUBWF CONTADOR, W
MPASM 5.75                CONTADOR_TABLA.ASM   11-4-2017  22:35:52         PAGE  2


LOC  OBJECT CODE     LINE SOURCE TEXT
  VALUE

                      00042     
000B   1803           00043     BTFSC STATUS, C ;Verifica si C es 0, si se cumple la condición salta una línea
                      00044     ;C es 1 cuando la resta es 0
                      00045     
000C   2???           00046     GOTO INICIO
                      00047     
000D   080C           00048     MOVF CONTADOR, W
                      00049     
000E   2???           00050     CALL SIETE_SEGMENTOS
                      00051     
000F   0086           00052     MOVWF DISPLAY
                      00053     
0010   2???           00054     CALL Retardo_200ms
                      00055     
0011   2???           00056     GOTO CONTAR
                      00057     
0012                  00058 SIETE_SEGMENTOS
                      00059     
0012   0782           00060     ADDWF PCL, F
                      00061     
0013                  00062 TABLA
                      00063     
0013   34C0           00064     RETLW B'11000000'
                      00065     
0014   34F9           00066     RETLW B'11111001'
                      00067     
0015   34A4           00068     RETLW B'10100100'
                      00069     
0016   34B0           00070     RETLW B'10110000'
                      00071     
0017   3499           00072     RETLW B'10011001'
                      00073     
0018   3492           00074     RETLW B'10010010'
                      00075     
0019   3482           00076     RETLW B'10000010'
                      00077     
001A   34F8           00078     RETLW B'11111000'
                      00079     
001B   3480           00080     RETLW B'10000000'
                      00081     
001C   3490           00082     RETLW B'10010000'
                      00083     
                      00084     INCLUDE<RETARDOS.INC>
                      00001 ;**************************** Librería "RETARDOS.INC" *********************************
                      00002 ;
                      00003 ;       ===================================================================
                      00004 ;         Del libro "MICROCONTROLADOR PIC16F84. DESARROLLO DE PROYECTOS"
                      00005 ;         E. Palacios, F. Remiro y L. López.            www.pic16f84a.com
                      00006 ;         Editorial Ra-Ma.  www.ra-ma.es
                      00007 ;       ===================================================================
                      00008 ;
                      00009 ; Librería con múltiples subrutinas de retardos, desde 4 microsegundos hasta 20 segundos. 
                      00010 ; Además se pueden implementar otras subrutinas muy fácilmente.
MPASM 5.75                CONTADOR_TABLA.ASM   11-4-2017  22:35:52         PAGE  3


LOC  OBJECT CODE     LINE SOURCE TEXT
  VALUE

                      00011 ;
                      00012 ; Se han calculado para un sistema microcontrolador con un PIC trabajando con un cristal
                      00013 ; de cuarzo a 4 MHz. Como cada ciclo máquina son 4 ciclos de reloj, resulta que cada
                      00014 ; ciclo máquina tarda 4 x 1/4MHz = 1 µs.
                      00015 ;
                      00016 ; En los comentarios, "cm" significa "ciclos máquina".
                      00017 ;
                      00018 ; ZONA DE DATOS *********************************************************************
                      00019 
                      00020         CBLOCK
  0000000D            00021         R_ContA                                         ; Contadores para los retardos.
  0000000E            00022         R_ContB
  0000000F            00023         R_ContC
                      00024         ENDC
                      00025 ;
                      00026 ; RETARDOS de 4 hasta 10 microsegundos ---------------------------------------------------
                      00027 ;
                      00028 ; A continuación retardos pequeños teniendo en cuenta que para una frecuencia de 4 MHZ,
                      00029 ; la llamada a subrutina "call" tarda 2 ciclos máquina, el retorno de subrutina
                      00030 ; "return" toma otros 2 ciclos máquina y cada instrucción "nop" tarda 1 ciclo máquina.
                      00031 ;
001D                  00032 Retardo_10micros                                ; La llamada "call" aporta 2 ciclos máquina.
001D   0000           00033         nop                                                     ; Aporta 1 ciclo máquina.
001E   0000           00034         nop                                                     ; Aporta 1 ciclo máquina.
001F   0000           00035         nop                                                     ; Aporta 1 ciclo máquina.
0020   0000           00036         nop                                                     ; Aporta 1 ciclo máquina.
0021   0000           00037         nop                                                     ; Aporta 1 ciclo máquina.
0022                  00038 Retardo_5micros                                 ; La llamada "call" aporta 2 ciclos máquina.
0022   0000           00039         nop                                                     ; Aporta 1 ciclo máquina.
0023                  00040 Retardo_4micros                                 ; La llamada "call" aporta 2 ciclos máquina.
0023   0008           00041         return                                          ; El salto del retorno aporta 2 ciclos máquina.
                      00042 ;
                      00043 ; RETARDOS de 20 hasta 500 microsegundos ------------------------------------------------
                      00044 ;
0024                  00045 Retardo_500micros                               ; La llamada "call" aporta 2 ciclos máquina.
0024   0000           00046         nop                                                     ; Aporta 1 ciclo máquina.
0025   30A4           00047         movlw   d'164'                          ; Aporta 1 ciclo máquina. Este es el valor de "K".
0026   2???           00048         goto    RetardoMicros           ; Aporta 2 ciclos máquina.
0027                  00049 Retardo_200micros                               ; La llamada "call" aporta 2 ciclos máquina.
0027   0000           00050         nop                                                     ; Aporta 1 ciclo máquina.
0028   3040           00051         movlw   d'64'                           ; Aporta 1 ciclo máquina. Este es el valor de "K".
0029   2???           00052         goto    RetardoMicros           ; Aporta 2 ciclos máquina.
002A                  00053 Retardo_100micros                               ; La llamada "call" aporta 2 ciclos máquina.
002A   301F           00054         movlw   d'31'                           ; Aporta 1 ciclo máquina. Este es el valor de "K".
002B   2???           00055         goto    RetardoMicros           ; Aporta 2 ciclos máquina.
002C                  00056 Retardo_50micros                                ; La llamada "call" aporta 2 ciclos máquina.
002C   0000           00057         nop                                                     ; Aporta 1 ciclo máquina.
002D   300E           00058         movlw   d'14'                           ; Aporta 1 ciclo máquina. Este es el valor de "K".
002E   2???           00059         goto    RetardoMicros           ; Aporta 2 ciclos máquina.
002F                  00060 Retardo_20micros                                ; La llamada "call" aporta 2 ciclos máquina.
002F   3005           00061         movlw   d'5'                            ; Aporta 1 ciclo máquina. Este es el valor de "K".
                      00062 ;
                      00063 ; El próximo bloque "RetardoMicros" tarda:
MPASM 5.75                CONTADOR_TABLA.ASM   11-4-2017  22:35:52         PAGE  4


LOC  OBJECT CODE     LINE SOURCE TEXT
  VALUE

                      00064 ; 1 + (K-1) + 2 + (K-1)x2 + 2 = (2 + 3K) ciclos máquina.
                      00065 ;
0030                  00066 RetardoMicros
0030   008D           00067         movwf   R_ContA                         ; Aporta 1 ciclo máquina.
0031                  00068 Rmicros_Bucle
0031   0B8D           00069         decfsz  R_ContA,F                       ; (K-1)x1 cm (cuando no salta) + 2 cm (al saltar).
0032   2???           00070         goto    Rmicros_Bucle           ; Aporta (K-1)x2 ciclos máquina.
0033   0008           00071         return                                          ; El salto del retorno aporta 2 ciclos máquina.
                      00072 ;
                      00073 ;En total estas subrutinas tardan:
                      00074 ; - Retardo_500micros:  2 + 1 + 1 + 2 + (2 + 3K) = 500 cm = 500 µs. (para K=164 y 4 MHz).
                      00075 ; - Retardo_200micros:  2 + 1 + 1 + 2 + (2 + 3K) = 200 cm = 200 µs. (para K= 64 y 4 MHz).
                      00076 ; - Retardo_100micros:  2     + 1 + 2 + (2 + 3K) = 100 cm = 100 µs. (para K= 31 y 4 MHz).
                      00077 ; - Retardo_50micros :  2 + 1 + 1 + 2 + (2 + 3K) =  50 cm =  50 µs. (para K= 14 y 4 MHz).
                      00078 ; - Retardo_20micros :  2     + 1     + (2 + 3K) =  20 cm =  20 µs. (para K=  5 y 4 MHz).
                      00079 ;
                      00080 ; RETARDOS de 1 ms hasta 200 ms. --------------------------------------------------------
                      00081 ;
0034                  00082 Retardo_200ms                                   ; La llamada "call" aporta 2 ciclos máquina.
0034   30C8           00083         movlw   d'200'                          ; Aporta 1 ciclo máquina. Este es el valor de "M".
0035   2???           00084         goto    Retardos_ms                     ; Aporta 2 ciclos máquina.
0036                  00085 Retardo_100ms                                   ; La llamada "call" aporta 2 ciclos máquina.
0036   3064           00086         movlw   d'100'                          ; Aporta 1 ciclo máquina. Este es el valor de "M".
0037   2???           00087         goto    Retardos_ms                     ; Aporta 2 ciclos máquina.
0038                  00088 Retardo_50ms                                    ; La llamada "call" aporta 2 ciclos máquina.
0038   3032           00089         movlw   d'50'                           ; Aporta 1 ciclo máquina. Este es el valor de "M".
0039   2???           00090         goto    Retardos_ms                     ; Aporta 2 ciclos máquina.
003A                  00091 Retardo_20ms                                    ; La llamada "call" aporta 2 ciclos máquina.
003A   3014           00092         movlw   d'20'                           ; Aporta 1 ciclo máquina. Este es el valor de "M".
003B   2???           00093         goto    Retardos_ms                     ; Aporta 2 ciclos máquina.
003C                  00094 Retardo_10ms                                    ; La llamada "call" aporta 2 ciclos máquina.
003C   300A           00095         movlw   d'10'                           ; Aporta 1 ciclo máquina. Este es el valor de "M".
003D   2???           00096         goto    Retardos_ms                     ; Aporta 2 ciclos máquina.
003E                  00097 Retardo_5ms                                             ; La llamada "call" aporta 2 ciclos máquina.
003E   3005           00098         movlw   d'5'                            ; Aporta 1 ciclo máquina. Este es el valor de "M".
003F   2???           00099         goto    Retardos_ms                     ; Aporta 2 ciclos máquina.
0040                  00100 Retardo_2ms                                             ; La llamada "call" aporta 2 ciclos máquina.
0040   3002           00101         movlw   d'2'                            ; Aporta 1 ciclo máquina. Este es el valor de "M".
0041   2???           00102         goto    Retardos_ms                     ; Aporta 2 ciclos máquina.
0042                  00103 Retardo_1ms                                             ; La llamada "call" aporta 2 ciclos máquina.
0042   3001           00104         movlw   d'1'                            ; Aporta 1 ciclo máquina. Este es el valor de "M".
                      00105 ;
                      00106 ; El próximo bloque "Retardos_ms" tarda:
                      00107 ; 1 + M + M + KxM + (K-1)xM + Mx2 + (K-1)Mx2 + (M-1) + 2 + (M-1)x2 + 2 =
                      00108 ; = (2 + 4M + 4KM) ciclos máquina. Para K=249 y M=1 supone 1002 ciclos máquina
                      00109 ; que a 4 MHz son 1002 µs = 1 ms.
                      00110 ;
0043                  00111 Retardos_ms
0043   008E           00112         movwf   R_ContB                         ; Aporta 1 ciclo máquina.
0044                  00113 R1ms_BucleExterno
0044   30F9           00114         movlw   d'249'                          ; Aporta Mx1 ciclos máquina. Este es el valor de "K".
0045   008D           00115         movwf   R_ContA                         ; Aporta Mx1 ciclos máquina.
0046                  00116 R1ms_BucleInterno
MPASM 5.75                CONTADOR_TABLA.ASM   11-4-2017  22:35:52         PAGE  5


LOC  OBJECT CODE     LINE SOURCE TEXT
  VALUE

0046   0000           00117         nop                                                     ; Aporta KxMx1 ciclos máquina.
0047   0B8D           00118         decfsz  R_ContA,F                       ; (K-1)xMx1 cm (cuando no salta) + Mx2 cm (al saltar).
0048   2???           00119         goto    R1ms_BucleInterno       ; Aporta (K-1)xMx2 ciclos máquina.
0049   0B8E           00120         decfsz  R_ContB,F                       ; (M-1)x1 cm (cuando no salta) + 2 cm (al saltar).
004A   2???           00121         goto    R1ms_BucleExterno       ; Aporta (M-1)x2 ciclos máquina.
004B   0008           00122         return                                          ; El salto del retorno aporta 2 ciclos máquina.
                      00123 ;
                      00124 ;En total estas subrutinas tardan:
                      00125 ; - Retardo_200ms:      2 + 1 + 2 + (2 + 4M + 4KM) = 200007 cm = 200 ms. (M=200 y K=249).
                      00126 ; - Retardo_100ms:      2 + 1 + 2 + (2 + 4M + 4KM) = 100007 cm = 100 ms. (M=100 y K=249).
                      00127 ; - Retardo_50ms :      2 + 1 + 2 + (2 + 4M + 4KM) =  50007 cm =  50 ms. (M= 50 y K=249).
                      00128 ; - Retardo_20ms :      2 + 1 + 2 + (2 + 4M + 4KM) =  20007 cm =  20 ms. (M= 20 y K=249).
                      00129 ; - Retardo_10ms :      2 + 1 + 2 + (2 + 4M + 4KM) =  10007 cm =  10 ms. (M= 10 y K=249).
                      00130 ; - Retardo_5ms  :      2 + 1 + 2 + (2 + 4M + 4KM) =   5007 cm =   5 ms. (M=  5 y K=249).
                      00131 ; - Retardo_2ms  :      2 + 1 + 2 + (2 + 4M + 4KM) =   2007 cm =   2 ms. (M=  2 y K=249).
                      00132 ; - Retardo_1ms  :      2 + 1     + (2 + 4M + 4KM) =   1005 cm =   1 ms. (M=  1 y K=249).
                      00133 ;
                      00134 ; RETARDOS de 0.5 hasta 20 segundos ---------------------------------------------------
                      00135 ;
004C                  00136 Retardo_20s                                             ; La llamada "call" aporta 2 ciclos máquina.
004C   30C8           00137         movlw   d'200'                          ; Aporta 1 ciclo máquina. Este es el valor de "N".
004D   2???           00138         goto    Retardo_1Decima         ; Aporta 2 ciclos máquina.
004E                  00139 Retardo_10s                                             ; La llamada "call" aporta 2 ciclos máquina.
004E   3064           00140         movlw   d'100'                          ; Aporta 1 ciclo máquina. Este es el valor de "N".
004F   2???           00141         goto    Retardo_1Decima         ; Aporta 2 ciclos máquina.
0050                  00142 Retardo_5s                                              ; La llamada "call" aporta 2 ciclos máquina.
0050   3032           00143         movlw   d'50'                           ; Aporta 1 ciclo máquina. Este es el valor de "N".
0051   2???           00144         goto    Retardo_1Decima         ; Aporta 2 ciclos máquina.
0052                  00145 Retardo_2s                                              ; La llamada "call" aporta 2 ciclos máquina.
0052   3014           00146         movlw   d'20'                           ; Aporta 1 ciclo máquina. Este es el valor de "N".
0053   2???           00147         goto    Retardo_1Decima         ; Aporta 2 ciclos máquina.
0054                  00148 Retardo_1s                                              ; La llamada "call" aporta 2 ciclos máquina.
0054   300A           00149         movlw   d'10'                           ; Aporta 1 ciclo máquina. Este es el valor de "N".
0055   2???           00150         goto    Retardo_1Decima         ; Aporta 2 ciclos máquina.
0056                  00151 Retardo_500ms                                   ; La llamada "call" aporta 2 ciclos máquina.
0056   3005           00152         movlw   d'5'                            ; Aporta 1 ciclo máquina. Este es el valor de "N".
                      00153 ;
                      00154 ; El próximo bloque "Retardo_1Decima" tarda:
                      00155 ; 1 + N + N + MxN + MxN + KxMxN + (K-1)xMxN + MxNx2 + (K-1)xMxNx2 +
                      00156 ;   + (M-1)xN + Nx2 + (M-1)xNx2 + (N-1) + 2 + (N-1)x2 + 2 =
                      00157 ; = (2 + 4M + 4MN + 4KM) ciclos máquina. Para K=249, M=100 y N=1 supone 100011
                      00158 ; ciclos máquina que a 4 MHz son 100011 µs = 100 ms = 0,1 s = 1 décima de segundo.
                      00159 ;
0057                  00160 Retardo_1Decima
0057   008F           00161         movwf   R_ContC                         ; Aporta 1 ciclo máquina.
0058                  00162 R1Decima_BucleExterno2
0058   3064           00163         movlw   d'100'                          ; Aporta Nx1 ciclos máquina. Este es el valor de "M".
0059   008E           00164         movwf   R_ContB                         ; Aporta Nx1 ciclos máquina.
005A                  00165 R1Decima_BucleExterno
005A   30F9           00166         movlw   d'249'                          ; Aporta MxNx1 ciclos máquina. Este es el valor de "K".
005B   008D           00167         movwf   R_ContA                         ; Aporta MxNx1 ciclos máquina.
005C                  00168 R1Decima_BucleInterno          
005C   0000           00169         nop                                                     ; Aporta KxMxNx1 ciclos máquina.
MPASM 5.75                CONTADOR_TABLA.ASM   11-4-2017  22:35:52         PAGE  6


LOC  OBJECT CODE     LINE SOURCE TEXT
  VALUE

005D   0B8D           00170         decfsz  R_ContA,F                       ; (K-1)xMxNx1 cm (si no salta) + MxNx2 cm (al saltar).
005E   2???           00171         goto    R1Decima_BucleInterno   ; Aporta (K-1)xMxNx2 ciclos máquina.
005F   0B8E           00172         decfsz  R_ContB,F                       ; (M-1)xNx1 cm (cuando no salta) + Nx2 cm (al saltar).
0060   2???           00173         goto    R1Decima_BucleExterno   ; Aporta (M-1)xNx2 ciclos máquina.
0061   0B8F           00174         decfsz  R_ContC,F                       ; (N-1)x1 cm (cuando no salta) + 2 cm (al saltar).
0062   2???           00175         goto    R1Decima_BucleExterno2  ; Aporta (N-1)x2 ciclos máquina.
0063   0008           00176         return                                          ; El salto del retorno aporta 2 ciclos máquina.
                      00177 ;
                      00178 ;En total estas subrutinas tardan:
                      00179 ; - Retardo_20s:        2 + 1 + 2 + (2 + 4N + 4MN + 4KMN) = 20000807 cm = 20 s.
                      00180 ;                       (N=200, M=100 y K=249).
                      00181 ; - Retardo_10s:        2 + 1 + 2 + (2 + 4N + 4MN + 4KMN) = 10000407 cm = 10 s.
                      00182 ;                       (N=100, M=100 y K=249).
                      00183 ; - Retardo_5s:         2 + 1 + 2 + (2 + 4N + 4MN + 4KMN) =  5000207 cm =  5 s.
                      00184 ;                       (N= 50, M=100 y K=249).
                      00185 ; - Retardo_2s:         2 + 1 + 2 + (2 + 4N + 4MN + 4KMN) =  2000087 cm =  2 s.
                      00186 ;                       (N= 20, M=100 y K=249).
                      00187 ; - Retardo_1s:         2 + 1 + 2 + (2 + 4N + 4MN + 4KMN) =  1000047 cm =  1 s.
                      00188 ;                       (N= 10, M=100 y K=249).
                      00189 ; - Retardo_500ms:      2 + 1     + (2 + 4N + 4MN + 4KMN) =   500025 cm = 0,5 s.
                      00190 ;                       (N=  5, M=100 y K=249).
                      00191 
                      00192 ;       ===================================================================
                      00193 ;         Del libro "MICROCONTROLADOR PIC16F84. DESARROLLO DE PROYECTOS"
                      00194 ;         E. Palacios, F. Remiro y L. López.            www.pic16f84a.com
                      00195 ;         Editorial Ra-Ma.  www.ra-ma.es
                      00196 ;       ===================================================================
                      00197 
                      00198 
                      00199 
                      00200 
                      00085     
3F71                  00086     END
MPASM 5.75                CONTADOR_TABLA.ASM   11-4-2017  22:35:52         PAGE  7


SYMBOL TABLE
  LABEL                             VALUE 

ACKDT                             00000005
ACKEN                             00000004
ACKSTAT                           00000006
ADCON0                            0000001F
ADCON1                            0000009F
ADCS0                             00000006
ADCS1                             00000007
ADCS2                             00000006
ADDEN                             00000003
ADFM                              00000007
ADIE                              00000006
ADIF                              00000006
ADON                              00000000
ADRESH                            0000001E
ADRESL                            0000009E
BCLIE                             00000003
BCLIF                             00000003
BF                                00000000
BRGH                              00000002
C                                 00000000
C1INV                             00000004
C1OUT                             00000006
C2INV                             00000005
C2OUT                             00000007
CCP1CON                           00000017
CCP1IE                            00000002
CCP1IF                            00000002
CCP1M0                            00000000
CCP1M1                            00000001
CCP1M2                            00000002
CCP1M3                            00000003
CCP1X                             00000005
CCP1Y                             00000004
CCP2CON                           0000001D
CCP2IE                            00000000
CCP2IF                            00000000
CCP2M0                            00000000
CCP2M1                            00000001
CCP2M2                            00000002
CCP2M3                            00000003
CCP2X                             00000005
CCP2Y                             00000004
CCPR1                             00000015
CCPR1H                            00000016
CCPR1L                            00000015
CCPR2                             0000001B
CCPR2H                            0000001C
CCPR2L                            0000001B
CHS0                              00000003
CHS1                              00000004
CHS2                              00000005
CIS                               00000003
CKE                               00000006
MPASM 5.75                CONTADOR_TABLA.ASM   11-4-2017  22:35:52         PAGE  8


SYMBOL TABLE
  LABEL                             VALUE 

CKP                               00000004
CM0                               00000000
CM1                               00000001
CM2                               00000002
CMCON                             0000009C
CMIE                              00000006
CMIF                              00000006
CONTADOR                          0000000C
CONTAR                            00000008
CREN                              00000004
CSRC                              00000007
CVR0                              00000000
CVR1                              00000001
CVR2                              00000002
CVR3                              00000003
CVRCON                            0000009D
CVREN                             00000007
CVROE                             00000006
CVRR                              00000005
D                                 00000005
DATA_ADDRESS                      00000005
DC                                00000001
DISPLAY                           PORTB
D_A                               00000005
D_NOT_A                           00000005
EEADR                             0000010D
EEADRH                            0000010F
EECON1                            0000018C
EECON2                            0000018D
EEDATA                            0000010C
EEDATH                            0000010E
EEIE                              00000004
EEIF                              00000004
EEPGD                             00000007
F                                 00000001
FERR                              00000002
FSR                               00000004
GCEN                              00000007
GIE                               00000007
GO                                00000002
GO_DONE                           00000002
GO_NOT_DONE                       00000002
I2C_DATA                          00000005
I2C_READ                          00000002
I2C_START                         00000003
I2C_STOP                          00000004
IBF                               00000007
IBOV                              00000005
INDF                              00000000
INICIO                            00000003
INTCON                            0000000B
INTE                              00000004
INTEDG                            00000006
MPASM 5.75                CONTADOR_TABLA.ASM   11-4-2017  22:35:52         PAGE  9


SYMBOL TABLE
  LABEL                             VALUE 

INTF                              00000001
IRP                               00000007
NOT_A                             00000005
NOT_ADDRESS                       00000005
NOT_BO                            00000000
NOT_BOR                           00000000
NOT_DONE                          00000002
NOT_PD                            00000003
NOT_POR                           00000001
NOT_RBPU                          00000007
NOT_RC8                           00000006
NOT_T1SYNC                        00000002
NOT_TO                            00000004
NOT_TX8                           00000006
NOT_W                             00000002
NOT_WRITE                         00000002
OBF                               00000006
OERR                              00000001
OPTION_REG                        00000081
P                                 00000004
PCFG0                             00000000
PCFG1                             00000001
PCFG2                             00000002
PCFG3                             00000003
PCL                               00000002
PCLATH                            0000000A
PCON                              0000008E
PEIE                              00000006
PEN                               00000002
PIE1                              0000008C
PIE2                              0000008D
PIR1                              0000000C
PIR2                              0000000D
PORTA                             00000005
PORTB                             00000006
PORTC                             00000007
PORTD                             00000008
PORTE                             00000009
PR2                               00000092
PS0                               00000000
PS1                               00000001
PS2                               00000002
PSA                               00000003
PSPIE                             00000007
PSPIF                             00000007
PSPMODE                           00000004
R                                 00000002
R1Decima_BucleExterno             0000005A
R1Decima_BucleExterno2            00000058
R1Decima_BucleInterno             0000005C
R1ms_BucleExterno                 00000044
R1ms_BucleInterno                 00000046
RA0                               00000000
MPASM 5.75                CONTADOR_TABLA.ASM   11-4-2017  22:35:52         PAGE 10


SYMBOL TABLE
  LABEL                             VALUE 

RA1                               00000001
RA2                               00000002
RA3                               00000003
RA4                               00000004
RA5                               00000005
RB0                               00000000
RB1                               00000001
RB2                               00000002
RB3                               00000003
RB4                               00000004
RB5                               00000005
RB6                               00000006
RB7                               00000007
RBIE                              00000003
RBIF                              00000000
RC0                               00000000
RC1                               00000001
RC2                               00000002
RC3                               00000003
RC4                               00000004
RC5                               00000005
RC6                               00000006
RC7                               00000007
RC8_9                             00000006
RC9                               00000006
RCD8                              00000000
RCEN                              00000003
RCIE                              00000005
RCIF                              00000005
RCREG                             0000001A
RCSTA                             00000018
RD                                00000000
RD0                               00000000
RD1                               00000001
RD2                               00000002
RD3                               00000003
RD4                               00000004
RD5                               00000005
RD6                               00000006
RD7                               00000007
RE0                               00000000
RE1                               00000001
RE2                               00000002
READ_WRITE                        00000002
RP0                               00000005
RP1                               00000006
RSEN                              00000001
RX9                               00000006
RX9D                              00000000
R_ContA                           0000000D
R_ContB                           0000000E
R_ContC                           0000000F
R_NOT_W                           00000002
MPASM 5.75                CONTADOR_TABLA.ASM   11-4-2017  22:35:52         PAGE 11


SYMBOL TABLE
  LABEL                             VALUE 

R_W                               00000002
RetardoMicros                     00000030
Retardo_100micros                 0000002A
Retardo_100ms                     00000036
Retardo_10micros                  0000001D
Retardo_10ms                      0000003C
Retardo_10s                       0000004E
Retardo_1Decima                   00000057
Retardo_1ms                       00000042
Retardo_1s                        00000054
Retardo_200micros                 00000027
Retardo_200ms                     00000034
Retardo_20micros                  0000002F
Retardo_20ms                      0000003A
Retardo_20s                       0000004C
Retardo_2ms                       00000040
Retardo_2s                        00000052
Retardo_4micros                   00000023
Retardo_500micros                 00000024
Retardo_500ms                     00000056
Retardo_50micros                  0000002C
Retardo_50ms                      00000038
Retardo_5micros                   00000022
Retardo_5ms                       0000003E
Retardo_5s                        00000050
Retardos_ms                       00000043
Rmicros_Bucle                     00000031
S                                 00000003
SEN                               00000000
SIETE_SEGMENTOS                   00000012
SMP                               00000007
SPBRG                             00000099
SPEN                              00000007
SREN                              00000005
SSPADD                            00000093
SSPBUF                            00000013
SSPCON                            00000014
SSPCON2                           00000091
SSPEN                             00000005
SSPIE                             00000003
SSPIF                             00000003
SSPM0                             00000000
SSPM1                             00000001
SSPM2                             00000002
SSPM3                             00000003
SSPOV                             00000006
SSPSTAT                           00000094
STATUS                            00000003
SYNC                              00000004
T0CS                              00000005
T0IE                              00000005
T0IF                              00000002
T0SE                              00000004
MPASM 5.75                CONTADOR_TABLA.ASM   11-4-2017  22:35:52         PAGE 12


SYMBOL TABLE
  LABEL                             VALUE 

T1CKPS0                           00000004
T1CKPS1                           00000005
T1CON                             00000010
T1INSYNC                          00000002
T1OSCEN                           00000003
T1SYNC                            00000002
T2CKPS0                           00000000
T2CKPS1                           00000001
T2CON                             00000012
TABLA                             00000013
TMR0                              00000001
TMR0IE                            00000005
TMR0IF                            00000002
TMR1                              0000000E
TMR1CS                            00000001
TMR1H                             0000000F
TMR1IE                            00000000
TMR1IF                            00000000
TMR1L                             0000000E
TMR1ON                            00000000
TMR2                              00000011
TMR2IE                            00000001
TMR2IF                            00000001
TMR2ON                            00000002
TOUTPS0                           00000003
TOUTPS1                           00000004
TOUTPS2                           00000005
TOUTPS3                           00000006
TRISA                             00000085
TRISA0                            00000000
TRISA1                            00000001
TRISA2                            00000002
TRISA3                            00000003
TRISA4                            00000004
TRISA5                            00000005
TRISB                             00000086
TRISB0                            00000000
TRISB1                            00000001
TRISB2                            00000002
TRISB3                            00000003
TRISB4                            00000004
TRISB5                            00000005
TRISB6                            00000006
TRISB7                            00000007
TRISC                             00000087
TRISC0                            00000000
TRISC1                            00000001
TRISC2                            00000002
TRISC3                            00000003
TRISC4                            00000004
TRISC5                            00000005
TRISC6                            00000006
TRISC7                            00000007
MPASM 5.75                CONTADOR_TABLA.ASM   11-4-2017  22:35:52         PAGE 13


SYMBOL TABLE
  LABEL                             VALUE 

TRISD                             00000088
TRISD0                            00000000
TRISD1                            00000001
TRISD2                            00000002
TRISD3                            00000003
TRISD4                            00000004
TRISD5                            00000005
TRISD6                            00000006
TRISD7                            00000007
TRISE                             00000089
TRISE0                            00000000
TRISE1                            00000001
TRISE2                            00000002
TRMT                              00000001
TX8_9                             00000006
TX9                               00000006
TX9D                              00000000
TXD8                              00000000
TXEN                              00000005
TXIE                              00000004
TXIF                              00000004
TXREG                             00000019
TXSTA                             00000098
UA                                00000001
W                                 00000000
WCOL                              00000007
WR                                00000001
WREN                              00000002
WRERR                             00000003
Z                                 00000002
_BODEN_OFF                        00003FBF
_BODEN_ON                         00003FFF
_BOREN_OFF                        00003FBF
_BOREN_ON                         00003FFF
_CONFIG                           00002007
_CPD_OFF                          00003FFF
_CPD_ON                           00003EFF
_CP_ALL                           00001FFF
_CP_OFF                           00003FFF
_CP_ON                            00001FFF
_DEBUG_OFF                        00003FFF
_DEBUG_ON                         000037FF
_DEVID1                           00002006
_FOSC_EXTRC                       00003FFF
_FOSC_HS                          00003FFE
_FOSC_LP                          00003FFC
_FOSC_XT                          00003FFD
_HS_OSC                           00003FFE
_IDLOC0                           00002000
_IDLOC1                           00002001
_IDLOC2                           00002002
_IDLOC3                           00002003
_LP_OSC                           00003FFC
MPASM 5.75                CONTADOR_TABLA.ASM   11-4-2017  22:35:52         PAGE 14


SYMBOL TABLE
  LABEL                             VALUE 

_LVP_OFF                          00003F7F
_LVP_ON                           00003FFF
_PWRTE_OFF                        00003FFF
_PWRTE_ON                         00003FF7
_RC_OSC                           00003FFF
_WDTE_OFF                         00003FFB
_WDTE_ON                          00003FFF
_WDT_OFF                          00003FFB
_WDT_ON                           00003FFF
_WRT_1FOURTH                      00003BFF
_WRT_256                          00003DFF
_WRT_HALF                         000039FF
_WRT_OFF                          00003FFF
_XT_OSC                           00003FFD
__16F84A                          00000001

Errors   :     0
Warnings :     1 reported,     0 suppressed
Messages :     1 reported,     0 suppressed

